using random seed 1632264114
This emulator compiled with JTAG Remote Bitbang client. To enable, use +jtag_rbb_enable=1.
Listening on port 38037
== Loading device model file '/home/fleker/Desktop/chipyard/generators/testchipip/src/main/resources/dramsim2_ini/DDR3_micron_64M_8B_x4_sg15.ini' == 
== Loading system model file '/home/fleker/Desktop/chipyard/generators/testchipip/src/main/resources/dramsim2_ini/system.ini' == 
===== MemorySystem 0 =====
CH. 0 TOTAL_STORAGE : 4096MB | 1 Ranks | 16 Devices per rank
DRAMSim2 Clock Frequency =666666666Hz, CPU Clock Frequency=100000000Hz
C0:         19 [1] pc=[0000000000010040] W[r10=0000000000010040][1] R[r 0=0000000000000000] R[r 0=0000000000000000] inst=[00000517] auipc   a0, 0x0
C0:         20 [1] pc=[0000000000010044] W[r10=0000000000010000][1] R[r10=0000000000010040] R[r 0=0000000000000000] inst=[fc050513] addi    a0, a0, -64
C0:         21 [1] pc=[0000000000010048] W[r 0=0000000000000000][1] R[r10=0000000000010000] R[r 0=0000000000000000] inst=[30551073] csrw    unknown_305, a0
C0:         26 [1] pc=[000000000001004c] W[r 5=800000000094112d][1] R[r 0=0000000000000000] R[r 0=0000000000000000] inst=[301022f3] csrr    t0, unknown_301
C0:         29 [1] pc=[0000000000010050] W[r 5=ffffe00000000025][1] R[r 5=800000000094112d] R[r 0=0000000000000000] inst=[4122d293] srai    t0, t0, 18
C0:         30 [1] pc=[0000000000010054] W[r 5=0000000000000001][1] R[r 5=ffffe00000000025] R[r 0=0000000000000000] inst=[0012f293] andi    t0, t0, 1
C0:         31 [1] pc=[0000000000010058] W[r 0=0000000000000000][0] R[r 5=0000000000000001] R[r 0=0000000000000000] inst=[00028463] beqz    t0, pc + 8
C0:         32 [1] pc=[000000000001005c] W[r 0=0000000000000000][1] R[r 0=0000000000000000] R[r 0=0000000000000000] inst=[30301073] csrw    unknown_303, zero
C0:         37 [1] pc=[0000000000010060] W[r10=0000000000000008][1] R[r 0=0000000000000000] R[r 0=0000000000000000] inst=[00800513] li      a0, 8
C0:         38 [1] pc=[0000000000010064] W[r 0=0000000000000000][1] R[r10=0000000000000008] R[r 0=0000000000000000] inst=[30451073] csrw    unknown_304, a0
C0:         43 [1] pc=[0000000000010068] W[r 0=0000000a00001800][1] R[r10=0000000000000008] R[r 0=0000000000000000] inst=[30052073] csrs    unknown_300, a0
C0:         48 [1] pc=[000000000001006c] W[r 0=0000000000000000][0] R[r 0=0000000000000000] R[r 0=0000000000000000] inst=[10500073] wfi
C0:         51 [0] pc=[0000000000010070] W[r 0=0000000000000000][0] R[r31=0000000000000008] R[r 0=0000000000000000] inst=[ffdff06f] j       pc - 0x4
C0:         70 [1] pc=[0000000000010000] W[r11=0000000002000000][1] R[r 0=0000000000000000] R[r 0=0000000000000000] inst=[020005b7] lui     a1, 0x2000
C0:         71 [1] pc=[0000000000010004] W[r10=0000000000000000][1] R[r 0=0000000000000000] R[r 0=0000000000000000] inst=[f1402573] csrr    a0, unknown_f14
C0:         74 [1] pc=[0000000000010008] W[r 0=0000000000000000][0] R[r10=0000000000000000] R[r 0=0000000000000000] inst=[00050463] beqz    a0, pc + 8
C0:         78 [1] pc=[0000000000010010] W[r12=0000000002000004][1] R[r11=0000000002000000] R[r 0=0000000000000000] inst=[00458613] addi    a2, a1, 4
C0:         79 [1] pc=[0000000000010014] W[r13=0000000000000001][1] R[r 0=0000000000000000] R[r 0=0000000000000000] inst=[00100693] li      a3, 1
C0:         80 [1] pc=[0000000000010018] W[r 0=0000000000000000][0] R[r12=0000000002000004] R[r13=0000000000000001] inst=[00d62023] sw      a3, 0(a2)
C0:         81 [1] pc=[000000000001001c] W[r12=0000000002000008][1] R[r12=0000000002000004] R[r 0=0000000000000000] inst=[00460613] addi    a2, a2, 4
C0:         87 [1] pc=[0000000000010020] W[r13=0000000000000000][0] R[r12=0000000002000008] R[r 0=0000000000000000] inst=[ffc62683] lw      a3, -4(a2)
C0:         95 [1] pc=[0000000000010024] W[r 0=0000000000000000][0] R[r13=0000000000000000] R[r 0=0000000000000000] inst=[fe069ae3] bnez    a3, pc - 12
C0:         96 [1] pc=[0000000000010028] W[r 0=000000000001002c][1] R[r 0=0000000000000000] R[r 0=0000000000000000] inst=[05c0006f] j       pc + 0x5c
C0:        116 [1] pc=[0000000000010084] W[r 0=0000000000000000][0] R[r11=0000000002000000] R[r 0=0000000000000000] inst=[0005a023] sw      zero, 0(a1)
C0:        117 [1] pc=[0000000000010088] W[r10=0000000000004000][1] R[r 0=0000000000000000] R[r 0=0000000000000000] inst=[00004537] lui     a0, 0x4
C0:        123 [1] pc=[000000000001008c] W[r10=0000000000000000][0] R[r10=0000000000004000] R[r 0=0000000000000000] inst=[00056503] lwu     a0, 0(a0)
C0:        135 [1] pc=[0000000000010090] W[r 0=0000000000010070][1] R[r10=0000000080000000] R[r 0=0000000000000000] inst=[34151073] csrw    unknown_341, a0
C0:        136 [1] pc=[0000000000010094] W[r10=0000000000000000][1] R[r 0=0000000000000000] R[r 0=0000000000000000] inst=[f1402573] csrr    a0, unknown_f14
C0:        137 [1] pc=[0000000000010098] W[r11=0000000000010098][1] R[r 0=0000000000000000] R[r 0=0000000000000000] inst=[00000597] auipc   a1, 0x0
C0:        138 [1] pc=[000000000001009c] W[r11=00000000000100b0][1] R[r11=0000000000010098] R[r 0=0000000000000000] inst=[01858593] addi    a1, a1, 24
C0:        139 [1] pc=[00000000000100a0] W[r12=0000000000000080][1] R[r 0=0000000000000000] R[r 0=0000000000000000] inst=[08000613] li      a2, 128
C0:        140 [1] pc=[00000000000100a4] W[r 0=0000000a00001880][1] R[r12=0000000000000080] R[r 0=0000000000000000] inst=[30063073] csrc    unknown_300, a2
C0:        145 [1] pc=[00000000000100a8] W[r 0=0000000000000000][0] R[r 0=0000000000000000] R[r 0=0000000000000000] inst=[30200073] mret
C0:        166 [1] pc=[0000000080000000] W[r 0=0000000080000004][1] R[r 0=0000000000000000] R[r 0=0000000000000000] inst=[0840006f] j       pc + 0x84
C0:        189 [1] pc=[0000000080000084] W[r 1=0000000000000000][1] R[r 0=0000000000000000] R[r 0=0000000000000000] inst=[00000093] li      ra, 0
C0:        190 [1] pc=[0000000080000088] W[r 2=0000000000000000][1] R[r 0=0000000000000000] R[r 0=0000000000000000] inst=[00000113] li      sp, 0
C0:        191 [1] pc=[000000008000008c] W[r 3=0000000000000000][1] R[r 0=0000000000000000] R[r 0=0000000000000000] inst=[00000193] li      gp, 0
C0:        192 [1] pc=[0000000080000090] W[r 4=0000000000000000][1] R[r 0=0000000000000000] R[r 0=0000000000000000] inst=[00000213] li      tp, 0
C0:        193 [1] pc=[0000000080000094] W[r 5=0000000000000000][1] R[r 0=0000000000000000] R[r 0=0000000000000000] inst=[00000293] li      t0, 0
C0:        194 [1] pc=[0000000080000098] W[r 6=0000000000000000][1] R[r 0=0000000000000000] R[r 0=0000000000000000] inst=[00000313] li      t1, 0
C0:        195 [1] pc=[000000008000009c] W[r 7=0000000000000000][1] R[r 0=0000000000000000] R[r 0=0000000000000000] inst=[00000393] li      t2, 0
C0:        196 [1] pc=[00000000800000a0] W[r 8=0000000000000000][1] R[r 0=0000000000000000] R[r 0=0000000000000000] inst=[00000413] li      s0, 0
C0:        197 [1] pc=[00000000800000a4] W[r 9=0000000000000000][1] R[r 0=0000000000000000] R[r 0=0000000000000000] inst=[00000493] li      s1, 0
C0:        198 [1] pc=[00000000800000a8] W[r10=0000000000000000][1] R[r 0=0000000000000000] R[r 0=0000000000000000] inst=[00000513] li      a0, 0
C0:        199 [1] pc=[00000000800000ac] W[r11=0000000000000000][1] R[r 0=0000000000000000] R[r 0=0000000000000000] inst=[00000593] li      a1, 0
C0:        200 [1] pc=[00000000800000b0] W[r12=0000000000000000][1] R[r 0=0000000000000000] R[r 0=0000000000000000] inst=[00000613] li      a2, 0
C0:        201 [1] pc=[00000000800000b4] W[r13=0000000000000000][1] R[r 0=0000000000000000] R[r 0=0000000000000000] inst=[00000693] li      a3, 0
C0:        202 [1] pc=[00000000800000b8] W[r14=0000000000000000][1] R[r 0=0000000000000000] R[r 0=0000000000000000] inst=[00000713] li      a4, 0
C0:        203 [1] pc=[00000000800000bc] W[r15=0000000000000000][1] R[r 0=0000000000000000] R[r 0=0000000000000000] inst=[00000793] li      a5, 0
C0:        225 [1] pc=[00000000800000c0] W[r16=0000000000000000][1] R[r 0=0000000000000000] R[r 0=0000000000000000] inst=[00000813] li      a6, 0
C0:        226 [1] pc=[00000000800000c4] W[r17=0000000000000000][1] R[r 0=0000000000000000] R[r 0=0000000000000000] inst=[00000893] li      a7, 0
C0:        227 [1] pc=[00000000800000c8] W[r18=0000000000000000][1] R[r 0=0000000000000000] R[r 0=0000000000000000] inst=[00000913] li      s2, 0
C0:        228 [1] pc=[00000000800000cc] W[r19=0000000000000000][1] R[r 0=0000000000000000] R[r 0=0000000000000000] inst=[00000993] li      s3, 0
C0:        229 [1] pc=[00000000800000d0] W[r20=0000000000000000][1] R[r 0=0000000000000000] R[r 0=0000000000000000] inst=[00000a13] li      s4, 0
C0:        230 [1] pc=[00000000800000d4] W[r21=0000000000000000][1] R[r 0=0000000000000000] R[r 0=0000000000000000] inst=[00000a93] li      s5, 0
C0:        231 [1] pc=[00000000800000d8] W[r22=0000000000000000][1] R[r 0=0000000000000000] R[r 0=0000000000000000] inst=[00000b13] li      s6, 0
C0:        232 [1] pc=[00000000800000dc] W[r23=0000000000000000][1] R[r 0=0000000000000000] R[r 0=0000000000000000] inst=[00000b93] li      s7, 0
C0:        233 [1] pc=[00000000800000e0] W[r24=0000000000000000][1] R[r 0=0000000000000000] R[r 0=0000000000000000] inst=[00000c13] li      s8, 0
C0:        234 [1] pc=[00000000800000e4] W[r25=0000000000000000][1] R[r 0=0000000000000000] R[r 0=0000000000000000] inst=[00000c93] li      s9, 0
C0:        235 [1] pc=[00000000800000e8] W[r26=0000000000000000][1] R[r 0=0000000000000000] R[r 0=0000000000000000] inst=[00000d13] li      s10, 0
C0:        236 [1] pc=[00000000800000ec] W[r27=0000000000000000][1] R[r 0=0000000000000000] R[r 0=0000000000000000] inst=[00000d93] li      s11, 0
C0:        237 [1] pc=[00000000800000f0] W[r28=0000000000000000][1] R[r 0=0000000000000000] R[r 0=0000000000000000] inst=[00000e13] li      t3, 0
C0:        238 [1] pc=[00000000800000f4] W[r29=0000000000000000][1] R[r 0=0000000000000000] R[r 0=0000000000000000] inst=[00000e93] li      t4, 0
C0:        239 [1] pc=[00000000800000f8] W[r30=0000000000000000][1] R[r 0=0000000000000000] R[r 0=0000000000000000] inst=[00000f13] li      t5, 0
C0:        240 [1] pc=[00000000800000fc] W[r31=0000000000000000][1] R[r 0=0000000000000000] R[r 0=0000000000000000] inst=[00000f93] li      t6, 0
C0:        262 [1] pc=[0000000080000100] W[r10=0000000000000000][1] R[r 0=0000000000000000] R[r 0=0000000000000000] inst=[f1402573] csrr    a0, unknown_f14
C0:        265 [1] pc=[0000000080000104] W[r 0=0000000000000000][0] R[r10=0000000000000000] R[r 0=0000000000000000] inst=[00051063] bnez    a0, pc + 0
C0:        266 [1] pc=[0000000080000108] W[r 5=0000000080000108][1] R[r 0=0000000000000000] R[r 0=0000000000000000] inst=[00000297] auipc   t0, 0x0
C0:        267 [1] pc=[000000008000010c] W[r 5=0000000080000118][1] R[r 5=0000000080000108] R[r 0=0000000000000000] inst=[01028293] addi    t0, t0, 16
C0:        268 [1] pc=[0000000080000110] W[r 0=0000000000010000][1] R[r 5=0000000080000118] R[r 0=0000000000000000] inst=[30529073] csrw    unknown_305, t0
C0:        273 [1] pc=[0000000080000114] W[r 0=0000000000000000][1] R[r 0=0000000000000000] R[r 0=0000000000000000] inst=[18005073] csrwi   unknown_180, 0
C0:        278 [1] pc=[0000000080000118] W[r 5=0000000080000118][1] R[r 0=0000000000000000] R[r 0=0000000000000000] inst=[00000297] auipc   t0, 0x0
C0:        279 [1] pc=[000000008000011c] W[r 5=000000008000013c][1] R[r 5=0000000080000118] R[r 0=0000000000000000] inst=[02428293] addi    t0, t0, 36
C0:        280 [1] pc=[0000000080000120] W[r 0=0000000080000118][1] R[r 5=000000008000013c] R[r 0=0000000000000000] inst=[30529073] csrw    unknown_305, t0
C0:        285 [1] pc=[0000000080000124] W[r 5=0000000000000001][1] R[r 0=0000000000000000] R[r 0=0000000000000000] inst=[0010029b] addiw   t0, zero, 1
C0:        286 [1] pc=[0000000080000128] W[r 5=0020000000000000][1] R[r 5=0000000000000001] R[r 0=0000000000000000] inst=[03529293] slli    t0, t0, 53
C0:        287 [1] pc=[000000008000012c] W[r 5=001fffffffffffff][1] R[r 5=0020000000000000] R[r 0=0000000000000000] inst=[fff28293] addi    t0, t0, -1
C0:        288 [1] pc=[0000000080000130] W[r 0=0000000000000000][1] R[r 5=001fffffffffffff] R[r 0=0000000000000000] inst=[3b029073] csrw    unknown_3b0, t0
C0:        293 [1] pc=[0000000080000134] W[r 5=000000000000001f][1] R[r 0=0000000000000000] R[r 0=0000000000000000] inst=[01f00293] li      t0, 31
C0:        294 [1] pc=[0000000080000138] W[r 0=0000000000000000][1] R[r 5=000000000000001f] R[r 0=0000000000000000] inst=[3a029073] csrw    unknown_3a0, t0
C0:        299 [1] pc=[000000008000013c] W[r 0=0000000000000008][1] R[r 0=0000000000000000] R[r 0=0000000000000000] inst=[30405073] csrwi   unknown_304, 0
C0:        316 [1] pc=[0000000080000140] W[r 5=0000000080000140][1] R[r 0=0000000000000000] R[r 0=0000000000000000] inst=[00000297] auipc   t0, 0x0
C0:        317 [1] pc=[0000000080000144] W[r 5=0000000080000154][1] R[r 5=0000000080000140] R[r 0=0000000000000000] inst=[01428293] addi    t0, t0, 20
C0:        318 [1] pc=[0000000080000148] W[r 0=000000008000013c][1] R[r 5=0000000080000154] R[r 0=0000000000000000] inst=[30529073] csrw    unknown_305, t0
C0:        323 [1] pc=[000000008000014c] W[r 0=0000000000000000][1] R[r 0=0000000000000000] R[r 0=0000000000000000] inst=[30205073] csrwi   unknown_302, 0
C0:        328 [1] pc=[0000000080000150] W[r 0=0000000000000000][1] R[r 0=0000000000000000] R[r 0=0000000000000000] inst=[30305073] csrwi   unknown_303, 0
C0:        333 [1] pc=[0000000080000154] W[r 3=0000000000000000][1] R[r 0=0000000000000000] R[r 0=0000000000000000] inst=[00000193] li      gp, 0
C0:        334 [1] pc=[0000000080000158] W[r 5=0000000080000158][1] R[r 0=0000000000000000] R[r 0=0000000000000000] inst=[00000297] auipc   t0, 0x0
C0:        335 [1] pc=[000000008000015c] W[r 5=0000000080000004][1] R[r 5=0000000080000158] R[r 0=0000000000000000] inst=[eac28293] addi    t0, t0, -340
C0:        336 [1] pc=[0000000080000160] W[r 0=0000000080000154][1] R[r 5=0000000080000004] R[r 0=0000000000000000] inst=[30529073] csrw    unknown_305, t0
C0:        341 [1] pc=[0000000080000164] W[r10=0000000000000001][1] R[r 0=0000000000000000] R[r 0=0000000000000000] inst=[00100513] li      a0, 1
C0:        342 [1] pc=[0000000080000168] W[r10=0000000080000000][1] R[r10=0000000000000001] R[r 0=0000000000000000] inst=[01f51513] slli    a0, a0, 31
C0:        343 [1] pc=[000000008000016c] W[r 0=0000000000000000][0] R[r10=0000000080000000] R[r 0=0000000000000000] inst=[00055c63] bgez    a0, pc + 24
C0:        368 [1] pc=[0000000080000184] W[r 5=0000000000000184][1] R[r 0=0000000000000000] R[r 0=0000000000000000] inst=[80000297] auipc   t0, 0x80000
C0:        369 [1] pc=[0000000080000188] W[r 5=0000000000000000][1] R[r 5=0000000000000184] R[r 0=0000000000000000] inst=[e7c28293] addi    t0, t0, -388
C0:        370 [1] pc=[000000008000018c] W[r 0=0000000000000000][0] R[r 5=0000000000000000] R[r 0=0000000000000000] inst=[00028a63] beqz    t0, pc + 20
C0:        374 [1] pc=[00000000800001a0] W[r 0=0000000a00000080][1] R[r 0=0000000000000000] R[r 0=0000000000000000] inst=[30005073] csrwi   unknown_300, 0
C0:        379 [1] pc=[00000000800001a4] W[r 5=00000000800001a4][1] R[r 0=0000000000000000] R[r 0=0000000000000000] inst=[00000297] auipc   t0, 0x0
C0:        380 [1] pc=[00000000800001a8] W[r 5=00000000800001b8][1] R[r 5=00000000800001a4] R[r 0=0000000000000000] inst=[01428293] addi    t0, t0, 20
C0:        381 [1] pc=[00000000800001ac] W[r 0=0000000080000000][1] R[r 5=00000000800001b8] R[r 0=0000000000000000] inst=[34129073] csrw    unknown_341, t0
C0:        382 [1] pc=[00000000800001b0] W[r10=0000000000000000][1] R[r 0=0000000000000000] R[r 0=0000000000000000] inst=[f1402573] csrr    a0, unknown_f14
C0:        383 [1] pc=[00000000800001b4] W[r 0=0000000000000000][0] R[r 0=0000000000000000] R[r 0=0000000000000000] inst=[30200073] mret
C0:        388 [1] pc=[00000000800001b8] W[r 1=0000000000000000][1] R[r 0=0000000000000000] R[r 0=0000000000000000] inst=[00000093] li      ra, 0
C0:        389 [1] pc=[00000000800001bc] W[r 2=0000000000000000][1] R[r 0=0000000000000000] R[r 0=0000000000000000] inst=[00000113] li      sp, 0
C0:        411 [1] pc=[00000000800001c0] W[r14=0000000000000000][0] R[r 1=0000000000000000] R[r 2=0000000000000000] inst=[02209733] mulh    a4, ra, sp
C0:        412 [1] pc=[00000000800001c4] W[r 7=0000000000000000][1] R[r 0=0000000000000000] R[r 0=0000000000000000] inst=[00000393] li      t2, 0
C0:        413 [1] pc=[00000000800001c8] W[r 3=0000000000000002][1] R[r 0=0000000000000000] R[r 0=0000000000000000] inst=[00200193] li      gp, 2
C0:        421 [1] pc=[00000000800001cc] W[r 0=0000000000000000][0] R[r14=0000000000000000] R[r 7=0000000000000000] inst=[46771063] bne     a4, t2, pc + 1120
C0:        422 [1] pc=[00000000800001d0] W[r 1=0000000000000001][1] R[r 0=0000000000000000] R[r 0=0000000000000000] inst=[00100093] li      ra, 1
C0:        423 [1] pc=[00000000800001d4] W[r 2=0000000000000001][1] R[r 0=0000000000000000] R[r 0=0000000000000000] inst=[00100113] li      sp, 1
C0:        424 [1] pc=[00000000800001d8] W[r14=0000000000000000][0] R[r 1=0000000000000001] R[r 2=0000000000000001] inst=[02209733] mulh    a4, ra, sp
C0:        425 [1] pc=[00000000800001dc] W[r 7=0000000000000000][1] R[r 0=0000000000000000] R[r 0=0000000000000000] inst=[00000393] li      t2, 0
C0:        426 [1] pc=[00000000800001e0] W[r 3=0000000000000003][1] R[r 0=0000000000000000] R[r 0=0000000000000000] inst=[00300193] li      gp, 3
C0:        434 [1] pc=[00000000800001e4] W[r 0=0000000000000000][0] R[r14=0000000000000000] R[r 7=0000000000000000] inst=[44771463] bne     a4, t2, pc + 1096
C0:        435 [1] pc=[00000000800001e8] W[r 1=0000000000000003][1] R[r 0=0000000000000000] R[r 0=0000000000000000] inst=[00300093] li      ra, 3
C0:        436 [1] pc=[00000000800001ec] W[r 2=0000000000000007][1] R[r 0=0000000000000000] R[r 0=0000000000000000] inst=[00700113] li      sp, 7
C0:        437 [1] pc=[00000000800001f0] W[r14=0000000000000000][0] R[r 1=0000000000000003] R[r 2=0000000000000007] inst=[02209733] mulh    a4, ra, sp
C0:        438 [1] pc=[00000000800001f4] W[r 7=0000000000000000][1] R[r 0=0000000000000000] R[r 0=0000000000000000] inst=[00000393] li      t2, 0
C0:        439 [1] pc=[00000000800001f8] W[r 3=0000000000000004][1] R[r 0=0000000000000000] R[r 0=0000000000000000] inst=[00400193] li      gp, 4
C0:        447 [1] pc=[00000000800001fc] W[r 0=0000000000000000][0] R[r14=0000000000000000] R[r 7=0000000000000000] inst=[42771863] bne     a4, t2, pc + 1072
C0:        469 [1] pc=[0000000080000200] W[r 1=0000000000000000][1] R[r 0=0000000000000000] R[r 0=0000000000000000] inst=[00000093] li      ra, 0
C0:        470 [1] pc=[0000000080000204] W[r 2=ffffffffffff8000][1] R[r 0=0000000000000000] R[r 0=0000000000000000] inst=[ffff8137] lui     sp, 0xffff8
C0:        471 [1] pc=[0000000080000208] W[r14=0000000000000000][0] R[r 1=0000000000000000] R[r 2=ffffffffffff8000] inst=[02209733] mulh    a4, ra, sp
C0:        472 [1] pc=[000000008000020c] W[r 7=0000000000000000][1] R[r 0=0000000000000000] R[r 0=0000000000000000] inst=[00000393] li      t2, 0
C0:        473 [1] pc=[0000000080000210] W[r 3=0000000000000005][1] R[r 0=0000000000000000] R[r 0=0000000000000000] inst=[00500193] li      gp, 5
C0:        481 [1] pc=[0000000080000214] W[r 0=0000000000000000][0] R[r14=0000000000000000] R[r 7=0000000000000000] inst=[40771c63] bne     a4, t2, pc + 1048
C0:        482 [1] pc=[0000000080000218] W[r 1=ffffffff80000000][1] R[r 0=0000000000000000] R[r 0=0000000000000000] inst=[800000b7] lui     ra, 0x80000
C0:        483 [1] pc=[000000008000021c] W[r 2=0000000000000000][1] R[r 0=0000000000000000] R[r 0=0000000000000000] inst=[00000113] li      sp, 0
C0:        484 [1] pc=[0000000080000220] W[r14=0000000000000000][0] R[r 1=ffffffff80000000] R[r 2=0000000000000000] inst=[02209733] mulh    a4, ra, sp
C0:        485 [1] pc=[0000000080000224] W[r 7=0000000000000000][1] R[r 0=0000000000000000] R[r 0=0000000000000000] inst=[00000393] li      t2, 0
C0:        486 [1] pc=[0000000080000228] W[r 3=0000000000000006][1] R[r 0=0000000000000000] R[r 0=0000000000000000] inst=[00600193] li      gp, 6
C0:        494 [1] pc=[000000008000022c] W[r 0=0000000000000000][0] R[r14=0000000000000000] R[r 7=0000000000000000] inst=[40771063] bne     a4, t2, pc + 1024
C0:        495 [1] pc=[0000000080000230] W[r 1=ffffffff80000000][1] R[r 0=0000000000000000] R[r 0=0000000000000000] inst=[800000b7] lui     ra, 0x80000
C0:        496 [1] pc=[0000000080000234] W[r 2=ffffffffffff8000][1] R[r 0=0000000000000000] R[r 0=0000000000000000] inst=[ffff8137] lui     sp, 0xffff8
C0:        497 [1] pc=[0000000080000238] W[r14=0000000000000000][0] R[r 1=ffffffff80000000] R[r 2=ffffffffffff8000] inst=[02209733] mulh    a4, ra, sp
C0:        498 [1] pc=[000000008000023c] W[r 7=0000000000000000][1] R[r 0=0000000000000000] R[r 0=0000000000000000] inst=[00000393] li      t2, 0
C0:        520 [1] pc=[0000000080000240] W[r 3=0000000000000007][1] R[r 0=0000000000000000] R[r 0=0000000000000000] inst=[00700193] li      gp, 7
C0:        521 [1] pc=[0000000080000244] W[r 0=0000000000000000][0] R[r14=0000000000000000] R[r 7=0000000000000000] inst=[3e771463] bne     a4, t2, pc + 1000
C0:        522 [1] pc=[0000000080000248] W[r 1=000000000000000d][1] R[r 0=0000000000000000] R[r 0=0000000000000000] inst=[00d0009b] addiw   ra, zero, 13
C0:        523 [1] pc=[000000008000024c] W[r 1=0000000d00000000][1] R[r 1=000000000000000d] R[r 0=0000000000000000] inst=[02009093] slli    ra, ra, 32
C0:        524 [1] pc=[0000000080000250] W[r 2=000000000000000b][1] R[r 0=0000000000000000] R[r 0=0000000000000000] inst=[00b0011b] addiw   sp, zero, 11
C0:        525 [1] pc=[0000000080000254] W[r 2=0000000b00000000][1] R[r 2=000000000000000b] R[r 0=0000000000000000] inst=[02011113] slli    sp, sp, 32
C0:        526 [1] pc=[0000000080000258] W[r 1=0000000000000000][0] R[r 1=0000000d00000000] R[r 2=0000000b00000000] inst=[022090b3] mulh    ra, ra, sp
C0:        527 [1] pc=[000000008000025c] W[r 7=000000000000008f][1] R[r 0=0000000000000000] R[r 0=0000000000000000] inst=[08f00393] li      t2, 143
C0:        528 [1] pc=[0000000080000260] W[r 3=0000000000000008][1] R[r 0=0000000000000000] R[r 0=0000000000000000] inst=[00800193] li      gp, 8
C0:        536 [1] pc=[0000000080000264] W[r 0=0000000000000000][0] R[r 1=000000000000008f] R[r 7=000000000000008f] inst=[3c709463] bne     ra, t2, pc + 968
C0:        537 [1] pc=[0000000080000268] W[r 1=0000000000000007][1] R[r 0=0000000000000000] R[r 0=0000000000000000] inst=[0070009b] addiw   ra, zero, 7
C0:        538 [1] pc=[000000008000026c] W[r 1=0000000e00000000][1] R[r 1=0000000000000007] R[r 0=0000000000000000] inst=[02109093] slli    ra, ra, 33
C0:        539 [1] pc=[0000000080000270] W[r 2=000000000000000b][1] R[r 0=0000000000000000] R[r 0=0000000000000000] inst=[00b0011b] addiw   sp, zero, 11
C0:        540 [1] pc=[0000000080000274] W[r 2=0000000b00000000][1] R[r 2=000000000000000b] R[r 0=0000000000000000] inst=[02011113] slli    sp, sp, 32
C0:        541 [1] pc=[0000000080000278] W[r 2=0000000000000000][0] R[r 1=0000000e00000000] R[r 2=0000000b00000000] inst=[02209133] mulh    sp, ra, sp
C0:        542 [1] pc=[000000008000027c] W[r 7=000000000000009a][1] R[r 0=0000000000000000] R[r 0=0000000000000000] inst=[09a00393] li      t2, 154
C0:        564 [1] pc=[0000000080000280] W[r 3=0000000000000009][1] R[r 0=0000000000000000] R[r 0=0000000000000000] inst=[00900193] li      gp, 9
C0:        565 [1] pc=[0000000080000284] W[r 0=0000000000000000][0] R[r 2=000000000000009a] R[r 7=000000000000009a] inst=[3a711463] bne     sp, t2, pc + 936
C0:        566 [1] pc=[0000000080000288] W[r 1=000000000000000d][1] R[r 0=0000000000000000] R[r 0=0000000000000000] inst=[00d0009b] addiw   ra, zero, 13
C0:        567 [1] pc=[000000008000028c] W[r 1=0000000d00000000][1] R[r 1=000000000000000d] R[r 0=0000000000000000] inst=[02009093] slli    ra, ra, 32
C0:        568 [1] pc=[0000000080000290] W[r 1=0000000000000000][0] R[r 1=0000000d00000000] R[r 1=0000000d00000000] inst=[021090b3] mulh    ra, ra, ra
C0:        569 [1] pc=[0000000080000294] W[r 7=00000000000000a9][1] R[r 0=0000000000000000] R[r 0=0000000000000000] inst=[0a900393] li      t2, 169
C0:        570 [1] pc=[0000000080000298] W[r 3=000000000000000a][1] R[r 0=0000000000000000] R[r 0=0000000000000000] inst=[00a00193] li      gp, 10
C0:        578 [1] pc=[000000008000029c] W[r 0=0000000000000000][0] R[r 1=00000000000000a9] R[r 7=00000000000000a9] inst=[38709863] bne     ra, t2, pc + 912
C0:        579 [1] pc=[00000000800002a0] W[r 4=0000000000000000][1] R[r 0=0000000000000000] R[r 0=0000000000000000] inst=[00000213] li      tp, 0
C0:        580 [1] pc=[00000000800002a4] W[r 1=000000000000000d][1] R[r 0=0000000000000000] R[r 0=0000000000000000] inst=[00d0009b] addiw   ra, zero, 13
C0:        581 [1] pc=[00000000800002a8] W[r 1=0000000d00000000][1] R[r 1=000000000000000d] R[r 0=0000000000000000] inst=[02009093] slli    ra, ra, 32
C0:        582 [1] pc=[00000000800002ac] W[r 2=000000000000000b][1] R[r 0=0000000000000000] R[r 0=0000000000000000] inst=[00b0011b] addiw   sp, zero, 11
C0:        583 [1] pc=[00000000800002b0] W[r 2=0000000b00000000][1] R[r 2=000000000000000b] R[r 0=0000000000000000] inst=[02011113] slli    sp, sp, 32
C0:        584 [1] pc=[00000000800002b4] W[r14=0000000000000000][0] R[r 1=0000000d00000000] R[r 2=0000000b00000000] inst=[02209733] mulh    a4, ra, sp
C0:        594 [1] pc=[00000000800002b8] W[r 6=000000000000008f][1] R[r14=000000000000008f] R[r 0=0000000000000000] inst=[00070313] mv      t1, a4
C0:        595 [1] pc=[00000000800002bc] W[r 4=0000000000000001][1] R[r 4=0000000000000000] R[r 0=0000000000000000] inst=[00120213] addi    tp, tp, 1
C0:        617 [1] pc=[00000000800002c0] W[r 5=0000000000000002][1] R[r 0=0000000000000000] R[r 0=0000000000000000] inst=[00200293] li      t0, 2
C0:        618 [1] pc=[00000000800002c4] W[r 0=0000000000000000][0] R[r 4=0000000000000001] R[r 5=0000000000000002] inst=[fe5210e3] bne     tp, t0, pc - 32
C0:        622 [1] pc=[00000000800002a4] W[r 1=000000000000000d][1] R[r 0=0000000000000000] R[r 0=0000000000000000] inst=[00d0009b] addiw   ra, zero, 13
C0:        623 [1] pc=[00000000800002a8] W[r 1=0000000d00000000][1] R[r 1=000000000000000d] R[r 0=0000000000000000] inst=[02009093] slli    ra, ra, 32
C0:        624 [1] pc=[00000000800002ac] W[r 2=000000000000000b][1] R[r 0=0000000000000000] R[r 0=0000000000000000] inst=[00b0011b] addiw   sp, zero, 11
C0:        625 [1] pc=[00000000800002b0] W[r 2=0000000b00000000][1] R[r 2=000000000000000b] R[r 0=0000000000000000] inst=[02011113] slli    sp, sp, 32
C0:        626 [1] pc=[00000000800002b4] W[r14=0000000000000000][0] R[r 1=0000000d00000000] R[r 2=0000000b00000000] inst=[02209733] mulh    a4, ra, sp
C0:        636 [1] pc=[00000000800002b8] W[r 6=000000000000008f][1] R[r14=000000000000008f] R[r 0=0000000000000000] inst=[00070313] mv      t1, a4
C0:        637 [1] pc=[00000000800002bc] W[r 4=0000000000000002][1] R[r 4=0000000000000001] R[r 0=0000000000000000] inst=[00120213] addi    tp, tp, 1
C0:        638 [1] pc=[00000000800002c0] W[r 5=0000000000000002][1] R[r 0=0000000000000000] R[r 0=0000000000000000] inst=[00200293] li      t0, 2
C0:        639 [1] pc=[00000000800002c4] W[r 0=0000000000000000][0] R[r 4=0000000000000002] R[r 5=0000000000000002] inst=[fe5210e3] bne     tp, t0, pc - 32
C0:        640 [1] pc=[00000000800002c8] W[r 7=000000000000008f][1] R[r 0=0000000000000000] R[r 0=0000000000000000] inst=[08f00393] li      t2, 143
C0:        641 [1] pc=[00000000800002cc] W[r 3=000000000000000b][1] R[r 0=0000000000000000] R[r 0=0000000000000000] inst=[00b00193] li      gp, 11
C0:        642 [1] pc=[00000000800002d0] W[r 0=0000000000000000][0] R[r 6=000000000000008f] R[r 7=000000000000008f] inst=[34731e63] bne     t1, t2, pc + 860
C0:        643 [1] pc=[00000000800002d4] W[r 4=0000000000000000][1] R[r 0=0000000000000000] R[r 0=0000000000000000] inst=[00000213] li      tp, 0
C0:        644 [1] pc=[00000000800002d8] W[r 1=0000000000000007][1] R[r 0=0000000000000000] R[r 0=0000000000000000] inst=[0070009b] addiw   ra, zero, 7
C0:        645 [1] pc=[00000000800002dc] W[r 1=0000000e00000000][1] R[r 1=0000000000000007] R[r 0=0000000000000000] inst=[02109093] slli    ra, ra, 33
C0:        646 [1] pc=[00000000800002e0] W[r 2=000000000000000b][1] R[r 0=0000000000000000] R[r 0=0000000000000000] inst=[00b0011b] addiw   sp, zero, 11
C0:        647 [1] pc=[00000000800002e4] W[r 2=0000000b00000000][1] R[r 2=000000000000000b] R[r 0=0000000000000000] inst=[02011113] slli    sp, sp, 32
C0:        648 [1] pc=[00000000800002e8] W[r14=0000000000000000][0] R[r 1=0000000e00000000] R[r 2=0000000b00000000] inst=[02209733] mulh    a4, ra, sp
C0:        649 [1] pc=[00000000800002ec] W[r 0=0000000000000000][1] R[r 0=0000000000000000] R[r 0=0000000000000000] inst=[00000013] nop
C0:        658 [1] pc=[00000000800002f0] W[r 6=000000000000009a][1] R[r14=000000000000009a] R[r 0=0000000000000000] inst=[00070313] mv      t1, a4
C0:        659 [1] pc=[00000000800002f4] W[r 4=0000000000000001][1] R[r 4=0000000000000000] R[r 0=0000000000000000] inst=[00120213] addi    tp, tp, 1
C0:        660 [1] pc=[00000000800002f8] W[r 5=0000000000000002][1] R[r 0=0000000000000000] R[r 0=0000000000000000] inst=[00200293] li      t0, 2
C0:        661 [1] pc=[00000000800002fc] W[r 0=0000000000000000][0] R[r 4=0000000000000001] R[r 5=0000000000000002] inst=[fc521ee3] bne     tp, t0, pc - 36
C0:        665 [1] pc=[00000000800002d8] W[r 1=0000000000000007][1] R[r 0=0000000000000000] R[r 0=0000000000000000] inst=[0070009b] addiw   ra, zero, 7
C0:        666 [1] pc=[00000000800002dc] W[r 1=0000000e00000000][1] R[r 1=0000000000000007] R[r 0=0000000000000000] inst=[02109093] slli    ra, ra, 33
C0:        667 [1] pc=[00000000800002e0] W[r 2=000000000000000b][1] R[r 0=0000000000000000] R[r 0=0000000000000000] inst=[00b0011b] addiw   sp, zero, 11
C0:        668 [1] pc=[00000000800002e4] W[r 2=0000000b00000000][1] R[r 2=000000000000000b] R[r 0=0000000000000000] inst=[02011113] slli    sp, sp, 32
C0:        669 [1] pc=[00000000800002e8] W[r14=0000000000000000][0] R[r 1=0000000e00000000] R[r 2=0000000b00000000] inst=[02209733] mulh    a4, ra, sp
C0:        670 [1] pc=[00000000800002ec] W[r 0=0000000000000000][1] R[r 0=0000000000000000] R[r 0=0000000000000000] inst=[00000013] nop
C0:        679 [1] pc=[00000000800002f0] W[r 6=000000000000009a][1] R[r14=000000000000009a] R[r 0=0000000000000000] inst=[00070313] mv      t1, a4
C0:        680 [1] pc=[00000000800002f4] W[r 4=0000000000000002][1] R[r 4=0000000000000001] R[r 0=0000000000000000] inst=[00120213] addi    tp, tp, 1
C0:        681 [1] pc=[00000000800002f8] W[r 5=0000000000000002][1] R[r 0=0000000000000000] R[r 0=0000000000000000] inst=[00200293] li      t0, 2
C0:        682 [1] pc=[00000000800002fc] W[r 0=0000000000000000][0] R[r 4=0000000000000002] R[r 5=0000000000000002] inst=[fc521ee3] bne     tp, t0, pc - 36
C0:        704 [1] pc=[0000000080000300] W[r 7=000000000000009a][1] R[r 0=0000000000000000] R[r 0=0000000000000000] inst=[09a00393] li      t2, 154
C0:        705 [1] pc=[0000000080000304] W[r 3=000000000000000c][1] R[r 0=0000000000000000] R[r 0=0000000000000000] inst=[00c00193] li      gp, 12
C0:        706 [1] pc=[0000000080000308] W[r 0=0000000000000000][0] R[r 6=000000000000009a] R[r 7=000000000000009a] inst=[32731263] bne     t1, t2, pc + 804
C0:        707 [1] pc=[000000008000030c] W[r 4=0000000000000000][1] R[r 0=0000000000000000] R[r 0=0000000000000000] inst=[00000213] li      tp, 0
C0:        708 [1] pc=[0000000080000310] W[r 1=000000000000000f][1] R[r 0=0000000000000000] R[r 0=0000000000000000] inst=[00f0009b] addiw   ra, zero, 15
C0:        709 [1] pc=[0000000080000314] W[r 1=0000000f00000000][1] R[r 1=000000000000000f] R[r 0=0000000000000000] inst=[02009093] slli    ra, ra, 32
C0:        710 [1] pc=[0000000080000318] W[r 2=000000000000000b][1] R[r 0=0000000000000000] R[r 0=0000000000000000] inst=[00b0011b] addiw   sp, zero, 11
C0:        711 [1] pc=[000000008000031c] W[r 2=0000000b00000000][1] R[r 2=000000000000000b] R[r 0=0000000000000000] inst=[02011113] slli    sp, sp, 32
C0:        712 [1] pc=[0000000080000320] W[r14=0000000000000000][0] R[r 1=0000000f00000000] R[r 2=0000000b00000000] inst=[02209733] mulh    a4, ra, sp
C0:        713 [1] pc=[0000000080000324] W[r 0=0000000000000000][1] R[r 0=0000000000000000] R[r 0=0000000000000000] inst=[00000013] nop
C0:        714 [1] pc=[0000000080000328] W[r 0=0000000000000000][1] R[r 0=0000000000000000] R[r 0=0000000000000000] inst=[00000013] nop
C0:        722 [1] pc=[000000008000032c] W[r 6=00000000000000a5][1] R[r14=00000000000000a5] R[r 0=0000000000000000] inst=[00070313] mv      t1, a4
C0:        723 [1] pc=[0000000080000330] W[r 4=0000000000000001][1] R[r 4=0000000000000000] R[r 0=0000000000000000] inst=[00120213] addi    tp, tp, 1
C0:        724 [1] pc=[0000000080000334] W[r 5=0000000000000002][1] R[r 0=0000000000000000] R[r 0=0000000000000000] inst=[00200293] li      t0, 2
C0:        725 [1] pc=[0000000080000338] W[r 0=0000000000000000][0] R[r 4=0000000000000001] R[r 5=0000000000000002] inst=[fc521ce3] bne     tp, t0, pc - 40
C0:        729 [1] pc=[0000000080000310] W[r 1=000000000000000f][1] R[r 0=0000000000000000] R[r 0=0000000000000000] inst=[00f0009b] addiw   ra, zero, 15
C0:        730 [1] pc=[0000000080000314] W[r 1=0000000f00000000][1] R[r 1=000000000000000f] R[r 0=0000000000000000] inst=[02009093] slli    ra, ra, 32
C0:        731 [1] pc=[0000000080000318] W[r 2=000000000000000b][1] R[r 0=0000000000000000] R[r 0=0000000000000000] inst=[00b0011b] addiw   sp, zero, 11
C0:        732 [1] pc=[000000008000031c] W[r 2=0000000b00000000][1] R[r 2=000000000000000b] R[r 0=0000000000000000] inst=[02011113] slli    sp, sp, 32
C0:        733 [1] pc=[0000000080000320] W[r14=0000000000000000][0] R[r 1=0000000f00000000] R[r 2=0000000b00000000] inst=[02209733] mulh    a4, ra, sp
C0:        734 [1] pc=[0000000080000324] W[r 0=0000000000000000][1] R[r 0=0000000000000000] R[r 0=0000000000000000] inst=[00000013] nop
C0:        735 [1] pc=[0000000080000328] W[r 0=0000000000000000][1] R[r 0=0000000000000000] R[r 0=0000000000000000] inst=[00000013] nop
C0:        743 [1] pc=[000000008000032c] W[r 6=00000000000000a5][1] R[r14=00000000000000a5] R[r 0=0000000000000000] inst=[00070313] mv      t1, a4
C0:        744 [1] pc=[0000000080000330] W[r 4=0000000000000002][1] R[r 4=0000000000000001] R[r 0=0000000000000000] inst=[00120213] addi    tp, tp, 1
C0:        745 [1] pc=[0000000080000334] W[r 5=0000000000000002][1] R[r 0=0000000000000000] R[r 0=0000000000000000] inst=[00200293] li      t0, 2
C0:        746 [1] pc=[0000000080000338] W[r 0=0000000000000000][0] R[r 4=0000000000000002] R[r 5=0000000000000002] inst=[fc521ce3] bne     tp, t0, pc - 40
C0:        750 [1] pc=[000000008000033c] W[r 7=00000000000000a5][1] R[r 0=0000000000000000] R[r 0=0000000000000000] inst=[0a500393] li      t2, 165
C0:        772 [1] pc=[0000000080000340] W[r 3=000000000000000d][1] R[r 0=0000000000000000] R[r 0=0000000000000000] inst=[00d00193] li      gp, 13
C0:        773 [1] pc=[0000000080000344] W[r 0=0000000000000000][0] R[r 6=00000000000000a5] R[r 7=00000000000000a5] inst=[2e731463] bne     t1, t2, pc + 744
C0:        774 [1] pc=[0000000080000348] W[r 4=0000000000000000][1] R[r 0=0000000000000000] R[r 0=0000000000000000] inst=[00000213] li      tp, 0
C0:        775 [1] pc=[000000008000034c] W[r 1=000000000000000d][1] R[r 0=0000000000000000] R[r 0=0000000000000000] inst=[00d0009b] addiw   ra, zero, 13
C0:        776 [1] pc=[0000000080000350] W[r 1=0000000d00000000][1] R[r 1=000000000000000d] R[r 0=0000000000000000] inst=[02009093] slli    ra, ra, 32
C0:        777 [1] pc=[0000000080000354] W[r 2=000000000000000b][1] R[r 0=0000000000000000] R[r 0=0000000000000000] inst=[00b0011b] addiw   sp, zero, 11
C0:        778 [1] pc=[0000000080000358] W[r 2=0000000b00000000][1] R[r 2=000000000000000b] R[r 0=0000000000000000] inst=[02011113] slli    sp, sp, 32
C0:        779 [1] pc=[000000008000035c] W[r14=0000000000000000][0] R[r 1=0000000d00000000] R[r 2=0000000b00000000] inst=[02209733] mulh    a4, ra, sp
C0:        780 [1] pc=[0000000080000360] W[r 4=0000000000000001][1] R[r 4=0000000000000000] R[r 0=0000000000000000] inst=[00120213] addi    tp, tp, 1
C0:        781 [1] pc=[0000000080000364] W[r 5=0000000000000002][1] R[r 0=0000000000000000] R[r 0=0000000000000000] inst=[00200293] li      t0, 2
C0:        782 [1] pc=[0000000080000368] W[r 0=0000000000000000][0] R[r 4=0000000000000001] R[r 5=0000000000000002] inst=[fe5212e3] bne     tp, t0, pc - 28
C0:        786 [1] pc=[000000008000034c] W[r 1=000000000000000d][1] R[r 0=0000000000000000] R[r 0=0000000000000000] inst=[00d0009b] addiw   ra, zero, 13
C0:        787 [1] pc=[0000000080000350] W[r 1=0000000d00000000][1] R[r 1=000000000000000d] R[r 0=0000000000000000] inst=[02009093] slli    ra, ra, 32
C0:        788 [1] pc=[0000000080000354] W[r 2=000000000000000b][1] R[r 0=0000000000000000] R[r 0=0000000000000000] inst=[00b0011b] addiw   sp, zero, 11
C0:        789 [1] pc=[0000000080000358] W[r 2=0000000b00000000][1] R[r 2=000000000000000b] R[r 0=0000000000000000] inst=[02011113] slli    sp, sp, 32
C0:        793 [1] pc=[000000008000035c] W[r14=0000000000000000][0] R[r 1=0000000d00000000] R[r 2=0000000b00000000] inst=[02209733] mulh    a4, ra, sp
C0:        794 [1] pc=[0000000080000360] W[r 4=0000000000000002][1] R[r 4=0000000000000001] R[r 0=0000000000000000] inst=[00120213] addi    tp, tp, 1
C0:        795 [1] pc=[0000000080000364] W[r 5=0000000000000002][1] R[r 0=0000000000000000] R[r 0=0000000000000000] inst=[00200293] li      t0, 2
C0:        796 [1] pc=[0000000080000368] W[r 0=0000000000000000][0] R[r 4=0000000000000002] R[r 5=0000000000000002] inst=[fe5212e3] bne     tp, t0, pc - 28
C0:        800 [1] pc=[000000008000036c] W[r 7=000000000000008f][1] R[r 0=0000000000000000] R[r 0=0000000000000000] inst=[08f00393] li      t2, 143
C0:        801 [1] pc=[0000000080000370] W[r 3=000000000000000e][1] R[r 0=0000000000000000] R[r 0=0000000000000000] inst=[00e00193] li      gp, 14
C0:        805 [1] pc=[0000000080000374] W[r 0=0000000000000000][0] R[r14=000000000000008f] R[r 7=000000000000008f] inst=[2a771c63] bne     a4, t2, pc + 696
C0:        806 [1] pc=[0000000080000378] W[r 4=0000000000000000][1] R[r 0=0000000000000000] R[r 0=0000000000000000] inst=[00000213] li      tp, 0
C0:        807 [1] pc=[000000008000037c] W[r 1=0000000000000007][1] R[r 0=0000000000000000] R[r 0=0000000000000000] inst=[0070009b] addiw   ra, zero, 7
C0:        829 [1] pc=[0000000080000380] W[r 1=0000000e00000000][1] R[r 1=0000000000000007] R[r 0=0000000000000000] inst=[02109093] slli    ra, ra, 33
C0:        830 [1] pc=[0000000080000384] W[r 2=000000000000000b][1] R[r 0=0000000000000000] R[r 0=0000000000000000] inst=[00b0011b] addiw   sp, zero, 11
C0:        831 [1] pc=[0000000080000388] W[r 2=0000000b00000000][1] R[r 2=000000000000000b] R[r 0=0000000000000000] inst=[02011113] slli    sp, sp, 32
C0:        832 [1] pc=[000000008000038c] W[r 0=0000000000000000][1] R[r 0=0000000000000000] R[r 0=0000000000000000] inst=[00000013] nop
C0:        833 [1] pc=[0000000080000390] W[r14=0000000000000000][0] R[r 1=0000000e00000000] R[r 2=0000000b00000000] inst=[02209733] mulh    a4, ra, sp
C0:        834 [1] pc=[0000000080000394] W[r 4=0000000000000001][1] R[r 4=0000000000000000] R[r 0=0000000000000000] inst=[00120213] addi    tp, tp, 1
C0:        835 [1] pc=[0000000080000398] W[r 5=0000000000000002][1] R[r 0=0000000000000000] R[r 0=0000000000000000] inst=[00200293] li      t0, 2
C0:        836 [1] pc=[000000008000039c] W[r 0=0000000000000000][0] R[r 4=0000000000000001] R[r 5=0000000000000002] inst=[fe5210e3] bne     tp, t0, pc - 32
C0:        840 [1] pc=[000000008000037c] W[r 1=0000000000000007][1] R[r 0=0000000000000000] R[r 0=0000000000000000] inst=[0070009b] addiw   ra, zero, 7
C0:        841 [1] pc=[0000000080000380] W[r 1=0000000e00000000][1] R[r 1=0000000000000007] R[r 0=0000000000000000] inst=[02109093] slli    ra, ra, 33
C0:        842 [1] pc=[0000000080000384] W[r 2=000000000000000b][1] R[r 0=0000000000000000] R[r 0=0000000000000000] inst=[00b0011b] addiw   sp, zero, 11
C0:        843 [1] pc=[0000000080000388] W[r 2=0000000b00000000][1] R[r 2=000000000000000b] R[r 0=0000000000000000] inst=[02011113] slli    sp, sp, 32
C0:        844 [1] pc=[000000008000038c] W[r 0=0000000000000000][1] R[r 0=0000000000000000] R[r 0=0000000000000000] inst=[00000013] nop
C0:        848 [1] pc=[0000000080000390] W[r14=0000000000000000][0] R[r 1=0000000e00000000] R[r 2=0000000b00000000] inst=[02209733] mulh    a4, ra, sp
C0:        849 [1] pc=[0000000080000394] W[r 4=0000000000000002][1] R[r 4=0000000000000001] R[r 0=0000000000000000] inst=[00120213] addi    tp, tp, 1
C0:        850 [1] pc=[0000000080000398] W[r 5=0000000000000002][1] R[r 0=0000000000000000] R[r 0=0000000000000000] inst=[00200293] li      t0, 2
C0:        851 [1] pc=[000000008000039c] W[r 0=0000000000000000][0] R[r 4=0000000000000002] R[r 5=0000000000000002] inst=[fe5210e3] bne     tp, t0, pc - 32
C0:        855 [1] pc=[00000000800003a0] W[r 7=000000000000009a][1] R[r 0=0000000000000000] R[r 0=0000000000000000] inst=[09a00393] li      t2, 154
C0:        856 [1] pc=[00000000800003a4] W[r 3=000000000000000f][1] R[r 0=0000000000000000] R[r 0=0000000000000000] inst=[00f00193] li      gp, 15
C0:        860 [1] pc=[00000000800003a8] W[r 0=0000000000000000][0] R[r14=000000000000009a] R[r 7=000000000000009a] inst=[28771263] bne     a4, t2, pc + 644
C0:        861 [1] pc=[00000000800003ac] W[r 4=0000000000000000][1] R[r 0=0000000000000000] R[r 0=0000000000000000] inst=[00000213] li      tp, 0
C0:        862 [1] pc=[00000000800003b0] W[r 1=000000000000000f][1] R[r 0=0000000000000000] R[r 0=0000000000000000] inst=[00f0009b] addiw   ra, zero, 15
C0:        863 [1] pc=[00000000800003b4] W[r 1=0000000f00000000][1] R[r 1=000000000000000f] R[r 0=0000000000000000] inst=[02009093] slli    ra, ra, 32
C0:        864 [1] pc=[00000000800003b8] W[r 2=000000000000000b][1] R[r 0=0000000000000000] R[r 0=0000000000000000] inst=[00b0011b] addiw   sp, zero, 11
C0:        865 [1] pc=[00000000800003bc] W[r 2=0000000b00000000][1] R[r 2=000000000000000b] R[r 0=0000000000000000] inst=[02011113] slli    sp, sp, 32
C0:        887 [1] pc=[00000000800003c0] W[r 0=0000000000000000][1] R[r 0=0000000000000000] R[r 0=0000000000000000] inst=[00000013] nop
C0:        888 [1] pc=[00000000800003c4] W[r 0=0000000000000000][1] R[r 0=0000000000000000] R[r 0=0000000000000000] inst=[00000013] nop
C0:        889 [1] pc=[00000000800003c8] W[r14=0000000000000000][0] R[r 1=0000000f00000000] R[r 2=0000000b00000000] inst=[02209733] mulh    a4, ra, sp
C0:        890 [1] pc=[00000000800003cc] W[r 4=0000000000000001][1] R[r 4=0000000000000000] R[r 0=0000000000000000] inst=[00120213] addi    tp, tp, 1
C0:        891 [1] pc=[00000000800003d0] W[r 5=0000000000000002][1] R[r 0=0000000000000000] R[r 0=0000000000000000] inst=[00200293] li      t0, 2
C0:        892 [1] pc=[00000000800003d4] W[r 0=0000000000000000][0] R[r 4=0000000000000001] R[r 5=0000000000000002] inst=[fc521ee3] bne     tp, t0, pc - 36
C0:        896 [1] pc=[00000000800003b0] W[r 1=000000000000000f][1] R[r 0=0000000000000000] R[r 0=0000000000000000] inst=[00f0009b] addiw   ra, zero, 15
C0:        897 [1] pc=[00000000800003b4] W[r 1=0000000f00000000][1] R[r 1=000000000000000f] R[r 0=0000000000000000] inst=[02009093] slli    ra, ra, 32
C0:        898 [1] pc=[00000000800003b8] W[r 2=000000000000000b][1] R[r 0=0000000000000000] R[r 0=0000000000000000] inst=[00b0011b] addiw   sp, zero, 11
C0:        899 [1] pc=[00000000800003bc] W[r 2=0000000b00000000][1] R[r 2=000000000000000b] R[r 0=0000000000000000] inst=[02011113] slli    sp, sp, 32
C0:        900 [1] pc=[00000000800003c0] W[r 0=0000000000000000][1] R[r 0=0000000000000000] R[r 0=0000000000000000] inst=[00000013] nop
C0:        901 [1] pc=[00000000800003c4] W[r 0=0000000000000000][1] R[r 0=0000000000000000] R[r 0=0000000000000000] inst=[00000013] nop
C0:        905 [1] pc=[00000000800003c8] W[r14=0000000000000000][0] R[r 1=0000000f00000000] R[r 2=0000000b00000000] inst=[02209733] mulh    a4, ra, sp
C0:        906 [1] pc=[00000000800003cc] W[r 4=0000000000000002][1] R[r 4=0000000000000001] R[r 0=0000000000000000] inst=[00120213] addi    tp, tp, 1
C0:        907 [1] pc=[00000000800003d0] W[r 5=0000000000000002][1] R[r 0=0000000000000000] R[r 0=0000000000000000] inst=[00200293] li      t0, 2
C0:        908 [1] pc=[00000000800003d4] W[r 0=0000000000000000][0] R[r 4=0000000000000002] R[r 5=0000000000000002] inst=[fc521ee3] bne     tp, t0, pc - 36
C0:        912 [1] pc=[00000000800003d8] W[r 7=00000000000000a5][1] R[r 0=0000000000000000] R[r 0=0000000000000000] inst=[0a500393] li      t2, 165
C0:        913 [1] pc=[00000000800003dc] W[r 3=0000000000000010][1] R[r 0=0000000000000000] R[r 0=0000000000000000] inst=[01000193] li      gp, 16
C0:        917 [1] pc=[00000000800003e0] W[r 0=0000000000000000][0] R[r14=00000000000000a5] R[r 7=00000000000000a5] inst=[24771663] bne     a4, t2, pc + 588
C0:        918 [1] pc=[00000000800003e4] W[r 4=0000000000000000][1] R[r 0=0000000000000000] R[r 0=0000000000000000] inst=[00000213] li      tp, 0
C0:        919 [1] pc=[00000000800003e8] W[r 1=000000000000000d][1] R[r 0=0000000000000000] R[r 0=0000000000000000] inst=[00d0009b] addiw   ra, zero, 13
C0:        920 [1] pc=[00000000800003ec] W[r 1=0000000d00000000][1] R[r 1=000000000000000d] R[r 0=0000000000000000] inst=[02009093] slli    ra, ra, 32
C0:        921 [1] pc=[00000000800003f0] W[r 0=0000000000000000][1] R[r 0=0000000000000000] R[r 0=0000000000000000] inst=[00000013] nop
C0:        922 [1] pc=[00000000800003f4] W[r 2=000000000000000b][1] R[r 0=0000000000000000] R[r 0=0000000000000000] inst=[00b0011b] addiw   sp, zero, 11
C0:        923 [1] pc=[00000000800003f8] W[r 2=0000000b00000000][1] R[r 2=000000000000000b] R[r 0=0000000000000000] inst=[02011113] slli    sp, sp, 32
C0:        924 [1] pc=[00000000800003fc] W[r14=0000000000000000][0] R[r 1=0000000d00000000] R[r 2=0000000b00000000] inst=[02209733] mulh    a4, ra, sp
C0:        946 [1] pc=[0000000080000400] W[r 4=0000000000000001][1] R[r 4=0000000000000000] R[r 0=0000000000000000] inst=[00120213] addi    tp, tp, 1
C0:        947 [1] pc=[0000000080000404] W[r 5=0000000000000002][1] R[r 0=0000000000000000] R[r 0=0000000000000000] inst=[00200293] li      t0, 2
C0:        948 [1] pc=[0000000080000408] W[r 0=0000000000000000][0] R[r 4=0000000000000001] R[r 5=0000000000000002] inst=[fe5210e3] bne     tp, t0, pc - 32
C0:        952 [1] pc=[00000000800003e8] W[r 1=000000000000000d][1] R[r 0=0000000000000000] R[r 0=0000000000000000] inst=[00d0009b] addiw   ra, zero, 13
C0:        953 [1] pc=[00000000800003ec] W[r 1=0000000d00000000][1] R[r 1=000000000000000d] R[r 0=0000000000000000] inst=[02009093] slli    ra, ra, 32
C0:        954 [1] pc=[00000000800003f0] W[r 0=0000000000000000][1] R[r 0=0000000000000000] R[r 0=0000000000000000] inst=[00000013] nop
C0:        955 [1] pc=[00000000800003f4] W[r 2=000000000000000b][1] R[r 0=0000000000000000] R[r 0=0000000000000000] inst=[00b0011b] addiw   sp, zero, 11
C0:        956 [1] pc=[00000000800003f8] W[r 2=0000000b00000000][1] R[r 2=000000000000000b] R[r 0=0000000000000000] inst=[02011113] slli    sp, sp, 32
C0:        957 [1] pc=[00000000800003fc] W[r14=0000000000000000][0] R[r 1=0000000d00000000] R[r 2=0000000b00000000] inst=[02209733] mulh    a4, ra, sp
C0:        958 [1] pc=[0000000080000400] W[r 4=0000000000000002][1] R[r 4=0000000000000001] R[r 0=0000000000000000] inst=[00120213] addi    tp, tp, 1
C0:        959 [1] pc=[0000000080000404] W[r 5=0000000000000002][1] R[r 0=0000000000000000] R[r 0=0000000000000000] inst=[00200293] li      t0, 2
C0:        960 [1] pc=[0000000080000408] W[r 0=0000000000000000][0] R[r 4=0000000000000002] R[r 5=0000000000000002] inst=[fe5210e3] bne     tp, t0, pc - 32
C0:        964 [1] pc=[000000008000040c] W[r 7=000000000000008f][1] R[r 0=0000000000000000] R[r 0=0000000000000000] inst=[08f00393] li      t2, 143
C0:        965 [1] pc=[0000000080000410] W[r 3=0000000000000011][1] R[r 0=0000000000000000] R[r 0=0000000000000000] inst=[01100193] li      gp, 17
C0:        969 [1] pc=[0000000080000414] W[r 0=0000000000000000][0] R[r14=000000000000008f] R[r 7=000000000000008f] inst=[20771c63] bne     a4, t2, pc + 536
C0:        970 [1] pc=[0000000080000418] W[r 4=0000000000000000][1] R[r 0=0000000000000000] R[r 0=0000000000000000] inst=[00000213] li      tp, 0
C0:        971 [1] pc=[000000008000041c] W[r 1=0000000000000007][1] R[r 0=0000000000000000] R[r 0=0000000000000000] inst=[0070009b] addiw   ra, zero, 7
C0:        972 [1] pc=[0000000080000420] W[r 1=0000000e00000000][1] R[r 1=0000000000000007] R[r 0=0000000000000000] inst=[02109093] slli    ra, ra, 33
C0:        973 [1] pc=[0000000080000424] W[r 0=0000000000000000][1] R[r 0=0000000000000000] R[r 0=0000000000000000] inst=[00000013] nop
C0:        974 [1] pc=[0000000080000428] W[r 2=000000000000000b][1] R[r 0=0000000000000000] R[r 0=0000000000000000] inst=[00b0011b] addiw   sp, zero, 11
C0:        975 [1] pc=[000000008000042c] W[r 2=0000000b00000000][1] R[r 2=000000000000000b] R[r 0=0000000000000000] inst=[02011113] slli    sp, sp, 32
C0:        976 [1] pc=[0000000080000430] W[r 0=0000000000000000][1] R[r 0=0000000000000000] R[r 0=0000000000000000] inst=[00000013] nop
C0:        977 [1] pc=[0000000080000434] W[r14=0000000000000000][0] R[r 1=0000000e00000000] R[r 2=0000000b00000000] inst=[02209733] mulh    a4, ra, sp
C0:        978 [1] pc=[0000000080000438] W[r 4=0000000000000001][1] R[r 4=0000000000000000] R[r 0=0000000000000000] inst=[00120213] addi    tp, tp, 1
C0:        979 [1] pc=[000000008000043c] W[r 5=0000000000000002][1] R[r 0=0000000000000000] R[r 0=0000000000000000] inst=[00200293] li      t0, 2
C0:       1001 [1] pc=[0000000080000440] W[r 0=0000000000000000][0] R[r 4=0000000000000001] R[r 5=0000000000000002] inst=[fc521ee3] bne     tp, t0, pc - 36
C0:       1005 [1] pc=[000000008000041c] W[r 1=0000000000000007][1] R[r 0=0000000000000000] R[r 0=0000000000000000] inst=[0070009b] addiw   ra, zero, 7
C0:       1006 [1] pc=[0000000080000420] W[r 1=0000000e00000000][1] R[r 1=0000000000000007] R[r 0=0000000000000000] inst=[02109093] slli    ra, ra, 33
C0:       1007 [1] pc=[0000000080000424] W[r 0=0000000000000000][1] R[r 0=0000000000000000] R[r 0=0000000000000000] inst=[00000013] nop
C0:       1008 [1] pc=[0000000080000428] W[r 2=000000000000000b][1] R[r 0=0000000000000000] R[r 0=0000000000000000] inst=[00b0011b] addiw   sp, zero, 11
C0:       1009 [1] pc=[000000008000042c] W[r 2=0000000b00000000][1] R[r 2=000000000000000b] R[r 0=0000000000000000] inst=[02011113] slli    sp, sp, 32
C0:       1010 [1] pc=[0000000080000430] W[r 0=0000000000000000][1] R[r 0=0000000000000000] R[r 0=0000000000000000] inst=[00000013] nop
C0:       1011 [1] pc=[0000000080000434] W[r14=0000000000000000][0] R[r 1=0000000e00000000] R[r 2=0000000b00000000] inst=[02209733] mulh    a4, ra, sp
C0:       1012 [1] pc=[0000000080000438] W[r 4=0000000000000002][1] R[r 4=0000000000000001] R[r 0=0000000000000000] inst=[00120213] addi    tp, tp, 1
C0:       1013 [1] pc=[000000008000043c] W[r 5=0000000000000002][1] R[r 0=0000000000000000] R[r 0=0000000000000000] inst=[00200293] li      t0, 2
C0:       1014 [1] pc=[0000000080000440] W[r 0=0000000000000000][0] R[r 4=0000000000000002] R[r 5=0000000000000002] inst=[fc521ee3] bne     tp, t0, pc - 36
C0:       1018 [1] pc=[0000000080000444] W[r 7=000000000000009a][1] R[r 0=0000000000000000] R[r 0=0000000000000000] inst=[09a00393] li      t2, 154
C0:       1019 [1] pc=[0000000080000448] W[r 3=0000000000000012][1] R[r 0=0000000000000000] R[r 0=0000000000000000] inst=[01200193] li      gp, 18
C0:       1023 [1] pc=[000000008000044c] W[r 0=0000000000000000][0] R[r14=000000000000009a] R[r 7=000000000000009a] inst=[1e771063] bne     a4, t2, pc + 480
C0:       1024 [1] pc=[0000000080000450] W[r 4=0000000000000000][1] R[r 0=0000000000000000] R[r 0=0000000000000000] inst=[00000213] li      tp, 0
C0:       1025 [1] pc=[0000000080000454] W[r 1=000000000000000f][1] R[r 0=0000000000000000] R[r 0=0000000000000000] inst=[00f0009b] addiw   ra, zero, 15
C0:       1026 [1] pc=[0000000080000458] W[r 1=0000000f00000000][1] R[r 1=000000000000000f] R[r 0=0000000000000000] inst=[02009093] slli    ra, ra, 32
C0:       1027 [1] pc=[000000008000045c] W[r 0=0000000000000000][1] R[r 0=0000000000000000] R[r 0=0000000000000000] inst=[00000013] nop
C0:       1028 [1] pc=[0000000080000460] W[r 0=0000000000000000][1] R[r 0=0000000000000000] R[r 0=0000000000000000] inst=[00000013] nop
C0:       1029 [1] pc=[0000000080000464] W[r 2=000000000000000b][1] R[r 0=0000000000000000] R[r 0=0000000000000000] inst=[00b0011b] addiw   sp, zero, 11
C0:       1030 [1] pc=[0000000080000468] W[r 2=0000000b00000000][1] R[r 2=000000000000000b] R[r 0=0000000000000000] inst=[02011113] slli    sp, sp, 32
C0:       1031 [1] pc=[000000008000046c] W[r14=0000000000000000][0] R[r 1=0000000f00000000] R[r 2=0000000b00000000] inst=[02209733] mulh    a4, ra, sp
C0:       1032 [1] pc=[0000000080000470] W[r 4=0000000000000001][1] R[r 4=0000000000000000] R[r 0=0000000000000000] inst=[00120213] addi    tp, tp, 1
C0:       1033 [1] pc=[0000000080000474] W[r 5=0000000000000002][1] R[r 0=0000000000000000] R[r 0=0000000000000000] inst=[00200293] li      t0, 2
C0:       1034 [1] pc=[0000000080000478] W[r 0=0000000000000000][0] R[r 4=0000000000000001] R[r 5=0000000000000002] inst=[fc521ee3] bne     tp, t0, pc - 36
C0:       1038 [1] pc=[0000000080000454] W[r 1=000000000000000f][1] R[r 0=0000000000000000] R[r 0=0000000000000000] inst=[00f0009b] addiw   ra, zero, 15
C0:       1039 [1] pc=[0000000080000458] W[r 1=0000000f00000000][1] R[r 1=000000000000000f] R[r 0=0000000000000000] inst=[02009093] slli    ra, ra, 32
C0:       1040 [1] pc=[000000008000045c] W[r 0=0000000000000000][1] R[r 0=0000000000000000] R[r 0=0000000000000000] inst=[00000013] nop
C0:       1041 [1] pc=[0000000080000460] W[r 0=0000000000000000][1] R[r 0=0000000000000000] R[r 0=0000000000000000] inst=[00000013] nop
C0:       1042 [1] pc=[0000000080000464] W[r 2=000000000000000b][1] R[r 0=0000000000000000] R[r 0=0000000000000000] inst=[00b0011b] addiw   sp, zero, 11
C0:       1043 [1] pc=[0000000080000468] W[r 2=0000000b00000000][1] R[r 2=000000000000000b] R[r 0=0000000000000000] inst=[02011113] slli    sp, sp, 32
C0:       1047 [1] pc=[000000008000046c] W[r14=0000000000000000][0] R[r 1=0000000f00000000] R[r 2=0000000b00000000] inst=[02209733] mulh    a4, ra, sp
C0:       1048 [1] pc=[0000000080000470] W[r 4=0000000000000002][1] R[r 4=0000000000000001] R[r 0=0000000000000000] inst=[00120213] addi    tp, tp, 1
C0:       1049 [1] pc=[0000000080000474] W[r 5=0000000000000002][1] R[r 0=0000000000000000] R[r 0=0000000000000000] inst=[00200293] li      t0, 2
C0:       1050 [1] pc=[0000000080000478] W[r 0=0000000000000000][0] R[r 4=0000000000000002] R[r 5=0000000000000002] inst=[fc521ee3] bne     tp, t0, pc - 36
C0:       1054 [1] pc=[000000008000047c] W[r 7=00000000000000a5][1] R[r 0=0000000000000000] R[r 0=0000000000000000] inst=[0a500393] li      t2, 165
C0:       1076 [1] pc=[0000000080000480] W[r 3=0000000000000013][1] R[r 0=0000000000000000] R[r 0=0000000000000000] inst=[01300193] li      gp, 19
C0:       1077 [1] pc=[0000000080000484] W[r 0=0000000000000000][0] R[r14=00000000000000a5] R[r 7=00000000000000a5] inst=[1a771463] bne     a4, t2, pc + 424
C0:       1078 [1] pc=[0000000080000488] W[r 4=0000000000000000][1] R[r 0=0000000000000000] R[r 0=0000000000000000] inst=[00000213] li      tp, 0
C0:       1079 [1] pc=[000000008000048c] W[r 2=000000000000000b][1] R[r 0=0000000000000000] R[r 0=0000000000000000] inst=[00b0011b] addiw   sp, zero, 11
C0:       1080 [1] pc=[0000000080000490] W[r 2=0000000b00000000][1] R[r 2=000000000000000b] R[r 0=0000000000000000] inst=[02011113] slli    sp, sp, 32
C0:       1081 [1] pc=[0000000080000494] W[r 1=000000000000000d][1] R[r 0=0000000000000000] R[r 0=0000000000000000] inst=[00d0009b] addiw   ra, zero, 13
C0:       1082 [1] pc=[0000000080000498] W[r 1=0000000d00000000][1] R[r 1=000000000000000d] R[r 0=0000000000000000] inst=[02009093] slli    ra, ra, 32
C0:       1083 [1] pc=[000000008000049c] W[r14=0000000000000000][0] R[r 1=0000000d00000000] R[r 2=0000000b00000000] inst=[02209733] mulh    a4, ra, sp
C0:       1084 [1] pc=[00000000800004a0] W[r 4=0000000000000001][1] R[r 4=0000000000000000] R[r 0=0000000000000000] inst=[00120213] addi    tp, tp, 1
C0:       1085 [1] pc=[00000000800004a4] W[r 5=0000000000000002][1] R[r 0=0000000000000000] R[r 0=0000000000000000] inst=[00200293] li      t0, 2
C0:       1086 [1] pc=[00000000800004a8] W[r 0=0000000000000000][0] R[r 4=0000000000000001] R[r 5=0000000000000002] inst=[fe5212e3] bne     tp, t0, pc - 28
C0:       1090 [1] pc=[000000008000048c] W[r 2=000000000000000b][1] R[r 0=0000000000000000] R[r 0=0000000000000000] inst=[00b0011b] addiw   sp, zero, 11
C0:       1091 [1] pc=[0000000080000490] W[r 2=0000000b00000000][1] R[r 2=000000000000000b] R[r 0=0000000000000000] inst=[02011113] slli    sp, sp, 32
C0:       1092 [1] pc=[0000000080000494] W[r 1=000000000000000d][1] R[r 0=0000000000000000] R[r 0=0000000000000000] inst=[00d0009b] addiw   ra, zero, 13
C0:       1093 [1] pc=[0000000080000498] W[r 1=0000000d00000000][1] R[r 1=000000000000000d] R[r 0=0000000000000000] inst=[02009093] slli    ra, ra, 32
C0:       1097 [1] pc=[000000008000049c] W[r14=0000000000000000][0] R[r 1=0000000d00000000] R[r 2=0000000b00000000] inst=[02209733] mulh    a4, ra, sp
C0:       1098 [1] pc=[00000000800004a0] W[r 4=0000000000000002][1] R[r 4=0000000000000001] R[r 0=0000000000000000] inst=[00120213] addi    tp, tp, 1
C0:       1099 [1] pc=[00000000800004a4] W[r 5=0000000000000002][1] R[r 0=0000000000000000] R[r 0=0000000000000000] inst=[00200293] li      t0, 2
C0:       1100 [1] pc=[00000000800004a8] W[r 0=0000000000000000][0] R[r 4=0000000000000002] R[r 5=0000000000000002] inst=[fe5212e3] bne     tp, t0, pc - 28
C0:       1104 [1] pc=[00000000800004ac] W[r 7=000000000000008f][1] R[r 0=0000000000000000] R[r 0=0000000000000000] inst=[08f00393] li      t2, 143
C0:       1105 [1] pc=[00000000800004b0] W[r 3=0000000000000014][1] R[r 0=0000000000000000] R[r 0=0000000000000000] inst=[01400193] li      gp, 20
C0:       1109 [1] pc=[00000000800004b4] W[r 0=0000000000000000][0] R[r14=000000000000008f] R[r 7=000000000000008f] inst=[16771c63] bne     a4, t2, pc + 376
C0:       1110 [1] pc=[00000000800004b8] W[r 4=0000000000000000][1] R[r 0=0000000000000000] R[r 0=0000000000000000] inst=[00000213] li      tp, 0
C0:       1111 [1] pc=[00000000800004bc] W[r 2=000000000000000b][1] R[r 0=0000000000000000] R[r 0=0000000000000000] inst=[00b0011b] addiw   sp, zero, 11
C0:       1133 [1] pc=[00000000800004c0] W[r 2=0000000b00000000][1] R[r 2=000000000000000b] R[r 0=0000000000000000] inst=[02011113] slli    sp, sp, 32
C0:       1134 [1] pc=[00000000800004c4] W[r 1=0000000000000007][1] R[r 0=0000000000000000] R[r 0=0000000000000000] inst=[0070009b] addiw   ra, zero, 7
C0:       1135 [1] pc=[00000000800004c8] W[r 1=0000000e00000000][1] R[r 1=0000000000000007] R[r 0=0000000000000000] inst=[02109093] slli    ra, ra, 33
C0:       1136 [1] pc=[00000000800004cc] W[r 0=0000000000000000][1] R[r 0=0000000000000000] R[r 0=0000000000000000] inst=[00000013] nop
C0:       1137 [1] pc=[00000000800004d0] W[r14=0000000000000000][0] R[r 1=0000000e00000000] R[r 2=0000000b00000000] inst=[02209733] mulh    a4, ra, sp
C0:       1138 [1] pc=[00000000800004d4] W[r 4=0000000000000001][1] R[r 4=0000000000000000] R[r 0=0000000000000000] inst=[00120213] addi    tp, tp, 1
C0:       1139 [1] pc=[00000000800004d8] W[r 5=0000000000000002][1] R[r 0=0000000000000000] R[r 0=0000000000000000] inst=[00200293] li      t0, 2
C0:       1140 [1] pc=[00000000800004dc] W[r 0=0000000000000000][0] R[r 4=0000000000000001] R[r 5=0000000000000002] inst=[fe5210e3] bne     tp, t0, pc - 32
C0:       1144 [1] pc=[00000000800004bc] W[r 2=000000000000000b][1] R[r 0=0000000000000000] R[r 0=0000000000000000] inst=[00b0011b] addiw   sp, zero, 11
C0:       1145 [1] pc=[00000000800004c0] W[r 2=0000000b00000000][1] R[r 2=000000000000000b] R[r 0=0000000000000000] inst=[02011113] slli    sp, sp, 32
C0:       1146 [1] pc=[00000000800004c4] W[r 1=0000000000000007][1] R[r 0=0000000000000000] R[r 0=0000000000000000] inst=[0070009b] addiw   ra, zero, 7
C0:       1147 [1] pc=[00000000800004c8] W[r 1=0000000e00000000][1] R[r 1=0000000000000007] R[r 0=0000000000000000] inst=[02109093] slli    ra, ra, 33
C0:       1148 [1] pc=[00000000800004cc] W[r 0=0000000000000000][1] R[r 0=0000000000000000] R[r 0=0000000000000000] inst=[00000013] nop
C0:       1152 [1] pc=[00000000800004d0] W[r14=0000000000000000][0] R[r 1=0000000e00000000] R[r 2=0000000b00000000] inst=[02209733] mulh    a4, ra, sp
C0:       1153 [1] pc=[00000000800004d4] W[r 4=0000000000000002][1] R[r 4=0000000000000001] R[r 0=0000000000000000] inst=[00120213] addi    tp, tp, 1
C0:       1154 [1] pc=[00000000800004d8] W[r 5=0000000000000002][1] R[r 0=0000000000000000] R[r 0=0000000000000000] inst=[00200293] li      t0, 2
C0:       1155 [1] pc=[00000000800004dc] W[r 0=0000000000000000][0] R[r 4=0000000000000002] R[r 5=0000000000000002] inst=[fe5210e3] bne     tp, t0, pc - 32
C0:       1159 [1] pc=[00000000800004e0] W[r 7=000000000000009a][1] R[r 0=0000000000000000] R[r 0=0000000000000000] inst=[09a00393] li      t2, 154
C0:       1160 [1] pc=[00000000800004e4] W[r 3=0000000000000015][1] R[r 0=0000000000000000] R[r 0=0000000000000000] inst=[01500193] li      gp, 21
C0:       1164 [1] pc=[00000000800004e8] W[r 0=0000000000000000][0] R[r14=000000000000009a] R[r 7=000000000000009a] inst=[14771263] bne     a4, t2, pc + 324
C0:       1165 [1] pc=[00000000800004ec] W[r 4=0000000000000000][1] R[r 0=0000000000000000] R[r 0=0000000000000000] inst=[00000213] li      tp, 0
C0:       1166 [1] pc=[00000000800004f0] W[r 2=000000000000000b][1] R[r 0=0000000000000000] R[r 0=0000000000000000] inst=[00b0011b] addiw   sp, zero, 11
C0:       1167 [1] pc=[00000000800004f4] W[r 2=0000000b00000000][1] R[r 2=000000000000000b] R[r 0=0000000000000000] inst=[02011113] slli    sp, sp, 32
C0:       1168 [1] pc=[00000000800004f8] W[r 1=000000000000000f][1] R[r 0=0000000000000000] R[r 0=0000000000000000] inst=[00f0009b] addiw   ra, zero, 15
C0:       1169 [1] pc=[00000000800004fc] W[r 1=0000000f00000000][1] R[r 1=000000000000000f] R[r 0=0000000000000000] inst=[02009093] slli    ra, ra, 32
C0:       1191 [1] pc=[0000000080000500] W[r 0=0000000000000000][1] R[r 0=0000000000000000] R[r 0=0000000000000000] inst=[00000013] nop
C0:       1192 [1] pc=[0000000080000504] W[r 0=0000000000000000][1] R[r 0=0000000000000000] R[r 0=0000000000000000] inst=[00000013] nop
C0:       1193 [1] pc=[0000000080000508] W[r14=0000000000000000][0] R[r 1=0000000f00000000] R[r 2=0000000b00000000] inst=[02209733] mulh    a4, ra, sp
C0:       1194 [1] pc=[000000008000050c] W[r 4=0000000000000001][1] R[r 4=0000000000000000] R[r 0=0000000000000000] inst=[00120213] addi    tp, tp, 1
C0:       1195 [1] pc=[0000000080000510] W[r 5=0000000000000002][1] R[r 0=0000000000000000] R[r 0=0000000000000000] inst=[00200293] li      t0, 2
C0:       1196 [1] pc=[0000000080000514] W[r 0=0000000000000000][0] R[r 4=0000000000000001] R[r 5=0000000000000002] inst=[fc521ee3] bne     tp, t0, pc - 36
C0:       1200 [1] pc=[00000000800004f0] W[r 2=000000000000000b][1] R[r 0=0000000000000000] R[r 0=0000000000000000] inst=[00b0011b] addiw   sp, zero, 11
C0:       1201 [1] pc=[00000000800004f4] W[r 2=0000000b00000000][1] R[r 2=000000000000000b] R[r 0=0000000000000000] inst=[02011113] slli    sp, sp, 32
C0:       1202 [1] pc=[00000000800004f8] W[r 1=000000000000000f][1] R[r 0=0000000000000000] R[r 0=0000000000000000] inst=[00f0009b] addiw   ra, zero, 15
C0:       1203 [1] pc=[00000000800004fc] W[r 1=0000000f00000000][1] R[r 1=000000000000000f] R[r 0=0000000000000000] inst=[02009093] slli    ra, ra, 32
C0:       1204 [1] pc=[0000000080000500] W[r 0=0000000000000000][1] R[r 0=0000000000000000] R[r 0=0000000000000000] inst=[00000013] nop
C0:       1205 [1] pc=[0000000080000504] W[r 0=0000000000000000][1] R[r 0=0000000000000000] R[r 0=0000000000000000] inst=[00000013] nop
C0:       1209 [1] pc=[0000000080000508] W[r14=0000000000000000][0] R[r 1=0000000f00000000] R[r 2=0000000b00000000] inst=[02209733] mulh    a4, ra, sp
C0:       1210 [1] pc=[000000008000050c] W[r 4=0000000000000002][1] R[r 4=0000000000000001] R[r 0=0000000000000000] inst=[00120213] addi    tp, tp, 1
C0:       1211 [1] pc=[0000000080000510] W[r 5=0000000000000002][1] R[r 0=0000000000000000] R[r 0=0000000000000000] inst=[00200293] li      t0, 2
C0:       1212 [1] pc=[0000000080000514] W[r 0=0000000000000000][0] R[r 4=0000000000000002] R[r 5=0000000000000002] inst=[fc521ee3] bne     tp, t0, pc - 36
C0:       1216 [1] pc=[0000000080000518] W[r 7=00000000000000a5][1] R[r 0=0000000000000000] R[r 0=0000000000000000] inst=[0a500393] li      t2, 165
C0:       1217 [1] pc=[000000008000051c] W[r 3=0000000000000016][1] R[r 0=0000000000000000] R[r 0=0000000000000000] inst=[01600193] li      gp, 22
C0:       1221 [1] pc=[0000000080000520] W[r 0=0000000000000000][0] R[r14=00000000000000a5] R[r 7=00000000000000a5] inst=[10771663] bne     a4, t2, pc + 268
C0:       1222 [1] pc=[0000000080000524] W[r 4=0000000000000000][1] R[r 0=0000000000000000] R[r 0=0000000000000000] inst=[00000213] li      tp, 0
C0:       1223 [1] pc=[0000000080000528] W[r 2=000000000000000b][1] R[r 0=0000000000000000] R[r 0=0000000000000000] inst=[00b0011b] addiw   sp, zero, 11
C0:       1224 [1] pc=[000000008000052c] W[r 2=0000000b00000000][1] R[r 2=000000000000000b] R[r 0=0000000000000000] inst=[02011113] slli    sp, sp, 32
C0:       1225 [1] pc=[0000000080000530] W[r 0=0000000000000000][1] R[r 0=0000000000000000] R[r 0=0000000000000000] inst=[00000013] nop
C0:       1226 [1] pc=[0000000080000534] W[r 1=000000000000000d][1] R[r 0=0000000000000000] R[r 0=0000000000000000] inst=[00d0009b] addiw   ra, zero, 13
C0:       1227 [1] pc=[0000000080000538] W[r 1=0000000d00000000][1] R[r 1=000000000000000d] R[r 0=0000000000000000] inst=[02009093] slli    ra, ra, 32
C0:       1228 [1] pc=[000000008000053c] W[r14=0000000000000000][0] R[r 1=0000000d00000000] R[r 2=0000000b00000000] inst=[02209733] mulh    a4, ra, sp
C0:       1250 [1] pc=[0000000080000540] W[r 4=0000000000000001][1] R[r 4=0000000000000000] R[r 0=0000000000000000] inst=[00120213] addi    tp, tp, 1
C0:       1251 [1] pc=[0000000080000544] W[r 5=0000000000000002][1] R[r 0=0000000000000000] R[r 0=0000000000000000] inst=[00200293] li      t0, 2
C0:       1252 [1] pc=[0000000080000548] W[r 0=0000000000000000][0] R[r 4=0000000000000001] R[r 5=0000000000000002] inst=[fe5210e3] bne     tp, t0, pc - 32
C0:       1256 [1] pc=[0000000080000528] W[r 2=000000000000000b][1] R[r 0=0000000000000000] R[r 0=0000000000000000] inst=[00b0011b] addiw   sp, zero, 11
C0:       1257 [1] pc=[000000008000052c] W[r 2=0000000b00000000][1] R[r 2=000000000000000b] R[r 0=0000000000000000] inst=[02011113] slli    sp, sp, 32
C0:       1258 [1] pc=[0000000080000530] W[r 0=0000000000000000][1] R[r 0=0000000000000000] R[r 0=0000000000000000] inst=[00000013] nop
C0:       1259 [1] pc=[0000000080000534] W[r 1=000000000000000d][1] R[r 0=0000000000000000] R[r 0=0000000000000000] inst=[00d0009b] addiw   ra, zero, 13
C0:       1260 [1] pc=[0000000080000538] W[r 1=0000000d00000000][1] R[r 1=000000000000000d] R[r 0=0000000000000000] inst=[02009093] slli    ra, ra, 32
C0:       1261 [1] pc=[000000008000053c] W[r14=0000000000000000][0] R[r 1=0000000d00000000] R[r 2=0000000b00000000] inst=[02209733] mulh    a4, ra, sp
C0:       1262 [1] pc=[0000000080000540] W[r 4=0000000000000002][1] R[r 4=0000000000000001] R[r 0=0000000000000000] inst=[00120213] addi    tp, tp, 1
C0:       1263 [1] pc=[0000000080000544] W[r 5=0000000000000002][1] R[r 0=0000000000000000] R[r 0=0000000000000000] inst=[00200293] li      t0, 2
C0:       1264 [1] pc=[0000000080000548] W[r 0=0000000000000000][0] R[r 4=0000000000000002] R[r 5=0000000000000002] inst=[fe5210e3] bne     tp, t0, pc - 32
C0:       1268 [1] pc=[000000008000054c] W[r 7=000000000000008f][1] R[r 0=0000000000000000] R[r 0=0000000000000000] inst=[08f00393] li      t2, 143
C0:       1269 [1] pc=[0000000080000550] W[r 3=0000000000000017][1] R[r 0=0000000000000000] R[r 0=0000000000000000] inst=[01700193] li      gp, 23
C0:       1273 [1] pc=[0000000080000554] W[r 0=0000000000000000][0] R[r14=000000000000008f] R[r 7=000000000000008f] inst=[0c771c63] bne     a4, t2, pc + 216
C0:       1274 [1] pc=[0000000080000558] W[r 4=0000000000000000][1] R[r 0=0000000000000000] R[r 0=0000000000000000] inst=[00000213] li      tp, 0
C0:       1275 [1] pc=[000000008000055c] W[r 2=000000000000000b][1] R[r 0=0000000000000000] R[r 0=0000000000000000] inst=[00b0011b] addiw   sp, zero, 11
C0:       1276 [1] pc=[0000000080000560] W[r 2=0000000b00000000][1] R[r 2=000000000000000b] R[r 0=0000000000000000] inst=[02011113] slli    sp, sp, 32
C0:       1277 [1] pc=[0000000080000564] W[r 0=0000000000000000][1] R[r 0=0000000000000000] R[r 0=0000000000000000] inst=[00000013] nop
C0:       1278 [1] pc=[0000000080000568] W[r 1=0000000000000007][1] R[r 0=0000000000000000] R[r 0=0000000000000000] inst=[0070009b] addiw   ra, zero, 7
C0:       1279 [1] pc=[000000008000056c] W[r 1=0000000e00000000][1] R[r 1=0000000000000007] R[r 0=0000000000000000] inst=[02109093] slli    ra, ra, 33
C0:       1280 [1] pc=[0000000080000570] W[r 0=0000000000000000][1] R[r 0=0000000000000000] R[r 0=0000000000000000] inst=[00000013] nop
C0:       1281 [1] pc=[0000000080000574] W[r14=0000000000000000][0] R[r 1=0000000e00000000] R[r 2=0000000b00000000] inst=[02209733] mulh    a4, ra, sp
C0:       1282 [1] pc=[0000000080000578] W[r 4=0000000000000001][1] R[r 4=0000000000000000] R[r 0=0000000000000000] inst=[00120213] addi    tp, tp, 1
C0:       1283 [1] pc=[000000008000057c] W[r 5=0000000000000002][1] R[r 0=0000000000000000] R[r 0=0000000000000000] inst=[00200293] li      t0, 2
C0:       1305 [1] pc=[0000000080000580] W[r 0=0000000000000000][0] R[r 4=0000000000000001] R[r 5=0000000000000002] inst=[fc521ee3] bne     tp, t0, pc - 36
C0:       1309 [1] pc=[000000008000055c] W[r 2=000000000000000b][1] R[r 0=0000000000000000] R[r 0=0000000000000000] inst=[00b0011b] addiw   sp, zero, 11
C0:       1310 [1] pc=[0000000080000560] W[r 2=0000000b00000000][1] R[r 2=000000000000000b] R[r 0=0000000000000000] inst=[02011113] slli    sp, sp, 32
C0:       1311 [1] pc=[0000000080000564] W[r 0=0000000000000000][1] R[r 0=0000000000000000] R[r 0=0000000000000000] inst=[00000013] nop
C0:       1312 [1] pc=[0000000080000568] W[r 1=0000000000000007][1] R[r 0=0000000000000000] R[r 0=0000000000000000] inst=[0070009b] addiw   ra, zero, 7
C0:       1313 [1] pc=[000000008000056c] W[r 1=0000000e00000000][1] R[r 1=0000000000000007] R[r 0=0000000000000000] inst=[02109093] slli    ra, ra, 33
C0:       1314 [1] pc=[0000000080000570] W[r 0=0000000000000000][1] R[r 0=0000000000000000] R[r 0=0000000000000000] inst=[00000013] nop
C0:       1315 [1] pc=[0000000080000574] W[r14=0000000000000000][0] R[r 1=0000000e00000000] R[r 2=0000000b00000000] inst=[02209733] mulh    a4, ra, sp
C0:       1316 [1] pc=[0000000080000578] W[r 4=0000000000000002][1] R[r 4=0000000000000001] R[r 0=0000000000000000] inst=[00120213] addi    tp, tp, 1
C0:       1317 [1] pc=[000000008000057c] W[r 5=0000000000000002][1] R[r 0=0000000000000000] R[r 0=0000000000000000] inst=[00200293] li      t0, 2
C0:       1318 [1] pc=[0000000080000580] W[r 0=0000000000000000][0] R[r 4=0000000000000002] R[r 5=0000000000000002] inst=[fc521ee3] bne     tp, t0, pc - 36
C0:       1322 [1] pc=[0000000080000584] W[r 7=000000000000009a][1] R[r 0=0000000000000000] R[r 0=0000000000000000] inst=[09a00393] li      t2, 154
C0:       1323 [1] pc=[0000000080000588] W[r 3=0000000000000018][1] R[r 0=0000000000000000] R[r 0=0000000000000000] inst=[01800193] li      gp, 24
C0:       1327 [1] pc=[000000008000058c] W[r 0=0000000000000000][0] R[r14=000000000000009a] R[r 7=000000000000009a] inst=[0a771063] bne     a4, t2, pc + 160
C0:       1328 [1] pc=[0000000080000590] W[r 4=0000000000000000][1] R[r 0=0000000000000000] R[r 0=0000000000000000] inst=[00000213] li      tp, 0
C0:       1329 [1] pc=[0000000080000594] W[r 2=000000000000000b][1] R[r 0=0000000000000000] R[r 0=0000000000000000] inst=[00b0011b] addiw   sp, zero, 11
C0:       1330 [1] pc=[0000000080000598] W[r 2=0000000b00000000][1] R[r 2=000000000000000b] R[r 0=0000000000000000] inst=[02011113] slli    sp, sp, 32
C0:       1331 [1] pc=[000000008000059c] W[r 0=0000000000000000][1] R[r 0=0000000000000000] R[r 0=0000000000000000] inst=[00000013] nop
C0:       1332 [1] pc=[00000000800005a0] W[r 0=0000000000000000][1] R[r 0=0000000000000000] R[r 0=0000000000000000] inst=[00000013] nop
C0:       1333 [1] pc=[00000000800005a4] W[r 1=000000000000000f][1] R[r 0=0000000000000000] R[r 0=0000000000000000] inst=[00f0009b] addiw   ra, zero, 15
C0:       1334 [1] pc=[00000000800005a8] W[r 1=0000000f00000000][1] R[r 1=000000000000000f] R[r 0=0000000000000000] inst=[02009093] slli    ra, ra, 32
C0:       1335 [1] pc=[00000000800005ac] W[r14=0000000000000000][0] R[r 1=0000000f00000000] R[r 2=0000000b00000000] inst=[02209733] mulh    a4, ra, sp
C0:       1336 [1] pc=[00000000800005b0] W[r 4=0000000000000001][1] R[r 4=0000000000000000] R[r 0=0000000000000000] inst=[00120213] addi    tp, tp, 1
C0:       1337 [1] pc=[00000000800005b4] W[r 5=0000000000000002][1] R[r 0=0000000000000000] R[r 0=0000000000000000] inst=[00200293] li      t0, 2
C0:       1338 [1] pc=[00000000800005b8] W[r 0=0000000000000000][0] R[r 4=0000000000000001] R[r 5=0000000000000002] inst=[fc521ee3] bne     tp, t0, pc - 36
C0:       1342 [1] pc=[0000000080000594] W[r 2=000000000000000b][1] R[r 0=0000000000000000] R[r 0=0000000000000000] inst=[00b0011b] addiw   sp, zero, 11
C0:       1343 [1] pc=[0000000080000598] W[r 2=0000000b00000000][1] R[r 2=000000000000000b] R[r 0=0000000000000000] inst=[02011113] slli    sp, sp, 32
C0:       1344 [1] pc=[000000008000059c] W[r 0=0000000000000000][1] R[r 0=0000000000000000] R[r 0=0000000000000000] inst=[00000013] nop
C0:       1345 [1] pc=[00000000800005a0] W[r 0=0000000000000000][1] R[r 0=0000000000000000] R[r 0=0000000000000000] inst=[00000013] nop
C0:       1346 [1] pc=[00000000800005a4] W[r 1=000000000000000f][1] R[r 0=0000000000000000] R[r 0=0000000000000000] inst=[00f0009b] addiw   ra, zero, 15
C0:       1347 [1] pc=[00000000800005a8] W[r 1=0000000f00000000][1] R[r 1=000000000000000f] R[r 0=0000000000000000] inst=[02009093] slli    ra, ra, 32
C0:       1351 [1] pc=[00000000800005ac] W[r14=0000000000000000][0] R[r 1=0000000f00000000] R[r 2=0000000b00000000] inst=[02209733] mulh    a4, ra, sp
C0:       1352 [1] pc=[00000000800005b0] W[r 4=0000000000000002][1] R[r 4=0000000000000001] R[r 0=0000000000000000] inst=[00120213] addi    tp, tp, 1
C0:       1353 [1] pc=[00000000800005b4] W[r 5=0000000000000002][1] R[r 0=0000000000000000] R[r 0=0000000000000000] inst=[00200293] li      t0, 2
C0:       1354 [1] pc=[00000000800005b8] W[r 0=0000000000000000][0] R[r 4=0000000000000002] R[r 5=0000000000000002] inst=[fc521ee3] bne     tp, t0, pc - 36
C0:       1358 [1] pc=[00000000800005bc] W[r 7=00000000000000a5][1] R[r 0=0000000000000000] R[r 0=0000000000000000] inst=[0a500393] li      t2, 165
C0:       1380 [1] pc=[00000000800005c0] W[r 3=0000000000000019][1] R[r 0=0000000000000000] R[r 0=0000000000000000] inst=[01900193] li      gp, 25
C0:       1381 [1] pc=[00000000800005c4] W[r 0=0000000000000000][0] R[r14=00000000000000a5] R[r 7=00000000000000a5] inst=[06771463] bne     a4, t2, pc + 104
C0:       1382 [1] pc=[00000000800005c8] W[r 1=000000000000001f][1] R[r 0=0000000000000000] R[r 0=0000000000000000] inst=[01f0009b] addiw   ra, zero, 31
C0:       1383 [1] pc=[00000000800005cc] W[r 1=0000001f00000000][1] R[r 1=000000000000001f] R[r 0=0000000000000000] inst=[02009093] slli    ra, ra, 32
C0:       1384 [1] pc=[00000000800005d0] W[r 2=0000000000000000][0] R[r 0=0000000000000000] R[r 1=0000001f00000000] inst=[02101133] mulh    sp, zero, ra
C0:       1385 [1] pc=[00000000800005d4] W[r 7=0000000000000000][1] R[r 0=0000000000000000] R[r 0=0000000000000000] inst=[00000393] li      t2, 0
C0:       1386 [1] pc=[00000000800005d8] W[r 3=000000000000001a][1] R[r 0=0000000000000000] R[r 0=0000000000000000] inst=[01a00193] li      gp, 26
C0:       1394 [1] pc=[00000000800005dc] W[r 0=0000000000000000][0] R[r 2=0000000000000000] R[r 7=0000000000000000] inst=[04711863] bne     sp, t2, pc + 80
C0:       1395 [1] pc=[00000000800005e0] W[r 1=0000000000000001][1] R[r 0=0000000000000000] R[r 0=0000000000000000] inst=[0010009b] addiw   ra, zero, 1
C0:       1396 [1] pc=[00000000800005e4] W[r 1=0000002000000000][1] R[r 1=0000000000000001] R[r 0=0000000000000000] inst=[02509093] slli    ra, ra, 37
C0:       1397 [1] pc=[00000000800005e8] W[r 2=0000000000000000][0] R[r 1=0000002000000000] R[r 0=0000000000000000] inst=[02009133] mulh    sp, ra, zero
C0:       1398 [1] pc=[00000000800005ec] W[r 7=0000000000000000][1] R[r 0=0000000000000000] R[r 0=0000000000000000] inst=[00000393] li      t2, 0
C0:       1399 [1] pc=[00000000800005f0] W[r 3=000000000000001b][1] R[r 0=0000000000000000] R[r 0=0000000000000000] inst=[01b00193] li      gp, 27
C0:       1407 [1] pc=[00000000800005f4] W[r 0=0000000000000000][0] R[r 2=0000000000000000] R[r 7=0000000000000000] inst=[02711c63] bne     sp, t2, pc + 56
C0:       1408 [1] pc=[00000000800005f8] W[r 1=0000000000000000][0] R[r 0=0000000000000000] R[r 0=0000000000000000] inst=[020010b3] mulh    ra, zero, zero
C0:       1409 [1] pc=[00000000800005fc] W[r 7=0000000000000000][1] R[r 0=0000000000000000] R[r 0=0000000000000000] inst=[00000393] li      t2, 0
C0:       1431 [1] pc=[0000000080000600] W[r 3=000000000000001c][1] R[r 0=0000000000000000] R[r 0=0000000000000000] inst=[01c00193] li      gp, 28
C0:       1432 [1] pc=[0000000080000604] W[r 0=0000000000000000][0] R[r 1=0000000000000000] R[r 7=0000000000000000] inst=[02709463] bne     ra, t2, pc + 40
C0:       1433 [1] pc=[0000000080000608] W[r 1=0000000000000021][1] R[r 0=0000000000000000] R[r 0=0000000000000000] inst=[0210009b] addiw   ra, zero, 33
C0:       1434 [1] pc=[000000008000060c] W[r 1=0000002100000000][1] R[r 1=0000000000000021] R[r 0=0000000000000000] inst=[02009093] slli    ra, ra, 32
C0:       1435 [1] pc=[0000000080000610] W[r 2=0000000000000011][1] R[r 0=0000000000000000] R[r 0=0000000000000000] inst=[0110011b] addiw   sp, zero, 17
C0:       1436 [1] pc=[0000000080000614] W[r 2=0000002200000000][1] R[r 2=0000000000000011] R[r 0=0000000000000000] inst=[02111113] slli    sp, sp, 33
C0:       1437 [1] pc=[0000000080000618] W[r 0=0000000000000000][0] R[r 1=0000002100000000] R[r 2=0000002200000000] inst=[02209033] mulh    zero, ra, sp
C0:       1438 [1] pc=[000000008000061c] W[r 7=0000000000000000][1] R[r 0=0000000000000000] R[r 0=0000000000000000] inst=[00000393] li      t2, 0
C0:       1439 [1] pc=[0000000080000620] W[r 3=000000000000001d][1] R[r 0=0000000000000000] R[r 0=0000000000000000] inst=[01d00193] li      gp, 29
C0:       1440 [1] pc=[0000000080000624] W[r 0=0000000000000000][0] R[r 0=0000000000000000] R[r 7=0000000000000000] inst=[00701463] bne     zero, t2, pc + 8
C0:       1441 [1] pc=[0000000080000628] W[r 0=0000000000000000][0] R[r 0=0000000000000000] R[r 3=000000000000001d] inst=[02301063] bne     zero, gp, pc + 32
C0:       1466 [1] pc=[0000000080000648] W[r 0=0000000000000000][0] R[r 0=0000000000000000] R[r 0=0000000000000000] inst=[0ff0000f] fence   iorw,iorw
C0:       1467 [1] pc=[000000008000064c] W[r 3=0000000000000001][1] R[r 0=0000000000000000] R[r 0=0000000000000000] inst=[00100193] li      gp, 1
C0:       1468 [1] pc=[0000000080000650] W[r17=000000000000005d][1] R[r 0=0000000000000000] R[r 0=0000000000000000] inst=[05d00893] li      a7, 93
C0:       1469 [1] pc=[0000000080000654] W[r10=0000000000000000][1] R[r 0=0000000000000000] R[r 0=0000000000000000] inst=[00000513] li      a0, 0
C0:       1470 [0] pc=[0000000080000658] W[r 0=0000000000000000][0] R[r 0=0000000000000000] R[r 0=0000000000000000] inst=[00000073] ecall
C0:       1475 [1] pc=[0000000080000004] W[r30=0000000000000008][1] R[r 0=0000000000000000] R[r 0=0000000000000000] inst=[34202f73] csrr    t5, unknown_342
C0:       1476 [1] pc=[0000000080000008] W[r31=0000000000000008][1] R[r 0=0000000000000000] R[r 0=0000000000000000] inst=[00800f93] li      t6, 8
C0:       1478 [1] pc=[000000008000000c] W[r 0=0000000000000000][0] R[r30=0000000000000008] R[r31=0000000000000008] inst=[07ff0663] beq     t5, t6, pc + 108
C0:       1503 [1] pc=[0000000080000078] W[r30=0000000080001078][1] R[r 0=0000000000000000] R[r 0=0000000000000000] inst=[00001f17] auipc   t5, 0x1
C0:       1519 [1] pc=[000000008000007c] W[r 0=0000000000000000][0] R[r30=0000000080001078] R[r 3=0000000000000001] inst=[f83f2423] sw      gp, -120(t5)
C0:       1520 [1] pc=[0000000080000080] W[r 0=0000000080000084][1] R[r 0=0000000000000000] R[r 0=0000000000000000] inst=[ff9ff06f] j       pc - 0x8
C0:       1521 [1] pc=[0000000080000078] W[r30=0000000080001078][1] R[r 0=0000000000000000] R[r 0=0000000000000000] inst=[00001f17] auipc   t5, 0x1
C0:       1522 [1] pc=[000000008000007c] W[r 0=0000000000000000][0] R[r30=0000000080001078] R[r 3=0000000000000001] inst=[f83f2423] sw      gp, -120(t5)
C0:       1523 [1] pc=[0000000080000080] W[r 0=0000000080000084][1] R[r 0=0000000000000000] R[r 0=0000000000000000] inst=[ff9ff06f] j       pc - 0x8
C0:       1524 [1] pc=[0000000080000078] W[r30=0000000080001078][1] R[r 0=0000000000000000] R[r 0=0000000000000000] inst=[00001f17] auipc   t5, 0x1
C0:       1525 [1] pc=[000000008000007c] W[r 0=0000000000000000][0] R[r30=0000000080001078] R[r 3=0000000000000001] inst=[f83f2423] sw      gp, -120(t5)
C0:       1526 [1] pc=[0000000080000080] W[r 0=0000000080000084][1] R[r 0=0000000000000000] R[r 0=0000000000000000] inst=[ff9ff06f] j       pc - 0x8
C0:       1527 [1] pc=[0000000080000078] W[r30=0000000080001078][1] R[r 0=0000000000000000] R[r 0=0000000000000000] inst=[00001f17] auipc   t5, 0x1
C0:       1528 [1] pc=[000000008000007c] W[r 0=0000000000000000][0] R[r30=0000000080001078] R[r 3=0000000000000001] inst=[f83f2423] sw      gp, -120(t5)
C0:       1529 [1] pc=[0000000080000080] W[r 0=0000000080000084][1] R[r 0=0000000000000000] R[r 0=0000000000000000] inst=[ff9ff06f] j       pc - 0x8
C0:       1530 [1] pc=[0000000080000078] W[r30=0000000080001078][1] R[r 0=0000000000000000] R[r 0=0000000000000000] inst=[00001f17] auipc   t5, 0x1
C0:       1531 [1] pc=[000000008000007c] W[r 0=0000000000000000][0] R[r30=0000000080001078] R[r 3=0000000000000001] inst=[f83f2423] sw      gp, -120(t5)
C0:       1532 [1] pc=[0000000080000080] W[r 0=0000000080000084][1] R[r 0=0000000000000000] R[r 0=0000000000000000] inst=[ff9ff06f] j       pc - 0x8
C0:       1533 [1] pc=[0000000080000078] W[r30=0000000080001078][1] R[r 0=0000000000000000] R[r 0=0000000000000000] inst=[00001f17] auipc   t5, 0x1
C0:       1534 [1] pc=[000000008000007c] W[r 0=0000000000000000][0] R[r30=0000000080001078] R[r 3=0000000000000001] inst=[f83f2423] sw      gp, -120(t5)
C0:       1535 [1] pc=[0000000080000080] W[r 0=0000000080000084][1] R[r 0=0000000000000000] R[r 0=0000000000000000] inst=[ff9ff06f] j       pc - 0x8
C0:       1536 [1] pc=[0000000080000078] W[r30=0000000080001078][1] R[r 0=0000000000000000] R[r 0=0000000000000000] inst=[00001f17] auipc   t5, 0x1
C0:       1537 [1] pc=[000000008000007c] W[r 0=0000000000000000][0] R[r30=0000000080001078] R[r 3=0000000000000001] inst=[f83f2423] sw      gp, -120(t5)
C0:       1538 [1] pc=[0000000080000080] W[r 0=0000000080000084][1] R[r 0=0000000000000000] R[r 0=0000000000000000] inst=[ff9ff06f] j       pc - 0x8
C0:       1539 [1] pc=[0000000080000078] W[r30=0000000080001078][1] R[r 0=0000000000000000] R[r 0=0000000000000000] inst=[00001f17] auipc   t5, 0x1
C0:       1540 [1] pc=[000000008000007c] W[r 0=0000000000000000][0] R[r30=0000000080001078] R[r 3=0000000000000001] inst=[f83f2423] sw      gp, -120(t5)
C0:       1541 [1] pc=[0000000080000080] W[r 0=0000000080000084][1] R[r 0=0000000000000000] R[r 0=0000000000000000] inst=[ff9ff06f] j       pc - 0x8
C0:       1542 [1] pc=[0000000080000078] W[r30=0000000080001078][1] R[r 0=0000000000000000] R[r 0=0000000000000000] inst=[00001f17] auipc   t5, 0x1
C0:       1543 [1] pc=[000000008000007c] W[r 0=0000000000000000][0] R[r30=0000000080001078] R[r 3=0000000000000001] inst=[f83f2423] sw      gp, -120(t5)
C0:       1544 [1] pc=[0000000080000080] W[r 0=0000000080000084][1] R[r 0=0000000000000000] R[r 0=0000000000000000] inst=[ff9ff06f] j       pc - 0x8
C0:       1545 [1] pc=[0000000080000078] W[r30=0000000080001078][1] R[r 0=0000000000000000] R[r 0=0000000000000000] inst=[00001f17] auipc   t5, 0x1
C0:       1546 [1] pc=[000000008000007c] W[r 0=0000000000000000][0] R[r30=0000000080001078] R[r 3=0000000000000001] inst=[f83f2423] sw      gp, -120(t5)
C0:       1547 [1] pc=[0000000080000080] W[r 0=0000000080000084][1] R[r 0=0000000000000000] R[r 0=0000000000000000] inst=[ff9ff06f] j       pc - 0x8
C0:       1548 [1] pc=[0000000080000078] W[r30=0000000080001078][1] R[r 0=0000000000000000] R[r 0=0000000000000000] inst=[00001f17] auipc   t5, 0x1
C0:       1549 [1] pc=[000000008000007c] W[r 0=0000000000000000][0] R[r30=0000000080001078] R[r 3=0000000000000001] inst=[f83f2423] sw      gp, -120(t5)
C0:       1550 [1] pc=[0000000080000080] W[r 0=0000000080000084][1] R[r 0=0000000000000000] R[r 0=0000000000000000] inst=[ff9ff06f] j       pc - 0x8
C0:       1551 [1] pc=[0000000080000078] W[r30=0000000080001078][1] R[r 0=0000000000000000] R[r 0=0000000000000000] inst=[00001f17] auipc   t5, 0x1
C0:       1552 [1] pc=[000000008000007c] W[r 0=0000000000000000][0] R[r30=0000000080001078] R[r 3=0000000000000001] inst=[f83f2423] sw      gp, -120(t5)
C0:       1553 [1] pc=[0000000080000080] W[r 0=0000000080000084][1] R[r 0=0000000000000000] R[r 0=0000000000000000] inst=[ff9ff06f] j       pc - 0x8
C0:       1554 [1] pc=[0000000080000078] W[r30=0000000080001078][1] R[r 0=0000000000000000] R[r 0=0000000000000000] inst=[00001f17] auipc   t5, 0x1
C0:       1555 [1] pc=[000000008000007c] W[r 0=0000000000000000][0] R[r30=0000000080001078] R[r 3=0000000000000001] inst=[f83f2423] sw      gp, -120(t5)
C0:       1556 [1] pc=[0000000080000080] W[r 0=0000000080000084][1] R[r 0=0000000000000000] R[r 0=0000000000000000] inst=[ff9ff06f] j       pc - 0x8
C0:       1557 [1] pc=[0000000080000078] W[r30=0000000080001078][1] R[r 0=0000000000000000] R[r 0=0000000000000000] inst=[00001f17] auipc   t5, 0x1
C0:       1558 [1] pc=[000000008000007c] W[r 0=0000000000000000][0] R[r30=0000000080001078] R[r 3=0000000000000001] inst=[f83f2423] sw      gp, -120(t5)
C0:       1559 [1] pc=[0000000080000080] W[r 0=0000000080000084][1] R[r 0=0000000000000000] R[r 0=0000000000000000] inst=[ff9ff06f] j       pc - 0x8
C0:       1560 [1] pc=[0000000080000078] W[r30=0000000080001078][1] R[r 0=0000000000000000] R[r 0=0000000000000000] inst=[00001f17] auipc   t5, 0x1
C0:       1561 [1] pc=[000000008000007c] W[r 0=0000000000000000][0] R[r30=0000000080001078] R[r 3=0000000000000001] inst=[f83f2423] sw      gp, -120(t5)
C0:       1562 [1] pc=[0000000080000080] W[r 0=0000000080000084][1] R[r 0=0000000000000000] R[r 0=0000000000000000] inst=[ff9ff06f] j       pc - 0x8
C0:       1563 [1] pc=[0000000080000078] W[r30=0000000080001078][1] R[r 0=0000000000000000] R[r 0=0000000000000000] inst=[00001f17] auipc   t5, 0x1
C0:       1564 [1] pc=[000000008000007c] W[r 0=0000000000000000][0] R[r30=0000000080001078] R[r 3=0000000000000001] inst=[f83f2423] sw      gp, -120(t5)
C0:       1565 [1] pc=[0000000080000080] W[r 0=0000000080000084][1] R[r 0=0000000000000000] R[r 0=0000000000000000] inst=[ff9ff06f] j       pc - 0x8
C0:       1566 [1] pc=[0000000080000078] W[r30=0000000080001078][1] R[r 0=0000000000000000] R[r 0=0000000000000000] inst=[00001f17] auipc   t5, 0x1
C0:       1567 [1] pc=[000000008000007c] W[r 0=0000000000000000][0] R[r30=0000000080001078] R[r 3=0000000000000001] inst=[f83f2423] sw      gp, -120(t5)
C0:       1568 [1] pc=[0000000080000080] W[r 0=0000000080000084][1] R[r 0=0000000000000000] R[r 0=0000000000000000] inst=[ff9ff06f] j       pc - 0x8
C0:       1569 [1] pc=[0000000080000078] W[r30=0000000080001078][1] R[r 0=0000000000000000] R[r 0=0000000000000000] inst=[00001f17] auipc   t5, 0x1
C0:       1570 [1] pc=[000000008000007c] W[r 0=0000000000000000][0] R[r30=0000000080001078] R[r 3=0000000000000001] inst=[f83f2423] sw      gp, -120(t5)
C0:       1571 [1] pc=[0000000080000080] W[r 0=0000000080000084][1] R[r 0=0000000000000000] R[r 0=0000000000000000] inst=[ff9ff06f] j       pc - 0x8
C0:       1572 [1] pc=[0000000080000078] W[r30=0000000080001078][1] R[r 0=0000000000000000] R[r 0=0000000000000000] inst=[00001f17] auipc   t5, 0x1
C0:       1573 [1] pc=[000000008000007c] W[r 0=0000000000000000][0] R[r30=0000000080001078] R[r 3=0000000000000001] inst=[f83f2423] sw      gp, -120(t5)
C0:       1574 [1] pc=[0000000080000080] W[r 0=0000000080000084][1] R[r 0=0000000000000000] R[r 0=0000000000000000] inst=[ff9ff06f] j       pc - 0x8
C0:       1575 [1] pc=[0000000080000078] W[r30=0000000080001078][1] R[r 0=0000000000000000] R[r 0=0000000000000000] inst=[00001f17] auipc   t5, 0x1
C0:       1576 [1] pc=[000000008000007c] W[r 0=0000000000000000][0] R[r30=0000000080001078] R[r 3=0000000000000001] inst=[f83f2423] sw      gp, -120(t5)
C0:       1577 [1] pc=[0000000080000080] W[r 0=0000000080000084][1] R[r 0=0000000000000000] R[r 0=0000000000000000] inst=[ff9ff06f] j       pc - 0x8
C0:       1578 [1] pc=[0000000080000078] W[r30=0000000080001078][1] R[r 0=0000000000000000] R[r 0=0000000000000000] inst=[00001f17] auipc   t5, 0x1
C0:       1579 [1] pc=[000000008000007c] W[r 0=0000000000000000][0] R[r30=0000000080001078] R[r 3=0000000000000001] inst=[f83f2423] sw      gp, -120(t5)
C0:       1580 [1] pc=[0000000080000080] W[r 0=0000000080000084][1] R[r 0=0000000000000000] R[r 0=0000000000000000] inst=[ff9ff06f] j       pc - 0x8
C0:       1581 [1] pc=[0000000080000078] W[r30=0000000080001078][1] R[r 0=0000000000000000] R[r 0=0000000000000000] inst=[00001f17] auipc   t5, 0x1
C0:       1582 [1] pc=[000000008000007c] W[r 0=0000000000000000][0] R[r30=0000000080001078] R[r 3=0000000000000001] inst=[f83f2423] sw      gp, -120(t5)
C0:       1583 [1] pc=[0000000080000080] W[r 0=0000000080000084][1] R[r 0=0000000000000000] R[r 0=0000000000000000] inst=[ff9ff06f] j       pc - 0x8
C0:       1584 [1] pc=[0000000080000078] W[r30=0000000080001078][1] R[r 0=0000000000000000] R[r 0=0000000000000000] inst=[00001f17] auipc   t5, 0x1
C0:       1585 [1] pc=[000000008000007c] W[r 0=0000000000000000][0] R[r30=0000000080001078] R[r 3=0000000000000001] inst=[f83f2423] sw      gp, -120(t5)
C0:       1586 [1] pc=[0000000080000080] W[r 0=0000000080000084][1] R[r 0=0000000000000000] R[r 0=0000000000000000] inst=[ff9ff06f] j       pc - 0x8
C0:       1587 [1] pc=[0000000080000078] W[r30=0000000080001078][1] R[r 0=0000000000000000] R[r 0=0000000000000000] inst=[00001f17] auipc   t5, 0x1
C0:       1588 [1] pc=[000000008000007c] W[r 0=0000000000000000][0] R[r30=0000000080001078] R[r 3=0000000000000001] inst=[f83f2423] sw      gp, -120(t5)
C0:       1589 [1] pc=[0000000080000080] W[r 0=0000000080000084][1] R[r 0=0000000000000000] R[r 0=0000000000000000] inst=[ff9ff06f] j       pc - 0x8
C0:       1590 [1] pc=[0000000080000078] W[r30=0000000080001078][1] R[r 0=0000000000000000] R[r 0=0000000000000000] inst=[00001f17] auipc   t5, 0x1
C0:       1591 [1] pc=[000000008000007c] W[r 0=0000000000000000][0] R[r30=0000000080001078] R[r 3=0000000000000001] inst=[f83f2423] sw      gp, -120(t5)
C0:       1592 [1] pc=[0000000080000080] W[r 0=0000000080000084][1] R[r 0=0000000000000000] R[r 0=0000000000000000] inst=[ff9ff06f] j       pc - 0x8
C0:       1593 [1] pc=[0000000080000078] W[r30=0000000080001078][1] R[r 0=0000000000000000] R[r 0=0000000000000000] inst=[00001f17] auipc   t5, 0x1
C0:       1594 [1] pc=[000000008000007c] W[r 0=0000000000000000][0] R[r30=0000000080001078] R[r 3=0000000000000001] inst=[f83f2423] sw      gp, -120(t5)
C0:       1595 [1] pc=[0000000080000080] W[r 0=0000000080000084][1] R[r 0=0000000000000000] R[r 0=0000000000000000] inst=[ff9ff06f] j       pc - 0x8
C0:       1596 [1] pc=[0000000080000078] W[r30=0000000080001078][1] R[r 0=0000000000000000] R[r 0=0000000000000000] inst=[00001f17] auipc   t5, 0x1
C0:       1597 [1] pc=[000000008000007c] W[r 0=0000000000000000][0] R[r30=0000000080001078] R[r 3=0000000000000001] inst=[f83f2423] sw      gp, -120(t5)
C0:       1598 [1] pc=[0000000080000080] W[r 0=0000000080000084][1] R[r 0=0000000000000000] R[r 0=0000000000000000] inst=[ff9ff06f] j       pc - 0x8
C0:       1599 [1] pc=[0000000080000078] W[r30=0000000080001078][1] R[r 0=0000000000000000] R[r 0=0000000000000000] inst=[00001f17] auipc   t5, 0x1
C0:       1600 [1] pc=[000000008000007c] W[r 0=0000000000000000][0] R[r30=0000000080001078] R[r 3=0000000000000001] inst=[f83f2423] sw      gp, -120(t5)
C0:       1601 [1] pc=[0000000080000080] W[r 0=0000000080000084][1] R[r 0=0000000000000000] R[r 0=0000000000000000] inst=[ff9ff06f] j       pc - 0x8
C0:       1602 [1] pc=[0000000080000078] W[r30=0000000080001078][1] R[r 0=0000000000000000] R[r 0=0000000000000000] inst=[00001f17] auipc   t5, 0x1
C0:       1603 [1] pc=[000000008000007c] W[r 0=0000000000000000][0] R[r30=0000000080001078] R[r 3=0000000000000001] inst=[f83f2423] sw      gp, -120(t5)
C0:       1604 [1] pc=[0000000080000080] W[r 0=0000000080000084][1] R[r 0=0000000000000000] R[r 0=0000000000000000] inst=[ff9ff06f] j       pc - 0x8
C0:       1605 [1] pc=[0000000080000078] W[r30=0000000080001078][1] R[r 0=0000000000000000] R[r 0=0000000000000000] inst=[00001f17] auipc   t5, 0x1
C0:       1606 [1] pc=[000000008000007c] W[r 0=0000000000000000][0] R[r30=0000000080001078] R[r 3=0000000000000001] inst=[f83f2423] sw      gp, -120(t5)
C0:       1607 [1] pc=[0000000080000080] W[r 0=0000000080000084][1] R[r 0=0000000000000000] R[r 0=0000000000000000] inst=[ff9ff06f] j       pc - 0x8
C0:       1608 [1] pc=[0000000080000078] W[r30=0000000080001078][1] R[r 0=0000000000000000] R[r 0=0000000000000000] inst=[00001f17] auipc   t5, 0x1
C0:       1609 [1] pc=[000000008000007c] W[r 0=0000000000000000][0] R[r30=0000000080001078] R[r 3=0000000000000001] inst=[f83f2423] sw      gp, -120(t5)
C0:       1610 [1] pc=[0000000080000080] W[r 0=0000000080000084][1] R[r 0=0000000000000000] R[r 0=0000000000000000] inst=[ff9ff06f] j       pc - 0x8
C0:       1611 [1] pc=[0000000080000078] W[r30=0000000080001078][1] R[r 0=0000000000000000] R[r 0=0000000000000000] inst=[00001f17] auipc   t5, 0x1
C0:       1637 [1] pc=[000000008000007c] W[r 0=0000000000000000][0] R[r30=0000000080001078] R[r 3=0000000000000001] inst=[f83f2423] sw      gp, -120(t5)
C0:       1638 [1] pc=[0000000080000080] W[r 0=0000000080000084][1] R[r 0=0000000000000000] R[r 0=0000000000000000] inst=[ff9ff06f] j       pc - 0x8
C0:       1639 [1] pc=[0000000080000078] W[r30=0000000080001078][1] R[r 0=0000000000000000] R[r 0=0000000000000000] inst=[00001f17] auipc   t5, 0x1
C0:       1640 [1] pc=[000000008000007c] W[r 0=0000000000000000][0] R[r30=0000000080001078] R[r 3=0000000000000001] inst=[f83f2423] sw      gp, -120(t5)
C0:       1641 [1] pc=[0000000080000080] W[r 0=0000000080000084][1] R[r 0=0000000000000000] R[r 0=0000000000000000] inst=[ff9ff06f] j       pc - 0x8
C0:       1642 [1] pc=[0000000080000078] W[r30=0000000080001078][1] R[r 0=0000000000000000] R[r 0=0000000000000000] inst=[00001f17] auipc   t5, 0x1
C0:       1643 [1] pc=[000000008000007c] W[r 0=0000000000000000][0] R[r30=0000000080001078] R[r 3=0000000000000001] inst=[f83f2423] sw      gp, -120(t5)
C0:       1644 [1] pc=[0000000080000080] W[r 0=0000000080000084][1] R[r 0=0000000000000000] R[r 0=0000000000000000] inst=[ff9ff06f] j       pc - 0x8
C0:       1645 [1] pc=[0000000080000078] W[r30=0000000080001078][1] R[r 0=0000000000000000] R[r 0=0000000000000000] inst=[00001f17] auipc   t5, 0x1
C0:       1646 [1] pc=[000000008000007c] W[r 0=0000000000000000][0] R[r30=0000000080001078] R[r 3=0000000000000001] inst=[f83f2423] sw      gp, -120(t5)
C0:       1647 [1] pc=[0000000080000080] W[r 0=0000000080000084][1] R[r 0=0000000000000000] R[r 0=0000000000000000] inst=[ff9ff06f] j       pc - 0x8
C0:       1648 [1] pc=[0000000080000078] W[r30=0000000080001078][1] R[r 0=0000000000000000] R[r 0=0000000000000000] inst=[00001f17] auipc   t5, 0x1
C0:       1649 [1] pc=[000000008000007c] W[r 0=0000000000000000][0] R[r30=0000000080001078] R[r 3=0000000000000001] inst=[f83f2423] sw      gp, -120(t5)
C0:       1650 [1] pc=[0000000080000080] W[r 0=0000000080000084][1] R[r 0=0000000000000000] R[r 0=0000000000000000] inst=[ff9ff06f] j       pc - 0x8
C0:       1651 [1] pc=[0000000080000078] W[r30=0000000080001078][1] R[r 0=0000000000000000] R[r 0=0000000000000000] inst=[00001f17] auipc   t5, 0x1
C0:       1652 [1] pc=[000000008000007c] W[r 0=0000000000000000][0] R[r30=0000000080001078] R[r 3=0000000000000001] inst=[f83f2423] sw      gp, -120(t5)
C0:       1653 [1] pc=[0000000080000080] W[r 0=0000000080000084][1] R[r 0=0000000000000000] R[r 0=0000000000000000] inst=[ff9ff06f] j       pc - 0x8
C0:       1654 [1] pc=[0000000080000078] W[r30=0000000080001078][1] R[r 0=0000000000000000] R[r 0=0000000000000000] inst=[00001f17] auipc   t5, 0x1
C0:       1655 [1] pc=[000000008000007c] W[r 0=0000000000000000][0] R[r30=0000000080001078] R[r 3=0000000000000001] inst=[f83f2423] sw      gp, -120(t5)
C0:       1656 [1] pc=[0000000080000080] W[r 0=0000000080000084][1] R[r 0=0000000000000000] R[r 0=0000000000000000] inst=[ff9ff06f] j       pc - 0x8
C0:       1657 [1] pc=[0000000080000078] W[r30=0000000080001078][1] R[r 0=0000000000000000] R[r 0=0000000000000000] inst=[00001f17] auipc   t5, 0x1
C0:       1658 [1] pc=[000000008000007c] W[r 0=0000000000000000][0] R[r30=0000000080001078] R[r 3=0000000000000001] inst=[f83f2423] sw      gp, -120(t5)
C0:       1659 [1] pc=[0000000080000080] W[r 0=0000000080000084][1] R[r 0=0000000000000000] R[r 0=0000000000000000] inst=[ff9ff06f] j       pc - 0x8
C0:       1660 [1] pc=[0000000080000078] W[r30=0000000080001078][1] R[r 0=0000000000000000] R[r 0=0000000000000000] inst=[00001f17] auipc   t5, 0x1
C0:       1661 [1] pc=[000000008000007c] W[r 0=0000000000000000][0] R[r30=0000000080001078] R[r 3=0000000000000001] inst=[f83f2423] sw      gp, -120(t5)
C0:       1662 [1] pc=[0000000080000080] W[r 0=0000000080000084][1] R[r 0=0000000000000000] R[r 0=0000000000000000] inst=[ff9ff06f] j       pc - 0x8
C0:       1663 [1] pc=[0000000080000078] W[r30=0000000080001078][1] R[r 0=0000000000000000] R[r 0=0000000000000000] inst=[00001f17] auipc   t5, 0x1
C0:       1664 [1] pc=[000000008000007c] W[r 0=0000000000000000][0] R[r30=0000000080001078] R[r 3=0000000000000001] inst=[f83f2423] sw      gp, -120(t5)
C0:       1665 [1] pc=[0000000080000080] W[r 0=0000000080000084][1] R[r 0=0000000000000000] R[r 0=0000000000000000] inst=[ff9ff06f] j       pc - 0x8
C0:       1666 [1] pc=[0000000080000078] W[r30=0000000080001078][1] R[r 0=0000000000000000] R[r 0=0000000000000000] inst=[00001f17] auipc   t5, 0x1
C0:       1667 [1] pc=[000000008000007c] W[r 0=0000000000000000][0] R[r30=0000000080001078] R[r 3=0000000000000001] inst=[f83f2423] sw      gp, -120(t5)
C0:       1668 [1] pc=[0000000080000080] W[r 0=0000000080000084][1] R[r 0=0000000000000000] R[r 0=0000000000000000] inst=[ff9ff06f] j       pc - 0x8
C0:       1669 [1] pc=[0000000080000078] W[r30=0000000080001078][1] R[r 0=0000000000000000] R[r 0=0000000000000000] inst=[00001f17] auipc   t5, 0x1
*** PASSED *** Completed after 24609 cycles
