using random seed 1632264060
This emulator compiled with JTAG Remote Bitbang client. To enable, use +jtag_rbb_enable=1.
Listening on port 41073
== Loading device model file '/home/fleker/Desktop/chipyard/generators/testchipip/src/main/resources/dramsim2_ini/DDR3_micron_64M_8B_x4_sg15.ini' == 
== Loading system model file '/home/fleker/Desktop/chipyard/generators/testchipip/src/main/resources/dramsim2_ini/system.ini' == 
===== MemorySystem 0 =====
CH. 0 TOTAL_STORAGE : 4096MB | 1 Ranks | 16 Devices per rank
DRAMSim2 Clock Frequency =666666666Hz, CPU Clock Frequency=100000000Hz
C0:         19 [1] pc=[0000000000010040] W[r10=0000000000010040][1] R[r 0=0000000000000000] R[r 0=0000000000000000] inst=[00000517] auipc   a0, 0x0
C0:         20 [1] pc=[0000000000010044] W[r10=0000000000010000][1] R[r10=0000000000010040] R[r 0=0000000000000000] inst=[fc050513] addi    a0, a0, -64
C0:         21 [1] pc=[0000000000010048] W[r 0=0000000000000000][1] R[r10=0000000000010000] R[r 0=0000000000000000] inst=[30551073] csrw    unknown_305, a0
C0:         26 [1] pc=[000000000001004c] W[r 5=800000000094112d][1] R[r 0=0000000000000000] R[r 0=0000000000000000] inst=[301022f3] csrr    t0, unknown_301
C0:         29 [1] pc=[0000000000010050] W[r 5=ffffe00000000025][1] R[r 5=800000000094112d] R[r 0=0000000000000000] inst=[4122d293] srai    t0, t0, 18
C0:         30 [1] pc=[0000000000010054] W[r 5=0000000000000001][1] R[r 5=ffffe00000000025] R[r 0=0000000000000000] inst=[0012f293] andi    t0, t0, 1
C0:         31 [1] pc=[0000000000010058] W[r 0=0000000000000000][0] R[r 5=0000000000000001] R[r 0=0000000000000000] inst=[00028463] beqz    t0, pc + 8
C0:         32 [1] pc=[000000000001005c] W[r 0=0000000000000000][1] R[r 0=0000000000000000] R[r 0=0000000000000000] inst=[30301073] csrw    unknown_303, zero
C0:         37 [1] pc=[0000000000010060] W[r10=0000000000000008][1] R[r 0=0000000000000000] R[r 0=0000000000000000] inst=[00800513] li      a0, 8
C0:         38 [1] pc=[0000000000010064] W[r 0=0000000000000000][1] R[r10=0000000000000008] R[r 0=0000000000000000] inst=[30451073] csrw    unknown_304, a0
C0:         43 [1] pc=[0000000000010068] W[r 0=0000000a00001800][1] R[r10=0000000000000008] R[r 0=0000000000000000] inst=[30052073] csrs    unknown_300, a0
C0:         48 [1] pc=[000000000001006c] W[r 0=0000000000000000][0] R[r 0=0000000000000000] R[r 0=0000000000000000] inst=[10500073] wfi
C0:         51 [0] pc=[0000000000010070] W[r 0=0000000000000000][0] R[r31=0000000000000008] R[r 0=0000000000000000] inst=[ffdff06f] j       pc - 0x4
C0:         70 [1] pc=[0000000000010000] W[r11=0000000002000000][1] R[r 0=0000000000000000] R[r 0=0000000000000000] inst=[020005b7] lui     a1, 0x2000
C0:         71 [1] pc=[0000000000010004] W[r10=0000000000000000][1] R[r 0=0000000000000000] R[r 0=0000000000000000] inst=[f1402573] csrr    a0, unknown_f14
C0:         74 [1] pc=[0000000000010008] W[r 0=0000000000000000][0] R[r10=0000000000000000] R[r 0=0000000000000000] inst=[00050463] beqz    a0, pc + 8
C0:         78 [1] pc=[0000000000010010] W[r12=0000000002000004][1] R[r11=0000000002000000] R[r 0=0000000000000000] inst=[00458613] addi    a2, a1, 4
C0:         79 [1] pc=[0000000000010014] W[r13=0000000000000001][1] R[r 0=0000000000000000] R[r 0=0000000000000000] inst=[00100693] li      a3, 1
C0:         80 [1] pc=[0000000000010018] W[r 0=0000000000000000][0] R[r12=0000000002000004] R[r13=0000000000000001] inst=[00d62023] sw      a3, 0(a2)
C0:         81 [1] pc=[000000000001001c] W[r12=0000000002000008][1] R[r12=0000000002000004] R[r 0=0000000000000000] inst=[00460613] addi    a2, a2, 4
C0:         87 [1] pc=[0000000000010020] W[r13=0000000000000000][0] R[r12=0000000002000008] R[r 0=0000000000000000] inst=[ffc62683] lw      a3, -4(a2)
C0:         95 [1] pc=[0000000000010024] W[r 0=0000000000000000][0] R[r13=0000000000000000] R[r 0=0000000000000000] inst=[fe069ae3] bnez    a3, pc - 12
C0:         96 [1] pc=[0000000000010028] W[r 0=000000000001002c][1] R[r 0=0000000000000000] R[r 0=0000000000000000] inst=[05c0006f] j       pc + 0x5c
C0:        116 [1] pc=[0000000000010084] W[r 0=0000000000000000][0] R[r11=0000000002000000] R[r 0=0000000000000000] inst=[0005a023] sw      zero, 0(a1)
C0:        117 [1] pc=[0000000000010088] W[r10=0000000000004000][1] R[r 0=0000000000000000] R[r 0=0000000000000000] inst=[00004537] lui     a0, 0x4
C0:        123 [1] pc=[000000000001008c] W[r10=0000000000000000][0] R[r10=0000000000004000] R[r 0=0000000000000000] inst=[00056503] lwu     a0, 0(a0)
C0:        135 [1] pc=[0000000000010090] W[r 0=0000000000010070][1] R[r10=0000000080000000] R[r 0=0000000000000000] inst=[34151073] csrw    unknown_341, a0
C0:        136 [1] pc=[0000000000010094] W[r10=0000000000000000][1] R[r 0=0000000000000000] R[r 0=0000000000000000] inst=[f1402573] csrr    a0, unknown_f14
C0:        137 [1] pc=[0000000000010098] W[r11=0000000000010098][1] R[r 0=0000000000000000] R[r 0=0000000000000000] inst=[00000597] auipc   a1, 0x0
C0:        138 [1] pc=[000000000001009c] W[r11=00000000000100b0][1] R[r11=0000000000010098] R[r 0=0000000000000000] inst=[01858593] addi    a1, a1, 24
C0:        139 [1] pc=[00000000000100a0] W[r12=0000000000000080][1] R[r 0=0000000000000000] R[r 0=0000000000000000] inst=[08000613] li      a2, 128
C0:        140 [1] pc=[00000000000100a4] W[r 0=0000000a00001880][1] R[r12=0000000000000080] R[r 0=0000000000000000] inst=[30063073] csrc    unknown_300, a2
C0:        145 [1] pc=[00000000000100a8] W[r 0=0000000000000000][0] R[r 0=0000000000000000] R[r 0=0000000000000000] inst=[30200073] mret
C0:        166 [1] pc=[0000000080000000] W[r 0=0000000080000004][1] R[r 0=0000000000000000] R[r 0=0000000000000000] inst=[0840006f] j       pc + 0x84
C0:        189 [1] pc=[0000000080000084] W[r 1=0000000000000000][1] R[r 0=0000000000000000] R[r 0=0000000000000000] inst=[00000093] li      ra, 0
C0:        190 [1] pc=[0000000080000088] W[r 2=0000000000000000][1] R[r 0=0000000000000000] R[r 0=0000000000000000] inst=[00000113] li      sp, 0
C0:        191 [1] pc=[000000008000008c] W[r 3=0000000000000000][1] R[r 0=0000000000000000] R[r 0=0000000000000000] inst=[00000193] li      gp, 0
C0:        192 [1] pc=[0000000080000090] W[r 4=0000000000000000][1] R[r 0=0000000000000000] R[r 0=0000000000000000] inst=[00000213] li      tp, 0
C0:        193 [1] pc=[0000000080000094] W[r 5=0000000000000000][1] R[r 0=0000000000000000] R[r 0=0000000000000000] inst=[00000293] li      t0, 0
C0:        194 [1] pc=[0000000080000098] W[r 6=0000000000000000][1] R[r 0=0000000000000000] R[r 0=0000000000000000] inst=[00000313] li      t1, 0
C0:        195 [1] pc=[000000008000009c] W[r 7=0000000000000000][1] R[r 0=0000000000000000] R[r 0=0000000000000000] inst=[00000393] li      t2, 0
C0:        196 [1] pc=[00000000800000a0] W[r 8=0000000000000000][1] R[r 0=0000000000000000] R[r 0=0000000000000000] inst=[00000413] li      s0, 0
C0:        197 [1] pc=[00000000800000a4] W[r 9=0000000000000000][1] R[r 0=0000000000000000] R[r 0=0000000000000000] inst=[00000493] li      s1, 0
C0:        198 [1] pc=[00000000800000a8] W[r10=0000000000000000][1] R[r 0=0000000000000000] R[r 0=0000000000000000] inst=[00000513] li      a0, 0
C0:        199 [1] pc=[00000000800000ac] W[r11=0000000000000000][1] R[r 0=0000000000000000] R[r 0=0000000000000000] inst=[00000593] li      a1, 0
C0:        200 [1] pc=[00000000800000b0] W[r12=0000000000000000][1] R[r 0=0000000000000000] R[r 0=0000000000000000] inst=[00000613] li      a2, 0
C0:        201 [1] pc=[00000000800000b4] W[r13=0000000000000000][1] R[r 0=0000000000000000] R[r 0=0000000000000000] inst=[00000693] li      a3, 0
C0:        202 [1] pc=[00000000800000b8] W[r14=0000000000000000][1] R[r 0=0000000000000000] R[r 0=0000000000000000] inst=[00000713] li      a4, 0
C0:        203 [1] pc=[00000000800000bc] W[r15=0000000000000000][1] R[r 0=0000000000000000] R[r 0=0000000000000000] inst=[00000793] li      a5, 0
C0:        225 [1] pc=[00000000800000c0] W[r16=0000000000000000][1] R[r 0=0000000000000000] R[r 0=0000000000000000] inst=[00000813] li      a6, 0
C0:        226 [1] pc=[00000000800000c4] W[r17=0000000000000000][1] R[r 0=0000000000000000] R[r 0=0000000000000000] inst=[00000893] li      a7, 0
C0:        227 [1] pc=[00000000800000c8] W[r18=0000000000000000][1] R[r 0=0000000000000000] R[r 0=0000000000000000] inst=[00000913] li      s2, 0
C0:        228 [1] pc=[00000000800000cc] W[r19=0000000000000000][1] R[r 0=0000000000000000] R[r 0=0000000000000000] inst=[00000993] li      s3, 0
C0:        229 [1] pc=[00000000800000d0] W[r20=0000000000000000][1] R[r 0=0000000000000000] R[r 0=0000000000000000] inst=[00000a13] li      s4, 0
C0:        230 [1] pc=[00000000800000d4] W[r21=0000000000000000][1] R[r 0=0000000000000000] R[r 0=0000000000000000] inst=[00000a93] li      s5, 0
C0:        231 [1] pc=[00000000800000d8] W[r22=0000000000000000][1] R[r 0=0000000000000000] R[r 0=0000000000000000] inst=[00000b13] li      s6, 0
C0:        232 [1] pc=[00000000800000dc] W[r23=0000000000000000][1] R[r 0=0000000000000000] R[r 0=0000000000000000] inst=[00000b93] li      s7, 0
C0:        233 [1] pc=[00000000800000e0] W[r24=0000000000000000][1] R[r 0=0000000000000000] R[r 0=0000000000000000] inst=[00000c13] li      s8, 0
C0:        234 [1] pc=[00000000800000e4] W[r25=0000000000000000][1] R[r 0=0000000000000000] R[r 0=0000000000000000] inst=[00000c93] li      s9, 0
C0:        235 [1] pc=[00000000800000e8] W[r26=0000000000000000][1] R[r 0=0000000000000000] R[r 0=0000000000000000] inst=[00000d13] li      s10, 0
C0:        236 [1] pc=[00000000800000ec] W[r27=0000000000000000][1] R[r 0=0000000000000000] R[r 0=0000000000000000] inst=[00000d93] li      s11, 0
C0:        237 [1] pc=[00000000800000f0] W[r28=0000000000000000][1] R[r 0=0000000000000000] R[r 0=0000000000000000] inst=[00000e13] li      t3, 0
C0:        238 [1] pc=[00000000800000f4] W[r29=0000000000000000][1] R[r 0=0000000000000000] R[r 0=0000000000000000] inst=[00000e93] li      t4, 0
C0:        239 [1] pc=[00000000800000f8] W[r30=0000000000000000][1] R[r 0=0000000000000000] R[r 0=0000000000000000] inst=[00000f13] li      t5, 0
C0:        240 [1] pc=[00000000800000fc] W[r31=0000000000000000][1] R[r 0=0000000000000000] R[r 0=0000000000000000] inst=[00000f93] li      t6, 0
C0:        262 [1] pc=[0000000080000100] W[r10=0000000000000000][1] R[r 0=0000000000000000] R[r 0=0000000000000000] inst=[f1402573] csrr    a0, unknown_f14
C0:        265 [1] pc=[0000000080000104] W[r 0=0000000000000000][0] R[r10=0000000000000000] R[r 0=0000000000000000] inst=[00051063] bnez    a0, pc + 0
C0:        266 [1] pc=[0000000080000108] W[r 5=0000000080000108][1] R[r 0=0000000000000000] R[r 0=0000000000000000] inst=[00000297] auipc   t0, 0x0
C0:        267 [1] pc=[000000008000010c] W[r 5=0000000080000118][1] R[r 5=0000000080000108] R[r 0=0000000000000000] inst=[01028293] addi    t0, t0, 16
C0:        268 [1] pc=[0000000080000110] W[r 0=0000000000010000][1] R[r 5=0000000080000118] R[r 0=0000000000000000] inst=[30529073] csrw    unknown_305, t0
C0:        273 [1] pc=[0000000080000114] W[r 0=0000000000000000][1] R[r 0=0000000000000000] R[r 0=0000000000000000] inst=[18005073] csrwi   unknown_180, 0
C0:        278 [1] pc=[0000000080000118] W[r 5=0000000080000118][1] R[r 0=0000000000000000] R[r 0=0000000000000000] inst=[00000297] auipc   t0, 0x0
C0:        279 [1] pc=[000000008000011c] W[r 5=000000008000013c][1] R[r 5=0000000080000118] R[r 0=0000000000000000] inst=[02428293] addi    t0, t0, 36
C0:        280 [1] pc=[0000000080000120] W[r 0=0000000080000118][1] R[r 5=000000008000013c] R[r 0=0000000000000000] inst=[30529073] csrw    unknown_305, t0
C0:        285 [1] pc=[0000000080000124] W[r 5=0000000000000001][1] R[r 0=0000000000000000] R[r 0=0000000000000000] inst=[0010029b] addiw   t0, zero, 1
C0:        286 [1] pc=[0000000080000128] W[r 5=0020000000000000][1] R[r 5=0000000000000001] R[r 0=0000000000000000] inst=[03529293] slli    t0, t0, 53
C0:        287 [1] pc=[000000008000012c] W[r 5=001fffffffffffff][1] R[r 5=0020000000000000] R[r 0=0000000000000000] inst=[fff28293] addi    t0, t0, -1
C0:        288 [1] pc=[0000000080000130] W[r 0=0000000000000000][1] R[r 5=001fffffffffffff] R[r 0=0000000000000000] inst=[3b029073] csrw    unknown_3b0, t0
C0:        293 [1] pc=[0000000080000134] W[r 5=000000000000001f][1] R[r 0=0000000000000000] R[r 0=0000000000000000] inst=[01f00293] li      t0, 31
C0:        294 [1] pc=[0000000080000138] W[r 0=0000000000000000][1] R[r 5=000000000000001f] R[r 0=0000000000000000] inst=[3a029073] csrw    unknown_3a0, t0
C0:        299 [1] pc=[000000008000013c] W[r 0=0000000000000008][1] R[r 0=0000000000000000] R[r 0=0000000000000000] inst=[30405073] csrwi   unknown_304, 0
C0:        316 [1] pc=[0000000080000140] W[r 5=0000000080000140][1] R[r 0=0000000000000000] R[r 0=0000000000000000] inst=[00000297] auipc   t0, 0x0
C0:        317 [1] pc=[0000000080000144] W[r 5=0000000080000154][1] R[r 5=0000000080000140] R[r 0=0000000000000000] inst=[01428293] addi    t0, t0, 20
C0:        318 [1] pc=[0000000080000148] W[r 0=000000008000013c][1] R[r 5=0000000080000154] R[r 0=0000000000000000] inst=[30529073] csrw    unknown_305, t0
C0:        323 [1] pc=[000000008000014c] W[r 0=0000000000000000][1] R[r 0=0000000000000000] R[r 0=0000000000000000] inst=[30205073] csrwi   unknown_302, 0
C0:        328 [1] pc=[0000000080000150] W[r 0=0000000000000000][1] R[r 0=0000000000000000] R[r 0=0000000000000000] inst=[30305073] csrwi   unknown_303, 0
C0:        333 [1] pc=[0000000080000154] W[r 3=0000000000000000][1] R[r 0=0000000000000000] R[r 0=0000000000000000] inst=[00000193] li      gp, 0
C0:        334 [1] pc=[0000000080000158] W[r 5=0000000080000158][1] R[r 0=0000000000000000] R[r 0=0000000000000000] inst=[00000297] auipc   t0, 0x0
C0:        335 [1] pc=[000000008000015c] W[r 5=0000000080000004][1] R[r 5=0000000080000158] R[r 0=0000000000000000] inst=[eac28293] addi    t0, t0, -340
C0:        336 [1] pc=[0000000080000160] W[r 0=0000000080000154][1] R[r 5=0000000080000004] R[r 0=0000000000000000] inst=[30529073] csrw    unknown_305, t0
C0:        341 [1] pc=[0000000080000164] W[r10=0000000000000001][1] R[r 0=0000000000000000] R[r 0=0000000000000000] inst=[00100513] li      a0, 1
C0:        342 [1] pc=[0000000080000168] W[r10=0000000080000000][1] R[r10=0000000000000001] R[r 0=0000000000000000] inst=[01f51513] slli    a0, a0, 31
C0:        343 [1] pc=[000000008000016c] W[r 0=0000000000000000][0] R[r10=0000000080000000] R[r 0=0000000000000000] inst=[00055c63] bgez    a0, pc + 24
C0:        368 [1] pc=[0000000080000184] W[r 5=0000000000000184][1] R[r 0=0000000000000000] R[r 0=0000000000000000] inst=[80000297] auipc   t0, 0x80000
C0:        369 [1] pc=[0000000080000188] W[r 5=0000000000000000][1] R[r 5=0000000000000184] R[r 0=0000000000000000] inst=[e7c28293] addi    t0, t0, -388
C0:        370 [1] pc=[000000008000018c] W[r 0=0000000000000000][0] R[r 5=0000000000000000] R[r 0=0000000000000000] inst=[00028a63] beqz    t0, pc + 20
C0:        374 [1] pc=[00000000800001a0] W[r 0=0000000a00000080][1] R[r 0=0000000000000000] R[r 0=0000000000000000] inst=[30005073] csrwi   unknown_300, 0
C0:        379 [1] pc=[00000000800001a4] W[r 5=00000000800001a4][1] R[r 0=0000000000000000] R[r 0=0000000000000000] inst=[00000297] auipc   t0, 0x0
C0:        380 [1] pc=[00000000800001a8] W[r 5=00000000800001b8][1] R[r 5=00000000800001a4] R[r 0=0000000000000000] inst=[01428293] addi    t0, t0, 20
C0:        381 [1] pc=[00000000800001ac] W[r 0=0000000080000000][1] R[r 5=00000000800001b8] R[r 0=0000000000000000] inst=[34129073] csrw    unknown_341, t0
C0:        382 [1] pc=[00000000800001b0] W[r10=0000000000000000][1] R[r 0=0000000000000000] R[r 0=0000000000000000] inst=[f1402573] csrr    a0, unknown_f14
C0:        383 [1] pc=[00000000800001b4] W[r 0=0000000000000000][0] R[r 0=0000000000000000] R[r 0=0000000000000000] inst=[30200073] mret
C0:        388 [1] pc=[00000000800001b8] W[r 1=0000000000008000][1] R[r 0=0000000000000000] R[r 0=0000000000000000] inst=[000080b7] lui     ra, 0x8
C0:        389 [1] pc=[00000000800001bc] W[r 1=0000000000007e00][1] R[r 1=0000000000008000] R[r 0=0000000000000000] inst=[e000809b] addiw   ra, ra, -512
C0:        411 [1] pc=[00000000800001c0] W[r 2=0000000006db7000][1] R[r 0=0000000000000000] R[r 0=0000000000000000] inst=[06db7137] lui     sp, 0x6db7
C0:        412 [1] pc=[00000000800001c4] W[r 2=0000000006db6db7][1] R[r 2=0000000006db7000] R[r 0=0000000000000000] inst=[db71011b] addiw   sp, sp, -585
C0:        413 [1] pc=[00000000800001c8] W[r 2=0000006db6db7000][1] R[r 2=0000000006db6db7] R[r 0=0000000000000000] inst=[00c11113] slli    sp, sp, 12
C0:        414 [1] pc=[00000000800001cc] W[r 2=0000006db6db6db7][1] R[r 2=0000006db6db7000] R[r 0=0000000000000000] inst=[db710113] addi    sp, sp, -585
C0:        415 [1] pc=[00000000800001d0] W[r 2=0006db6db6db7000][1] R[r 2=0000006db6db6db7] R[r 0=0000000000000000] inst=[00c11113] slli    sp, sp, 12
C0:        416 [1] pc=[00000000800001d4] W[r 2=0006db6db6db6db7][1] R[r 2=0006db6db6db7000] R[r 0=0000000000000000] inst=[db710113] addi    sp, sp, -585
C0:        417 [1] pc=[00000000800001d8] W[r 2=6db6db6db6db7000][1] R[r 2=0006db6db6db6db7] R[r 0=0000000000000000] inst=[00c11113] slli    sp, sp, 12
C0:        418 [1] pc=[00000000800001dc] W[r 2=6db6db6db6db6db7][1] R[r 2=6db6db6db6db7000] R[r 0=0000000000000000] inst=[db710113] addi    sp, sp, -585
C0:        419 [1] pc=[00000000800001e0] W[r14=0000000000000000][0] R[r 1=0000000000007e00] R[r 2=6db6db6db6db6db7] inst=[02208733] mul     a4, ra, sp
C0:        420 [1] pc=[00000000800001e4] W[r 7=0000000000001000][1] R[r 0=0000000000000000] R[r 0=0000000000000000] inst=[000013b7] lui     t2, 0x1
C0:        421 [1] pc=[00000000800001e8] W[r 7=0000000000001200][1] R[r 7=0000000000001000] R[r 0=0000000000000000] inst=[2003839b] addiw   t2, t2, 512
C0:        422 [1] pc=[00000000800001ec] W[r 3=0000000000000020][1] R[r 0=0000000000000000] R[r 0=0000000000000000] inst=[02000193] li      gp, 32
C0:        426 [1] pc=[00000000800001f0] W[r 0=0000000000000000][0] R[r14=0000000000001200] R[r 7=0000000000001200] inst=[48771a63] bne     a4, t2, pc + 1172
C0:        427 [1] pc=[00000000800001f4] W[r 1=0000000000008000][1] R[r 0=0000000000000000] R[r 0=0000000000000000] inst=[000080b7] lui     ra, 0x8
C0:        428 [1] pc=[00000000800001f8] W[r 1=0000000000007fc0][1] R[r 1=0000000000008000] R[r 0=0000000000000000] inst=[fc00809b] addiw   ra, ra, -64
C0:        429 [1] pc=[00000000800001fc] W[r 2=0000000006db7000][1] R[r 0=0000000000000000] R[r 0=0000000000000000] inst=[06db7137] lui     sp, 0x6db7
C0:        451 [1] pc=[0000000080000200] W[r 2=0000000006db6db7][1] R[r 2=0000000006db7000] R[r 0=0000000000000000] inst=[db71011b] addiw   sp, sp, -585
C0:        452 [1] pc=[0000000080000204] W[r 2=0000006db6db7000][1] R[r 2=0000000006db6db7] R[r 0=0000000000000000] inst=[00c11113] slli    sp, sp, 12
C0:        453 [1] pc=[0000000080000208] W[r 2=0000006db6db6db7][1] R[r 2=0000006db6db7000] R[r 0=0000000000000000] inst=[db710113] addi    sp, sp, -585
C0:        454 [1] pc=[000000008000020c] W[r 2=0006db6db6db7000][1] R[r 2=0000006db6db6db7] R[r 0=0000000000000000] inst=[00c11113] slli    sp, sp, 12
C0:        455 [1] pc=[0000000080000210] W[r 2=0006db6db6db6db7][1] R[r 2=0006db6db6db7000] R[r 0=0000000000000000] inst=[db710113] addi    sp, sp, -585
C0:        456 [1] pc=[0000000080000214] W[r 2=6db6db6db6db7000][1] R[r 2=0006db6db6db6db7] R[r 0=0000000000000000] inst=[00c11113] slli    sp, sp, 12
C0:        457 [1] pc=[0000000080000218] W[r 2=6db6db6db6db6db7][1] R[r 2=6db6db6db6db7000] R[r 0=0000000000000000] inst=[db710113] addi    sp, sp, -585
C0:        458 [1] pc=[000000008000021c] W[r14=0000000000000000][0] R[r 1=0000000000007fc0] R[r 2=6db6db6db6db6db7] inst=[02208733] mul     a4, ra, sp
C0:        459 [1] pc=[0000000080000220] W[r 7=0000000000001000][1] R[r 0=0000000000000000] R[r 0=0000000000000000] inst=[000013b7] lui     t2, 0x1
C0:        460 [1] pc=[0000000080000224] W[r 7=0000000000001240][1] R[r 7=0000000000001000] R[r 0=0000000000000000] inst=[2403839b] addiw   t2, t2, 576
C0:        461 [1] pc=[0000000080000228] W[r 3=0000000000000021][1] R[r 0=0000000000000000] R[r 0=0000000000000000] inst=[02100193] li      gp, 33
C0:        465 [1] pc=[000000008000022c] W[r 0=0000000000000000][0] R[r14=0000000000001240] R[r 7=0000000000001240] inst=[44771c63] bne     a4, t2, pc + 1112
C0:        466 [1] pc=[0000000080000230] W[r 1=0000000000000000][1] R[r 0=0000000000000000] R[r 0=0000000000000000] inst=[00000093] li      ra, 0
C0:        467 [1] pc=[0000000080000234] W[r 2=0000000000000000][1] R[r 0=0000000000000000] R[r 0=0000000000000000] inst=[00000113] li      sp, 0
C0:        468 [1] pc=[0000000080000238] W[r14=0000000000000000][0] R[r 1=0000000000000000] R[r 2=0000000000000000] inst=[02208733] mul     a4, ra, sp
C0:        469 [1] pc=[000000008000023c] W[r 7=0000000000000000][1] R[r 0=0000000000000000] R[r 0=0000000000000000] inst=[00000393] li      t2, 0
C0:        491 [1] pc=[0000000080000240] W[r 3=0000000000000002][1] R[r 0=0000000000000000] R[r 0=0000000000000000] inst=[00200193] li      gp, 2
C0:        492 [1] pc=[0000000080000244] W[r 0=0000000000000000][0] R[r14=0000000000000000] R[r 7=0000000000000000] inst=[44771063] bne     a4, t2, pc + 1088
C0:        493 [1] pc=[0000000080000248] W[r 1=0000000000000001][1] R[r 0=0000000000000000] R[r 0=0000000000000000] inst=[00100093] li      ra, 1
C0:        494 [1] pc=[000000008000024c] W[r 2=0000000000000001][1] R[r 0=0000000000000000] R[r 0=0000000000000000] inst=[00100113] li      sp, 1
C0:        495 [1] pc=[0000000080000250] W[r14=0000000000000000][0] R[r 1=0000000000000001] R[r 2=0000000000000001] inst=[02208733] mul     a4, ra, sp
C0:        496 [1] pc=[0000000080000254] W[r 7=0000000000000001][1] R[r 0=0000000000000000] R[r 0=0000000000000000] inst=[00100393] li      t2, 1
C0:        497 [1] pc=[0000000080000258] W[r 3=0000000000000003][1] R[r 0=0000000000000000] R[r 0=0000000000000000] inst=[00300193] li      gp, 3
C0:        501 [1] pc=[000000008000025c] W[r 0=0000000000000000][0] R[r14=0000000000000001] R[r 7=0000000000000001] inst=[42771463] bne     a4, t2, pc + 1064
C0:        502 [1] pc=[0000000080000260] W[r 1=0000000000000003][1] R[r 0=0000000000000000] R[r 0=0000000000000000] inst=[00300093] li      ra, 3
C0:        503 [1] pc=[0000000080000264] W[r 2=0000000000000007][1] R[r 0=0000000000000000] R[r 0=0000000000000000] inst=[00700113] li      sp, 7
C0:        504 [1] pc=[0000000080000268] W[r14=0000000000000000][0] R[r 1=0000000000000003] R[r 2=0000000000000007] inst=[02208733] mul     a4, ra, sp
C0:        505 [1] pc=[000000008000026c] W[r 7=0000000000000015][1] R[r 0=0000000000000000] R[r 0=0000000000000000] inst=[01500393] li      t2, 21
C0:        506 [1] pc=[0000000080000270] W[r 3=0000000000000004][1] R[r 0=0000000000000000] R[r 0=0000000000000000] inst=[00400193] li      gp, 4
C0:        510 [1] pc=[0000000080000274] W[r 0=0000000000000000][0] R[r14=0000000000000015] R[r 7=0000000000000015] inst=[40771863] bne     a4, t2, pc + 1040
C0:        511 [1] pc=[0000000080000278] W[r 1=0000000000000000][1] R[r 0=0000000000000000] R[r 0=0000000000000000] inst=[00000093] li      ra, 0
C0:        512 [1] pc=[000000008000027c] W[r 2=ffffffffffff8000][1] R[r 0=0000000000000000] R[r 0=0000000000000000] inst=[ffff8137] lui     sp, 0xffff8
C0:        534 [1] pc=[0000000080000280] W[r14=0000000000000000][0] R[r 1=0000000000000000] R[r 2=ffffffffffff8000] inst=[02208733] mul     a4, ra, sp
C0:        535 [1] pc=[0000000080000284] W[r 7=0000000000000000][1] R[r 0=0000000000000000] R[r 0=0000000000000000] inst=[00000393] li      t2, 0
C0:        536 [1] pc=[0000000080000288] W[r 3=0000000000000005][1] R[r 0=0000000000000000] R[r 0=0000000000000000] inst=[00500193] li      gp, 5
C0:        540 [1] pc=[000000008000028c] W[r 0=0000000000000000][0] R[r14=0000000000000000] R[r 7=0000000000000000] inst=[3e771c63] bne     a4, t2, pc + 1016
C0:        541 [1] pc=[0000000080000290] W[r 1=ffffffff80000000][1] R[r 0=0000000000000000] R[r 0=0000000000000000] inst=[800000b7] lui     ra, 0x80000
C0:        542 [1] pc=[0000000080000294] W[r 2=0000000000000000][1] R[r 0=0000000000000000] R[r 0=0000000000000000] inst=[00000113] li      sp, 0
C0:        543 [1] pc=[0000000080000298] W[r14=0000000000000000][0] R[r 1=ffffffff80000000] R[r 2=0000000000000000] inst=[02208733] mul     a4, ra, sp
C0:        544 [1] pc=[000000008000029c] W[r 7=0000000000000000][1] R[r 0=0000000000000000] R[r 0=0000000000000000] inst=[00000393] li      t2, 0
C0:        545 [1] pc=[00000000800002a0] W[r 3=0000000000000006][1] R[r 0=0000000000000000] R[r 0=0000000000000000] inst=[00600193] li      gp, 6
C0:        553 [1] pc=[00000000800002a4] W[r 0=0000000000000000][0] R[r14=0000000000000000] R[r 7=0000000000000000] inst=[3e771063] bne     a4, t2, pc + 992
C0:        554 [1] pc=[00000000800002a8] W[r 1=ffffffff80000000][1] R[r 0=0000000000000000] R[r 0=0000000000000000] inst=[800000b7] lui     ra, 0x80000
C0:        555 [1] pc=[00000000800002ac] W[r 2=ffffffffffff8000][1] R[r 0=0000000000000000] R[r 0=0000000000000000] inst=[ffff8137] lui     sp, 0xffff8
C0:        556 [1] pc=[00000000800002b0] W[r14=0000000000000000][0] R[r 1=ffffffff80000000] R[r 2=ffffffffffff8000] inst=[02208733] mul     a4, ra, sp
C0:        557 [1] pc=[00000000800002b4] W[r 7=0000000000000001][1] R[r 0=0000000000000000] R[r 0=0000000000000000] inst=[0010039b] addiw   t2, zero, 1
C0:        558 [1] pc=[00000000800002b8] W[r 7=0000400000000000][1] R[r 7=0000000000000001] R[r 0=0000000000000000] inst=[02e39393] slli    t2, t2, 46
C0:        559 [1] pc=[00000000800002bc] W[r 3=0000000000000007][1] R[r 0=0000000000000000] R[r 0=0000000000000000] inst=[00700193] li      gp, 7
C0:        581 [1] pc=[00000000800002c0] W[r 0=0000000000000000][0] R[r14=0000400000000000] R[r 7=0000400000000000] inst=[3c771263] bne     a4, t2, pc + 964
C0:        582 [1] pc=[00000000800002c4] W[r 1=fffffffffaaab000][1] R[r 0=0000000000000000] R[r 0=0000000000000000] inst=[faaab0b7] lui     ra, 0xfaaab
C0:        583 [1] pc=[00000000800002c8] W[r 1=fffffffffaaaaaab][1] R[r 1=fffffffffaaab000] R[r 0=0000000000000000] inst=[aab0809b] addiw   ra, ra, -1365
C0:        584 [1] pc=[00000000800002cc] W[r 1=ffffffaaaaaab000][1] R[r 1=fffffffffaaaaaab] R[r 0=0000000000000000] inst=[00c09093] slli    ra, ra, 12
C0:        585 [1] pc=[00000000800002d0] W[r 1=ffffffaaaaaaaaab][1] R[r 1=ffffffaaaaaab000] R[r 0=0000000000000000] inst=[aab08093] addi    ra, ra, -1365
C0:        586 [1] pc=[00000000800002d4] W[r 1=fffaaaaaaaaab000][1] R[r 1=ffffffaaaaaaaaab] R[r 0=0000000000000000] inst=[00c09093] slli    ra, ra, 12
C0:        587 [1] pc=[00000000800002d8] W[r 1=fffaaaaaaaaaaaab][1] R[r 1=fffaaaaaaaaab000] R[r 0=0000000000000000] inst=[aab08093] addi    ra, ra, -1365
C0:        588 [1] pc=[00000000800002dc] W[r 1=aaaaaaaaaaaab000][1] R[r 1=fffaaaaaaaaaaaab] R[r 0=0000000000000000] inst=[00c09093] slli    ra, ra, 12
C0:        589 [1] pc=[00000000800002e0] W[r 1=aaaaaaaaaaaaaaab][1] R[r 1=aaaaaaaaaaaab000] R[r 0=0000000000000000] inst=[aab08093] addi    ra, ra, -1365
C0:        590 [1] pc=[00000000800002e4] W[r 2=0000000000030000][1] R[r 0=0000000000000000] R[r 0=0000000000000000] inst=[00030137] lui     sp, 0x30
C0:        591 [1] pc=[00000000800002e8] W[r 2=000000000002fe7d][1] R[r 2=0000000000030000] R[r 0=0000000000000000] inst=[e7d1011b] addiw   sp, sp, -387
C0:        592 [1] pc=[00000000800002ec] W[r14=0000000000000000][0] R[r 1=aaaaaaaaaaaaaaab] R[r 2=000000000002fe7d] inst=[02208733] mul     a4, ra, sp
C0:        593 [1] pc=[00000000800002f0] W[r 7=0000000000010000][1] R[r 0=0000000000000000] R[r 0=0000000000000000] inst=[000103b7] lui     t2, 0x10
C0:        594 [1] pc=[00000000800002f4] W[r 7=000000000000ff7f][1] R[r 7=0000000000010000] R[r 0=0000000000000000] inst=[f7f3839b] addiw   t2, t2, -129
C0:        595 [1] pc=[00000000800002f8] W[r 3=000000000000001e][1] R[r 0=0000000000000000] R[r 0=0000000000000000] inst=[01e00193] li      gp, 30
C0:        602 [1] pc=[00000000800002fc] W[r 0=0000000000000000][0] R[r14=000000000000ff7f] R[r 7=000000000000ff7f] inst=[38771463] bne     a4, t2, pc + 904
C0:        624 [1] pc=[0000000080000300] W[r 1=0000000000030000][1] R[r 0=0000000000000000] R[r 0=0000000000000000] inst=[000300b7] lui     ra, 0x30
C0:        625 [1] pc=[0000000080000304] W[r 1=000000000002fe7d][1] R[r 1=0000000000030000] R[r 0=0000000000000000] inst=[e7d0809b] addiw   ra, ra, -387
C0:        626 [1] pc=[0000000080000308] W[r 2=fffffffffaaab000][1] R[r 0=0000000000000000] R[r 0=0000000000000000] inst=[faaab137] lui     sp, 0xfaaab
C0:        627 [1] pc=[000000008000030c] W[r 2=fffffffffaaaaaab][1] R[r 2=fffffffffaaab000] R[r 0=0000000000000000] inst=[aab1011b] addiw   sp, sp, -1365
C0:        628 [1] pc=[0000000080000310] W[r 2=ffffffaaaaaab000][1] R[r 2=fffffffffaaaaaab] R[r 0=0000000000000000] inst=[00c11113] slli    sp, sp, 12
C0:        629 [1] pc=[0000000080000314] W[r 2=ffffffaaaaaaaaab][1] R[r 2=ffffffaaaaaab000] R[r 0=0000000000000000] inst=[aab10113] addi    sp, sp, -1365
C0:        630 [1] pc=[0000000080000318] W[r 2=fffaaaaaaaaab000][1] R[r 2=ffffffaaaaaaaaab] R[r 0=0000000000000000] inst=[00c11113] slli    sp, sp, 12
C0:        631 [1] pc=[000000008000031c] W[r 2=fffaaaaaaaaaaaab][1] R[r 2=fffaaaaaaaaab000] R[r 0=0000000000000000] inst=[aab10113] addi    sp, sp, -1365
C0:        632 [1] pc=[0000000080000320] W[r 2=aaaaaaaaaaaab000][1] R[r 2=fffaaaaaaaaaaaab] R[r 0=0000000000000000] inst=[00c11113] slli    sp, sp, 12
C0:        633 [1] pc=[0000000080000324] W[r 2=aaaaaaaaaaaaaaab][1] R[r 2=aaaaaaaaaaaab000] R[r 0=0000000000000000] inst=[aab10113] addi    sp, sp, -1365
C0:        634 [1] pc=[0000000080000328] W[r14=0000000000000000][0] R[r 1=000000000002fe7d] R[r 2=aaaaaaaaaaaaaaab] inst=[02208733] mul     a4, ra, sp
C0:        635 [1] pc=[000000008000032c] W[r 7=0000000000010000][1] R[r 0=0000000000000000] R[r 0=0000000000000000] inst=[000103b7] lui     t2, 0x10
C0:        636 [1] pc=[0000000080000330] W[r 7=000000000000ff7f][1] R[r 7=0000000000010000] R[r 0=0000000000000000] inst=[f7f3839b] addiw   t2, t2, -129
C0:        637 [1] pc=[0000000080000334] W[r 3=000000000000001f][1] R[r 0=0000000000000000] R[r 0=0000000000000000] inst=[01f00193] li      gp, 31
C0:        641 [1] pc=[0000000080000338] W[r 0=0000000000000000][0] R[r14=000000000000ff7f] R[r 7=000000000000ff7f] inst=[34771663] bne     a4, t2, pc + 844
C0:        642 [1] pc=[000000008000033c] W[r 1=000000000000000d][1] R[r 0=0000000000000000] R[r 0=0000000000000000] inst=[00d00093] li      ra, 13
C0:        664 [1] pc=[0000000080000340] W[r 2=000000000000000b][1] R[r 0=0000000000000000] R[r 0=0000000000000000] inst=[00b00113] li      sp, 11
C0:        665 [1] pc=[0000000080000344] W[r 1=0000000000000000][0] R[r 1=000000000000000d] R[r 2=000000000000000b] inst=[022080b3] mul     ra, ra, sp
C0:        666 [1] pc=[0000000080000348] W[r 7=000000000000008f][1] R[r 0=0000000000000000] R[r 0=0000000000000000] inst=[08f00393] li      t2, 143
C0:        667 [1] pc=[000000008000034c] W[r 3=0000000000000008][1] R[r 0=0000000000000000] R[r 0=0000000000000000] inst=[00800193] li      gp, 8
C0:        671 [1] pc=[0000000080000350] W[r 0=0000000000000000][0] R[r 1=000000000000008f] R[r 7=000000000000008f] inst=[32709a63] bne     ra, t2, pc + 820
C0:        672 [1] pc=[0000000080000354] W[r 1=000000000000000e][1] R[r 0=0000000000000000] R[r 0=0000000000000000] inst=[00e00093] li      ra, 14
C0:        673 [1] pc=[0000000080000358] W[r 2=000000000000000b][1] R[r 0=0000000000000000] R[r 0=0000000000000000] inst=[00b00113] li      sp, 11
C0:        674 [1] pc=[000000008000035c] W[r 2=0000000000000000][0] R[r 1=000000000000000e] R[r 2=000000000000000b] inst=[02208133] mul     sp, ra, sp
C0:        675 [1] pc=[0000000080000360] W[r 7=000000000000009a][1] R[r 0=0000000000000000] R[r 0=0000000000000000] inst=[09a00393] li      t2, 154
C0:        676 [1] pc=[0000000080000364] W[r 3=0000000000000009][1] R[r 0=0000000000000000] R[r 0=0000000000000000] inst=[00900193] li      gp, 9
C0:        680 [1] pc=[0000000080000368] W[r 0=0000000000000000][0] R[r 2=000000000000009a] R[r 7=000000000000009a] inst=[30711e63] bne     sp, t2, pc + 796
C0:        681 [1] pc=[000000008000036c] W[r 1=000000000000000d][1] R[r 0=0000000000000000] R[r 0=0000000000000000] inst=[00d00093] li      ra, 13
C0:        682 [1] pc=[0000000080000370] W[r 1=0000000000000000][0] R[r 1=000000000000000d] R[r 1=000000000000000d] inst=[021080b3] mul     ra, ra, ra
C0:        683 [1] pc=[0000000080000374] W[r 7=00000000000000a9][1] R[r 0=0000000000000000] R[r 0=0000000000000000] inst=[0a900393] li      t2, 169
C0:        684 [1] pc=[0000000080000378] W[r 3=000000000000000a][1] R[r 0=0000000000000000] R[r 0=0000000000000000] inst=[00a00193] li      gp, 10
C0:        688 [1] pc=[000000008000037c] W[r 0=0000000000000000][0] R[r 1=00000000000000a9] R[r 7=00000000000000a9] inst=[30709463] bne     ra, t2, pc + 776
C0:        710 [1] pc=[0000000080000380] W[r 4=0000000000000000][1] R[r 0=0000000000000000] R[r 0=0000000000000000] inst=[00000213] li      tp, 0
C0:        711 [1] pc=[0000000080000384] W[r 1=000000000000000d][1] R[r 0=0000000000000000] R[r 0=0000000000000000] inst=[00d00093] li      ra, 13
C0:        712 [1] pc=[0000000080000388] W[r 2=000000000000000b][1] R[r 0=0000000000000000] R[r 0=0000000000000000] inst=[00b00113] li      sp, 11
C0:        713 [1] pc=[000000008000038c] W[r14=0000000000000000][0] R[r 1=000000000000000d] R[r 2=000000000000000b] inst=[02208733] mul     a4, ra, sp
C0:        717 [1] pc=[0000000080000390] W[r 6=000000000000008f][1] R[r14=000000000000008f] R[r 0=0000000000000000] inst=[00070313] mv      t1, a4
C0:        718 [1] pc=[0000000080000394] W[r 4=0000000000000001][1] R[r 4=0000000000000000] R[r 0=0000000000000000] inst=[00120213] addi    tp, tp, 1
C0:        719 [1] pc=[0000000080000398] W[r 5=0000000000000002][1] R[r 0=0000000000000000] R[r 0=0000000000000000] inst=[00200293] li      t0, 2
C0:        720 [1] pc=[000000008000039c] W[r 0=0000000000000000][0] R[r 4=0000000000000001] R[r 5=0000000000000002] inst=[fe5214e3] bne     tp, t0, pc - 24
C0:        724 [1] pc=[0000000080000384] W[r 1=000000000000000d][1] R[r 0=0000000000000000] R[r 0=0000000000000000] inst=[00d00093] li      ra, 13
C0:        725 [1] pc=[0000000080000388] W[r 2=000000000000000b][1] R[r 0=0000000000000000] R[r 0=0000000000000000] inst=[00b00113] li      sp, 11
C0:        726 [1] pc=[000000008000038c] W[r14=0000000000000000][0] R[r 1=000000000000000d] R[r 2=000000000000000b] inst=[02208733] mul     a4, ra, sp
C0:        730 [1] pc=[0000000080000390] W[r 6=000000000000008f][1] R[r14=000000000000008f] R[r 0=0000000000000000] inst=[00070313] mv      t1, a4
C0:        731 [1] pc=[0000000080000394] W[r 4=0000000000000002][1] R[r 4=0000000000000001] R[r 0=0000000000000000] inst=[00120213] addi    tp, tp, 1
C0:        732 [1] pc=[0000000080000398] W[r 5=0000000000000002][1] R[r 0=0000000000000000] R[r 0=0000000000000000] inst=[00200293] li      t0, 2
C0:        733 [1] pc=[000000008000039c] W[r 0=0000000000000000][0] R[r 4=0000000000000002] R[r 5=0000000000000002] inst=[fe5214e3] bne     tp, t0, pc - 24
C0:        734 [1] pc=[00000000800003a0] W[r 7=000000000000008f][1] R[r 0=0000000000000000] R[r 0=0000000000000000] inst=[08f00393] li      t2, 143
C0:        735 [1] pc=[00000000800003a4] W[r 3=000000000000000b][1] R[r 0=0000000000000000] R[r 0=0000000000000000] inst=[00b00193] li      gp, 11
C0:        736 [1] pc=[00000000800003a8] W[r 0=0000000000000000][0] R[r 6=000000000000008f] R[r 7=000000000000008f] inst=[2c731e63] bne     t1, t2, pc + 732
C0:        737 [1] pc=[00000000800003ac] W[r 4=0000000000000000][1] R[r 0=0000000000000000] R[r 0=0000000000000000] inst=[00000213] li      tp, 0
C0:        738 [1] pc=[00000000800003b0] W[r 1=000000000000000e][1] R[r 0=0000000000000000] R[r 0=0000000000000000] inst=[00e00093] li      ra, 14
C0:        739 [1] pc=[00000000800003b4] W[r 2=000000000000000b][1] R[r 0=0000000000000000] R[r 0=0000000000000000] inst=[00b00113] li      sp, 11
C0:        740 [1] pc=[00000000800003b8] W[r14=0000000000000000][0] R[r 1=000000000000000e] R[r 2=000000000000000b] inst=[02208733] mul     a4, ra, sp
C0:        741 [1] pc=[00000000800003bc] W[r 0=0000000000000000][1] R[r 0=0000000000000000] R[r 0=0000000000000000] inst=[00000013] nop
C0:        763 [1] pc=[00000000800003c0] W[r 6=000000000000009a][1] R[r14=000000000000009a] R[r 0=0000000000000000] inst=[00070313] mv      t1, a4
C0:        764 [1] pc=[00000000800003c4] W[r 4=0000000000000001][1] R[r 4=0000000000000000] R[r 0=0000000000000000] inst=[00120213] addi    tp, tp, 1
C0:        765 [1] pc=[00000000800003c8] W[r 5=0000000000000002][1] R[r 0=0000000000000000] R[r 0=0000000000000000] inst=[00200293] li      t0, 2
C0:        766 [1] pc=[00000000800003cc] W[r 0=0000000000000000][0] R[r 4=0000000000000001] R[r 5=0000000000000002] inst=[fe5212e3] bne     tp, t0, pc - 28
C0:        770 [1] pc=[00000000800003b0] W[r 1=000000000000000e][1] R[r 0=0000000000000000] R[r 0=0000000000000000] inst=[00e00093] li      ra, 14
C0:        771 [1] pc=[00000000800003b4] W[r 2=000000000000000b][1] R[r 0=0000000000000000] R[r 0=0000000000000000] inst=[00b00113] li      sp, 11
C0:        772 [1] pc=[00000000800003b8] W[r14=0000000000000000][0] R[r 1=000000000000000e] R[r 2=000000000000000b] inst=[02208733] mul     a4, ra, sp
C0:        773 [1] pc=[00000000800003bc] W[r 0=0000000000000000][1] R[r 0=0000000000000000] R[r 0=0000000000000000] inst=[00000013] nop
C0:        777 [1] pc=[00000000800003c0] W[r 6=000000000000009a][1] R[r14=000000000000009a] R[r 0=0000000000000000] inst=[00070313] mv      t1, a4
C0:        778 [1] pc=[00000000800003c4] W[r 4=0000000000000002][1] R[r 4=0000000000000001] R[r 0=0000000000000000] inst=[00120213] addi    tp, tp, 1
C0:        779 [1] pc=[00000000800003c8] W[r 5=0000000000000002][1] R[r 0=0000000000000000] R[r 0=0000000000000000] inst=[00200293] li      t0, 2
C0:        780 [1] pc=[00000000800003cc] W[r 0=0000000000000000][0] R[r 4=0000000000000002] R[r 5=0000000000000002] inst=[fe5212e3] bne     tp, t0, pc - 28
C0:        781 [1] pc=[00000000800003d0] W[r 7=000000000000009a][1] R[r 0=0000000000000000] R[r 0=0000000000000000] inst=[09a00393] li      t2, 154
C0:        782 [1] pc=[00000000800003d4] W[r 3=000000000000000c][1] R[r 0=0000000000000000] R[r 0=0000000000000000] inst=[00c00193] li      gp, 12
C0:        783 [1] pc=[00000000800003d8] W[r 0=0000000000000000][0] R[r 6=000000000000009a] R[r 7=000000000000009a] inst=[2a731663] bne     t1, t2, pc + 684
C0:        784 [1] pc=[00000000800003dc] W[r 4=0000000000000000][1] R[r 0=0000000000000000] R[r 0=0000000000000000] inst=[00000213] li      tp, 0
C0:        785 [1] pc=[00000000800003e0] W[r 1=000000000000000f][1] R[r 0=0000000000000000] R[r 0=0000000000000000] inst=[00f00093] li      ra, 15
C0:        786 [1] pc=[00000000800003e4] W[r 2=000000000000000b][1] R[r 0=0000000000000000] R[r 0=0000000000000000] inst=[00b00113] li      sp, 11
C0:        787 [1] pc=[00000000800003e8] W[r14=0000000000000000][0] R[r 1=000000000000000f] R[r 2=000000000000000b] inst=[02208733] mul     a4, ra, sp
C0:        788 [1] pc=[00000000800003ec] W[r 0=0000000000000000][1] R[r 0=0000000000000000] R[r 0=0000000000000000] inst=[00000013] nop
C0:        789 [1] pc=[00000000800003f0] W[r 0=0000000000000000][1] R[r 0=0000000000000000] R[r 0=0000000000000000] inst=[00000013] nop
C0:        793 [1] pc=[00000000800003f4] W[r 6=00000000000000a5][1] R[r14=00000000000000a5] R[r 0=0000000000000000] inst=[00070313] mv      t1, a4
C0:        794 [1] pc=[00000000800003f8] W[r 4=0000000000000001][1] R[r 4=0000000000000000] R[r 0=0000000000000000] inst=[00120213] addi    tp, tp, 1
C0:        795 [1] pc=[00000000800003fc] W[r 5=0000000000000002][1] R[r 0=0000000000000000] R[r 0=0000000000000000] inst=[00200293] li      t0, 2
C0:        817 [1] pc=[0000000080000400] W[r 0=0000000000000000][0] R[r 4=0000000000000001] R[r 5=0000000000000002] inst=[fe5210e3] bne     tp, t0, pc - 32
C0:        821 [1] pc=[00000000800003e0] W[r 1=000000000000000f][1] R[r 0=0000000000000000] R[r 0=0000000000000000] inst=[00f00093] li      ra, 15
C0:        822 [1] pc=[00000000800003e4] W[r 2=000000000000000b][1] R[r 0=0000000000000000] R[r 0=0000000000000000] inst=[00b00113] li      sp, 11
C0:        823 [1] pc=[00000000800003e8] W[r14=0000000000000000][0] R[r 1=000000000000000f] R[r 2=000000000000000b] inst=[02208733] mul     a4, ra, sp
C0:        824 [1] pc=[00000000800003ec] W[r 0=0000000000000000][1] R[r 0=0000000000000000] R[r 0=0000000000000000] inst=[00000013] nop
C0:        825 [1] pc=[00000000800003f0] W[r 0=0000000000000000][1] R[r 0=0000000000000000] R[r 0=0000000000000000] inst=[00000013] nop
C0:        829 [1] pc=[00000000800003f4] W[r 6=00000000000000a5][1] R[r14=00000000000000a5] R[r 0=0000000000000000] inst=[00070313] mv      t1, a4
C0:        830 [1] pc=[00000000800003f8] W[r 4=0000000000000002][1] R[r 4=0000000000000001] R[r 0=0000000000000000] inst=[00120213] addi    tp, tp, 1
C0:        831 [1] pc=[00000000800003fc] W[r 5=0000000000000002][1] R[r 0=0000000000000000] R[r 0=0000000000000000] inst=[00200293] li      t0, 2
C0:        832 [1] pc=[0000000080000400] W[r 0=0000000000000000][0] R[r 4=0000000000000002] R[r 5=0000000000000002] inst=[fe5210e3] bne     tp, t0, pc - 32
C0:        836 [1] pc=[0000000080000404] W[r 7=00000000000000a5][1] R[r 0=0000000000000000] R[r 0=0000000000000000] inst=[0a500393] li      t2, 165
C0:        837 [1] pc=[0000000080000408] W[r 3=000000000000000d][1] R[r 0=0000000000000000] R[r 0=0000000000000000] inst=[00d00193] li      gp, 13
C0:        838 [1] pc=[000000008000040c] W[r 0=0000000000000000][0] R[r 6=00000000000000a5] R[r 7=00000000000000a5] inst=[26731c63] bne     t1, t2, pc + 632
C0:        839 [1] pc=[0000000080000410] W[r 4=0000000000000000][1] R[r 0=0000000000000000] R[r 0=0000000000000000] inst=[00000213] li      tp, 0
C0:        840 [1] pc=[0000000080000414] W[r 1=000000000000000d][1] R[r 0=0000000000000000] R[r 0=0000000000000000] inst=[00d00093] li      ra, 13
C0:        841 [1] pc=[0000000080000418] W[r 2=000000000000000b][1] R[r 0=0000000000000000] R[r 0=0000000000000000] inst=[00b00113] li      sp, 11
C0:        842 [1] pc=[000000008000041c] W[r14=0000000000000000][0] R[r 1=000000000000000d] R[r 2=000000000000000b] inst=[02208733] mul     a4, ra, sp
C0:        843 [1] pc=[0000000080000420] W[r 4=0000000000000001][1] R[r 4=0000000000000000] R[r 0=0000000000000000] inst=[00120213] addi    tp, tp, 1
C0:        844 [1] pc=[0000000080000424] W[r 5=0000000000000002][1] R[r 0=0000000000000000] R[r 0=0000000000000000] inst=[00200293] li      t0, 2
C0:        845 [1] pc=[0000000080000428] W[r 0=0000000000000000][0] R[r 4=0000000000000001] R[r 5=0000000000000002] inst=[fe5216e3] bne     tp, t0, pc - 20
C0:        849 [1] pc=[0000000080000414] W[r 1=000000000000000d][1] R[r 0=0000000000000000] R[r 0=0000000000000000] inst=[00d00093] li      ra, 13
C0:        850 [1] pc=[0000000080000418] W[r 2=000000000000000b][1] R[r 0=0000000000000000] R[r 0=0000000000000000] inst=[00b00113] li      sp, 11
C0:        851 [1] pc=[000000008000041c] W[r14=0000000000000000][0] R[r 1=000000000000000d] R[r 2=000000000000000b] inst=[02208733] mul     a4, ra, sp
C0:        852 [1] pc=[0000000080000420] W[r 4=0000000000000002][1] R[r 4=0000000000000001] R[r 0=0000000000000000] inst=[00120213] addi    tp, tp, 1
C0:        853 [1] pc=[0000000080000424] W[r 5=0000000000000002][1] R[r 0=0000000000000000] R[r 0=0000000000000000] inst=[00200293] li      t0, 2
C0:        854 [1] pc=[0000000080000428] W[r 0=0000000000000000][0] R[r 4=0000000000000002] R[r 5=0000000000000002] inst=[fe5216e3] bne     tp, t0, pc - 20
C0:        858 [1] pc=[000000008000042c] W[r 7=000000000000008f][1] R[r 0=0000000000000000] R[r 0=0000000000000000] inst=[08f00393] li      t2, 143
C0:        859 [1] pc=[0000000080000430] W[r 3=000000000000000e][1] R[r 0=0000000000000000] R[r 0=0000000000000000] inst=[00e00193] li      gp, 14
C0:        860 [1] pc=[0000000080000434] W[r 0=0000000000000000][0] R[r14=000000000000008f] R[r 7=000000000000008f] inst=[24771863] bne     a4, t2, pc + 592
C0:        861 [1] pc=[0000000080000438] W[r 4=0000000000000000][1] R[r 0=0000000000000000] R[r 0=0000000000000000] inst=[00000213] li      tp, 0
C0:        862 [1] pc=[000000008000043c] W[r 1=000000000000000e][1] R[r 0=0000000000000000] R[r 0=0000000000000000] inst=[00e00093] li      ra, 14
C0:        884 [1] pc=[0000000080000440] W[r 2=000000000000000b][1] R[r 0=0000000000000000] R[r 0=0000000000000000] inst=[00b00113] li      sp, 11
C0:        885 [1] pc=[0000000080000444] W[r 0=0000000000000000][1] R[r 0=0000000000000000] R[r 0=0000000000000000] inst=[00000013] nop
C0:        886 [1] pc=[0000000080000448] W[r14=0000000000000000][0] R[r 1=000000000000000e] R[r 2=000000000000000b] inst=[02208733] mul     a4, ra, sp
C0:        887 [1] pc=[000000008000044c] W[r 4=0000000000000001][1] R[r 4=0000000000000000] R[r 0=0000000000000000] inst=[00120213] addi    tp, tp, 1
C0:        888 [1] pc=[0000000080000450] W[r 5=0000000000000002][1] R[r 0=0000000000000000] R[r 0=0000000000000000] inst=[00200293] li      t0, 2
C0:        889 [1] pc=[0000000080000454] W[r 0=0000000000000000][0] R[r 4=0000000000000001] R[r 5=0000000000000002] inst=[fe5214e3] bne     tp, t0, pc - 24
C0:        893 [1] pc=[000000008000043c] W[r 1=000000000000000e][1] R[r 0=0000000000000000] R[r 0=0000000000000000] inst=[00e00093] li      ra, 14
C0:        894 [1] pc=[0000000080000440] W[r 2=000000000000000b][1] R[r 0=0000000000000000] R[r 0=0000000000000000] inst=[00b00113] li      sp, 11
C0:        895 [1] pc=[0000000080000444] W[r 0=0000000000000000][1] R[r 0=0000000000000000] R[r 0=0000000000000000] inst=[00000013] nop
C0:        896 [1] pc=[0000000080000448] W[r14=0000000000000000][0] R[r 1=000000000000000e] R[r 2=000000000000000b] inst=[02208733] mul     a4, ra, sp
C0:        897 [1] pc=[000000008000044c] W[r 4=0000000000000002][1] R[r 4=0000000000000001] R[r 0=0000000000000000] inst=[00120213] addi    tp, tp, 1
C0:        898 [1] pc=[0000000080000450] W[r 5=0000000000000002][1] R[r 0=0000000000000000] R[r 0=0000000000000000] inst=[00200293] li      t0, 2
C0:        899 [1] pc=[0000000080000454] W[r 0=0000000000000000][0] R[r 4=0000000000000002] R[r 5=0000000000000002] inst=[fe5214e3] bne     tp, t0, pc - 24
C0:        903 [1] pc=[0000000080000458] W[r 7=000000000000009a][1] R[r 0=0000000000000000] R[r 0=0000000000000000] inst=[09a00393] li      t2, 154
C0:        904 [1] pc=[000000008000045c] W[r 3=000000000000000f][1] R[r 0=0000000000000000] R[r 0=0000000000000000] inst=[00f00193] li      gp, 15
C0:        905 [1] pc=[0000000080000460] W[r 0=0000000000000000][0] R[r14=000000000000009a] R[r 7=000000000000009a] inst=[22771263] bne     a4, t2, pc + 548
C0:        906 [1] pc=[0000000080000464] W[r 4=0000000000000000][1] R[r 0=0000000000000000] R[r 0=0000000000000000] inst=[00000213] li      tp, 0
C0:        907 [1] pc=[0000000080000468] W[r 1=000000000000000f][1] R[r 0=0000000000000000] R[r 0=0000000000000000] inst=[00f00093] li      ra, 15
C0:        908 [1] pc=[000000008000046c] W[r 2=000000000000000b][1] R[r 0=0000000000000000] R[r 0=0000000000000000] inst=[00b00113] li      sp, 11
C0:        909 [1] pc=[0000000080000470] W[r 0=0000000000000000][1] R[r 0=0000000000000000] R[r 0=0000000000000000] inst=[00000013] nop
C0:        910 [1] pc=[0000000080000474] W[r 0=0000000000000000][1] R[r 0=0000000000000000] R[r 0=0000000000000000] inst=[00000013] nop
C0:        911 [1] pc=[0000000080000478] W[r14=0000000000000000][0] R[r 1=000000000000000f] R[r 2=000000000000000b] inst=[02208733] mul     a4, ra, sp
C0:        912 [1] pc=[000000008000047c] W[r 4=0000000000000001][1] R[r 4=0000000000000000] R[r 0=0000000000000000] inst=[00120213] addi    tp, tp, 1
C0:        934 [1] pc=[0000000080000480] W[r 5=0000000000000002][1] R[r 0=0000000000000000] R[r 0=0000000000000000] inst=[00200293] li      t0, 2
C0:        935 [1] pc=[0000000080000484] W[r 0=0000000000000000][0] R[r 4=0000000000000001] R[r 5=0000000000000002] inst=[fe5212e3] bne     tp, t0, pc - 28
C0:        939 [1] pc=[0000000080000468] W[r 1=000000000000000f][1] R[r 0=0000000000000000] R[r 0=0000000000000000] inst=[00f00093] li      ra, 15
C0:        940 [1] pc=[000000008000046c] W[r 2=000000000000000b][1] R[r 0=0000000000000000] R[r 0=0000000000000000] inst=[00b00113] li      sp, 11
C0:        941 [1] pc=[0000000080000470] W[r 0=0000000000000000][1] R[r 0=0000000000000000] R[r 0=0000000000000000] inst=[00000013] nop
C0:        942 [1] pc=[0000000080000474] W[r 0=0000000000000000][1] R[r 0=0000000000000000] R[r 0=0000000000000000] inst=[00000013] nop
C0:        943 [1] pc=[0000000080000478] W[r14=0000000000000000][0] R[r 1=000000000000000f] R[r 2=000000000000000b] inst=[02208733] mul     a4, ra, sp
C0:        944 [1] pc=[000000008000047c] W[r 4=0000000000000002][1] R[r 4=0000000000000001] R[r 0=0000000000000000] inst=[00120213] addi    tp, tp, 1
C0:        945 [1] pc=[0000000080000480] W[r 5=0000000000000002][1] R[r 0=0000000000000000] R[r 0=0000000000000000] inst=[00200293] li      t0, 2
C0:        946 [1] pc=[0000000080000484] W[r 0=0000000000000000][0] R[r 4=0000000000000002] R[r 5=0000000000000002] inst=[fe5212e3] bne     tp, t0, pc - 28
C0:        950 [1] pc=[0000000080000488] W[r 7=00000000000000a5][1] R[r 0=0000000000000000] R[r 0=0000000000000000] inst=[0a500393] li      t2, 165
C0:        951 [1] pc=[000000008000048c] W[r 3=0000000000000010][1] R[r 0=0000000000000000] R[r 0=0000000000000000] inst=[01000193] li      gp, 16
C0:        952 [1] pc=[0000000080000490] W[r 0=0000000000000000][0] R[r14=00000000000000a5] R[r 7=00000000000000a5] inst=[1e771a63] bne     a4, t2, pc + 500
C0:        953 [1] pc=[0000000080000494] W[r 4=0000000000000000][1] R[r 0=0000000000000000] R[r 0=0000000000000000] inst=[00000213] li      tp, 0
C0:        954 [1] pc=[0000000080000498] W[r 1=000000000000000d][1] R[r 0=0000000000000000] R[r 0=0000000000000000] inst=[00d00093] li      ra, 13
C0:        955 [1] pc=[000000008000049c] W[r 0=0000000000000000][1] R[r 0=0000000000000000] R[r 0=0000000000000000] inst=[00000013] nop
C0:        956 [1] pc=[00000000800004a0] W[r 2=000000000000000b][1] R[r 0=0000000000000000] R[r 0=0000000000000000] inst=[00b00113] li      sp, 11
C0:        957 [1] pc=[00000000800004a4] W[r14=0000000000000000][0] R[r 1=000000000000000d] R[r 2=000000000000000b] inst=[02208733] mul     a4, ra, sp
C0:        958 [1] pc=[00000000800004a8] W[r 4=0000000000000001][1] R[r 4=0000000000000000] R[r 0=0000000000000000] inst=[00120213] addi    tp, tp, 1
C0:        959 [1] pc=[00000000800004ac] W[r 5=0000000000000002][1] R[r 0=0000000000000000] R[r 0=0000000000000000] inst=[00200293] li      t0, 2
C0:        960 [1] pc=[00000000800004b0] W[r 0=0000000000000000][0] R[r 4=0000000000000001] R[r 5=0000000000000002] inst=[fe5214e3] bne     tp, t0, pc - 24
C0:        964 [1] pc=[0000000080000498] W[r 1=000000000000000d][1] R[r 0=0000000000000000] R[r 0=0000000000000000] inst=[00d00093] li      ra, 13
C0:        965 [1] pc=[000000008000049c] W[r 0=0000000000000000][1] R[r 0=0000000000000000] R[r 0=0000000000000000] inst=[00000013] nop
C0:        966 [1] pc=[00000000800004a0] W[r 2=000000000000000b][1] R[r 0=0000000000000000] R[r 0=0000000000000000] inst=[00b00113] li      sp, 11
C0:        967 [1] pc=[00000000800004a4] W[r14=0000000000000000][0] R[r 1=000000000000000d] R[r 2=000000000000000b] inst=[02208733] mul     a4, ra, sp
C0:        968 [1] pc=[00000000800004a8] W[r 4=0000000000000002][1] R[r 4=0000000000000001] R[r 0=0000000000000000] inst=[00120213] addi    tp, tp, 1
C0:        969 [1] pc=[00000000800004ac] W[r 5=0000000000000002][1] R[r 0=0000000000000000] R[r 0=0000000000000000] inst=[00200293] li      t0, 2
C0:        970 [1] pc=[00000000800004b0] W[r 0=0000000000000000][0] R[r 4=0000000000000002] R[r 5=0000000000000002] inst=[fe5214e3] bne     tp, t0, pc - 24
C0:        974 [1] pc=[00000000800004b4] W[r 7=000000000000008f][1] R[r 0=0000000000000000] R[r 0=0000000000000000] inst=[08f00393] li      t2, 143
C0:        975 [1] pc=[00000000800004b8] W[r 3=0000000000000011][1] R[r 0=0000000000000000] R[r 0=0000000000000000] inst=[01100193] li      gp, 17
C0:        976 [1] pc=[00000000800004bc] W[r 0=0000000000000000][0] R[r14=000000000000008f] R[r 7=000000000000008f] inst=[1c771463] bne     a4, t2, pc + 456
C0:        998 [1] pc=[00000000800004c0] W[r 4=0000000000000000][1] R[r 0=0000000000000000] R[r 0=0000000000000000] inst=[00000213] li      tp, 0
C0:        999 [1] pc=[00000000800004c4] W[r 1=000000000000000e][1] R[r 0=0000000000000000] R[r 0=0000000000000000] inst=[00e00093] li      ra, 14
C0:       1000 [1] pc=[00000000800004c8] W[r 0=0000000000000000][1] R[r 0=0000000000000000] R[r 0=0000000000000000] inst=[00000013] nop
C0:       1001 [1] pc=[00000000800004cc] W[r 2=000000000000000b][1] R[r 0=0000000000000000] R[r 0=0000000000000000] inst=[00b00113] li      sp, 11
C0:       1002 [1] pc=[00000000800004d0] W[r 0=0000000000000000][1] R[r 0=0000000000000000] R[r 0=0000000000000000] inst=[00000013] nop
C0:       1003 [1] pc=[00000000800004d4] W[r14=0000000000000000][0] R[r 1=000000000000000e] R[r 2=000000000000000b] inst=[02208733] mul     a4, ra, sp
C0:       1004 [1] pc=[00000000800004d8] W[r 4=0000000000000001][1] R[r 4=0000000000000000] R[r 0=0000000000000000] inst=[00120213] addi    tp, tp, 1
C0:       1005 [1] pc=[00000000800004dc] W[r 5=0000000000000002][1] R[r 0=0000000000000000] R[r 0=0000000000000000] inst=[00200293] li      t0, 2
C0:       1006 [1] pc=[00000000800004e0] W[r 0=0000000000000000][0] R[r 4=0000000000000001] R[r 5=0000000000000002] inst=[fe5212e3] bne     tp, t0, pc - 28
C0:       1010 [1] pc=[00000000800004c4] W[r 1=000000000000000e][1] R[r 0=0000000000000000] R[r 0=0000000000000000] inst=[00e00093] li      ra, 14
C0:       1011 [1] pc=[00000000800004c8] W[r 0=0000000000000000][1] R[r 0=0000000000000000] R[r 0=0000000000000000] inst=[00000013] nop
C0:       1012 [1] pc=[00000000800004cc] W[r 2=000000000000000b][1] R[r 0=0000000000000000] R[r 0=0000000000000000] inst=[00b00113] li      sp, 11
C0:       1013 [1] pc=[00000000800004d0] W[r 0=0000000000000000][1] R[r 0=0000000000000000] R[r 0=0000000000000000] inst=[00000013] nop
C0:       1014 [1] pc=[00000000800004d4] W[r14=0000000000000000][0] R[r 1=000000000000000e] R[r 2=000000000000000b] inst=[02208733] mul     a4, ra, sp
C0:       1015 [1] pc=[00000000800004d8] W[r 4=0000000000000002][1] R[r 4=0000000000000001] R[r 0=0000000000000000] inst=[00120213] addi    tp, tp, 1
C0:       1016 [1] pc=[00000000800004dc] W[r 5=0000000000000002][1] R[r 0=0000000000000000] R[r 0=0000000000000000] inst=[00200293] li      t0, 2
C0:       1017 [1] pc=[00000000800004e0] W[r 0=0000000000000000][0] R[r 4=0000000000000002] R[r 5=0000000000000002] inst=[fe5212e3] bne     tp, t0, pc - 28
C0:       1021 [1] pc=[00000000800004e4] W[r 7=000000000000009a][1] R[r 0=0000000000000000] R[r 0=0000000000000000] inst=[09a00393] li      t2, 154
C0:       1022 [1] pc=[00000000800004e8] W[r 3=0000000000000012][1] R[r 0=0000000000000000] R[r 0=0000000000000000] inst=[01200193] li      gp, 18
C0:       1023 [1] pc=[00000000800004ec] W[r 0=0000000000000000][0] R[r14=000000000000009a] R[r 7=000000000000009a] inst=[18771c63] bne     a4, t2, pc + 408
C0:       1024 [1] pc=[00000000800004f0] W[r 4=0000000000000000][1] R[r 0=0000000000000000] R[r 0=0000000000000000] inst=[00000213] li      tp, 0
C0:       1025 [1] pc=[00000000800004f4] W[r 1=000000000000000f][1] R[r 0=0000000000000000] R[r 0=0000000000000000] inst=[00f00093] li      ra, 15
C0:       1026 [1] pc=[00000000800004f8] W[r 0=0000000000000000][1] R[r 0=0000000000000000] R[r 0=0000000000000000] inst=[00000013] nop
C0:       1027 [1] pc=[00000000800004fc] W[r 0=0000000000000000][1] R[r 0=0000000000000000] R[r 0=0000000000000000] inst=[00000013] nop
C0:       1049 [1] pc=[0000000080000500] W[r 2=000000000000000b][1] R[r 0=0000000000000000] R[r 0=0000000000000000] inst=[00b00113] li      sp, 11
C0:       1050 [1] pc=[0000000080000504] W[r14=0000000000000000][0] R[r 1=000000000000000f] R[r 2=000000000000000b] inst=[02208733] mul     a4, ra, sp
C0:       1051 [1] pc=[0000000080000508] W[r 4=0000000000000001][1] R[r 4=0000000000000000] R[r 0=0000000000000000] inst=[00120213] addi    tp, tp, 1
C0:       1052 [1] pc=[000000008000050c] W[r 5=0000000000000002][1] R[r 0=0000000000000000] R[r 0=0000000000000000] inst=[00200293] li      t0, 2
C0:       1053 [1] pc=[0000000080000510] W[r 0=0000000000000000][0] R[r 4=0000000000000001] R[r 5=0000000000000002] inst=[fe5212e3] bne     tp, t0, pc - 28
C0:       1057 [1] pc=[00000000800004f4] W[r 1=000000000000000f][1] R[r 0=0000000000000000] R[r 0=0000000000000000] inst=[00f00093] li      ra, 15
C0:       1058 [1] pc=[00000000800004f8] W[r 0=0000000000000000][1] R[r 0=0000000000000000] R[r 0=0000000000000000] inst=[00000013] nop
C0:       1059 [1] pc=[00000000800004fc] W[r 0=0000000000000000][1] R[r 0=0000000000000000] R[r 0=0000000000000000] inst=[00000013] nop
C0:       1060 [1] pc=[0000000080000500] W[r 2=000000000000000b][1] R[r 0=0000000000000000] R[r 0=0000000000000000] inst=[00b00113] li      sp, 11
C0:       1061 [1] pc=[0000000080000504] W[r14=0000000000000000][0] R[r 1=000000000000000f] R[r 2=000000000000000b] inst=[02208733] mul     a4, ra, sp
C0:       1062 [1] pc=[0000000080000508] W[r 4=0000000000000002][1] R[r 4=0000000000000001] R[r 0=0000000000000000] inst=[00120213] addi    tp, tp, 1
C0:       1063 [1] pc=[000000008000050c] W[r 5=0000000000000002][1] R[r 0=0000000000000000] R[r 0=0000000000000000] inst=[00200293] li      t0, 2
C0:       1064 [1] pc=[0000000080000510] W[r 0=0000000000000000][0] R[r 4=0000000000000002] R[r 5=0000000000000002] inst=[fe5212e3] bne     tp, t0, pc - 28
C0:       1068 [1] pc=[0000000080000514] W[r 7=00000000000000a5][1] R[r 0=0000000000000000] R[r 0=0000000000000000] inst=[0a500393] li      t2, 165
C0:       1069 [1] pc=[0000000080000518] W[r 3=0000000000000013][1] R[r 0=0000000000000000] R[r 0=0000000000000000] inst=[01300193] li      gp, 19
C0:       1070 [1] pc=[000000008000051c] W[r 0=0000000000000000][0] R[r14=00000000000000a5] R[r 7=00000000000000a5] inst=[16771463] bne     a4, t2, pc + 360
C0:       1071 [1] pc=[0000000080000520] W[r 4=0000000000000000][1] R[r 0=0000000000000000] R[r 0=0000000000000000] inst=[00000213] li      tp, 0
C0:       1072 [1] pc=[0000000080000524] W[r 2=000000000000000b][1] R[r 0=0000000000000000] R[r 0=0000000000000000] inst=[00b00113] li      sp, 11
C0:       1073 [1] pc=[0000000080000528] W[r 1=000000000000000d][1] R[r 0=0000000000000000] R[r 0=0000000000000000] inst=[00d00093] li      ra, 13
C0:       1074 [1] pc=[000000008000052c] W[r14=0000000000000000][0] R[r 1=000000000000000d] R[r 2=000000000000000b] inst=[02208733] mul     a4, ra, sp
C0:       1075 [1] pc=[0000000080000530] W[r 4=0000000000000001][1] R[r 4=0000000000000000] R[r 0=0000000000000000] inst=[00120213] addi    tp, tp, 1
C0:       1076 [1] pc=[0000000080000534] W[r 5=0000000000000002][1] R[r 0=0000000000000000] R[r 0=0000000000000000] inst=[00200293] li      t0, 2
C0:       1077 [1] pc=[0000000080000538] W[r 0=0000000000000000][0] R[r 4=0000000000000001] R[r 5=0000000000000002] inst=[fe5216e3] bne     tp, t0, pc - 20
C0:       1081 [1] pc=[0000000080000524] W[r 2=000000000000000b][1] R[r 0=0000000000000000] R[r 0=0000000000000000] inst=[00b00113] li      sp, 11
C0:       1082 [1] pc=[0000000080000528] W[r 1=000000000000000d][1] R[r 0=0000000000000000] R[r 0=0000000000000000] inst=[00d00093] li      ra, 13
C0:       1083 [1] pc=[000000008000052c] W[r14=0000000000000000][0] R[r 1=000000000000000d] R[r 2=000000000000000b] inst=[02208733] mul     a4, ra, sp
C0:       1084 [1] pc=[0000000080000530] W[r 4=0000000000000002][1] R[r 4=0000000000000001] R[r 0=0000000000000000] inst=[00120213] addi    tp, tp, 1
C0:       1085 [1] pc=[0000000080000534] W[r 5=0000000000000002][1] R[r 0=0000000000000000] R[r 0=0000000000000000] inst=[00200293] li      t0, 2
C0:       1086 [1] pc=[0000000080000538] W[r 0=0000000000000000][0] R[r 4=0000000000000002] R[r 5=0000000000000002] inst=[fe5216e3] bne     tp, t0, pc - 20
C0:       1090 [1] pc=[000000008000053c] W[r 7=000000000000008f][1] R[r 0=0000000000000000] R[r 0=0000000000000000] inst=[08f00393] li      t2, 143
C0:       1112 [1] pc=[0000000080000540] W[r 3=0000000000000014][1] R[r 0=0000000000000000] R[r 0=0000000000000000] inst=[01400193] li      gp, 20
C0:       1113 [1] pc=[0000000080000544] W[r 0=0000000000000000][0] R[r14=000000000000008f] R[r 7=000000000000008f] inst=[14771063] bne     a4, t2, pc + 320
C0:       1114 [1] pc=[0000000080000548] W[r 4=0000000000000000][1] R[r 0=0000000000000000] R[r 0=0000000000000000] inst=[00000213] li      tp, 0
C0:       1115 [1] pc=[000000008000054c] W[r 2=000000000000000b][1] R[r 0=0000000000000000] R[r 0=0000000000000000] inst=[00b00113] li      sp, 11
C0:       1116 [1] pc=[0000000080000550] W[r 1=000000000000000e][1] R[r 0=0000000000000000] R[r 0=0000000000000000] inst=[00e00093] li      ra, 14
C0:       1117 [1] pc=[0000000080000554] W[r 0=0000000000000000][1] R[r 0=0000000000000000] R[r 0=0000000000000000] inst=[00000013] nop
C0:       1118 [1] pc=[0000000080000558] W[r14=0000000000000000][0] R[r 1=000000000000000e] R[r 2=000000000000000b] inst=[02208733] mul     a4, ra, sp
C0:       1119 [1] pc=[000000008000055c] W[r 4=0000000000000001][1] R[r 4=0000000000000000] R[r 0=0000000000000000] inst=[00120213] addi    tp, tp, 1
C0:       1120 [1] pc=[0000000080000560] W[r 5=0000000000000002][1] R[r 0=0000000000000000] R[r 0=0000000000000000] inst=[00200293] li      t0, 2
C0:       1121 [1] pc=[0000000080000564] W[r 0=0000000000000000][0] R[r 4=0000000000000001] R[r 5=0000000000000002] inst=[fe5214e3] bne     tp, t0, pc - 24
C0:       1125 [1] pc=[000000008000054c] W[r 2=000000000000000b][1] R[r 0=0000000000000000] R[r 0=0000000000000000] inst=[00b00113] li      sp, 11
C0:       1126 [1] pc=[0000000080000550] W[r 1=000000000000000e][1] R[r 0=0000000000000000] R[r 0=0000000000000000] inst=[00e00093] li      ra, 14
C0:       1127 [1] pc=[0000000080000554] W[r 0=0000000000000000][1] R[r 0=0000000000000000] R[r 0=0000000000000000] inst=[00000013] nop
C0:       1128 [1] pc=[0000000080000558] W[r14=0000000000000000][0] R[r 1=000000000000000e] R[r 2=000000000000000b] inst=[02208733] mul     a4, ra, sp
C0:       1129 [1] pc=[000000008000055c] W[r 4=0000000000000002][1] R[r 4=0000000000000001] R[r 0=0000000000000000] inst=[00120213] addi    tp, tp, 1
C0:       1130 [1] pc=[0000000080000560] W[r 5=0000000000000002][1] R[r 0=0000000000000000] R[r 0=0000000000000000] inst=[00200293] li      t0, 2
C0:       1131 [1] pc=[0000000080000564] W[r 0=0000000000000000][0] R[r 4=0000000000000002] R[r 5=0000000000000002] inst=[fe5214e3] bne     tp, t0, pc - 24
C0:       1135 [1] pc=[0000000080000568] W[r 7=000000000000009a][1] R[r 0=0000000000000000] R[r 0=0000000000000000] inst=[09a00393] li      t2, 154
C0:       1136 [1] pc=[000000008000056c] W[r 3=0000000000000015][1] R[r 0=0000000000000000] R[r 0=0000000000000000] inst=[01500193] li      gp, 21
C0:       1137 [1] pc=[0000000080000570] W[r 0=0000000000000000][0] R[r14=000000000000009a] R[r 7=000000000000009a] inst=[10771a63] bne     a4, t2, pc + 276
C0:       1138 [1] pc=[0000000080000574] W[r 4=0000000000000000][1] R[r 0=0000000000000000] R[r 0=0000000000000000] inst=[00000213] li      tp, 0
C0:       1139 [1] pc=[0000000080000578] W[r 2=000000000000000b][1] R[r 0=0000000000000000] R[r 0=0000000000000000] inst=[00b00113] li      sp, 11
C0:       1140 [1] pc=[000000008000057c] W[r 1=000000000000000f][1] R[r 0=0000000000000000] R[r 0=0000000000000000] inst=[00f00093] li      ra, 15
C0:       1162 [1] pc=[0000000080000580] W[r 0=0000000000000000][1] R[r 0=0000000000000000] R[r 0=0000000000000000] inst=[00000013] nop
C0:       1163 [1] pc=[0000000080000584] W[r 0=0000000000000000][1] R[r 0=0000000000000000] R[r 0=0000000000000000] inst=[00000013] nop
C0:       1164 [1] pc=[0000000080000588] W[r14=0000000000000000][0] R[r 1=000000000000000f] R[r 2=000000000000000b] inst=[02208733] mul     a4, ra, sp
C0:       1165 [1] pc=[000000008000058c] W[r 4=0000000000000001][1] R[r 4=0000000000000000] R[r 0=0000000000000000] inst=[00120213] addi    tp, tp, 1
C0:       1166 [1] pc=[0000000080000590] W[r 5=0000000000000002][1] R[r 0=0000000000000000] R[r 0=0000000000000000] inst=[00200293] li      t0, 2
C0:       1167 [1] pc=[0000000080000594] W[r 0=0000000000000000][0] R[r 4=0000000000000001] R[r 5=0000000000000002] inst=[fe5212e3] bne     tp, t0, pc - 28
C0:       1171 [1] pc=[0000000080000578] W[r 2=000000000000000b][1] R[r 0=0000000000000000] R[r 0=0000000000000000] inst=[00b00113] li      sp, 11
C0:       1172 [1] pc=[000000008000057c] W[r 1=000000000000000f][1] R[r 0=0000000000000000] R[r 0=0000000000000000] inst=[00f00093] li      ra, 15
C0:       1173 [1] pc=[0000000080000580] W[r 0=0000000000000000][1] R[r 0=0000000000000000] R[r 0=0000000000000000] inst=[00000013] nop
C0:       1174 [1] pc=[0000000080000584] W[r 0=0000000000000000][1] R[r 0=0000000000000000] R[r 0=0000000000000000] inst=[00000013] nop
C0:       1175 [1] pc=[0000000080000588] W[r14=0000000000000000][0] R[r 1=000000000000000f] R[r 2=000000000000000b] inst=[02208733] mul     a4, ra, sp
C0:       1176 [1] pc=[000000008000058c] W[r 4=0000000000000002][1] R[r 4=0000000000000001] R[r 0=0000000000000000] inst=[00120213] addi    tp, tp, 1
C0:       1177 [1] pc=[0000000080000590] W[r 5=0000000000000002][1] R[r 0=0000000000000000] R[r 0=0000000000000000] inst=[00200293] li      t0, 2
C0:       1178 [1] pc=[0000000080000594] W[r 0=0000000000000000][0] R[r 4=0000000000000002] R[r 5=0000000000000002] inst=[fe5212e3] bne     tp, t0, pc - 28
C0:       1182 [1] pc=[0000000080000598] W[r 7=00000000000000a5][1] R[r 0=0000000000000000] R[r 0=0000000000000000] inst=[0a500393] li      t2, 165
C0:       1183 [1] pc=[000000008000059c] W[r 3=0000000000000016][1] R[r 0=0000000000000000] R[r 0=0000000000000000] inst=[01600193] li      gp, 22
C0:       1184 [1] pc=[00000000800005a0] W[r 0=0000000000000000][0] R[r14=00000000000000a5] R[r 7=00000000000000a5] inst=[0e771263] bne     a4, t2, pc + 228
C0:       1185 [1] pc=[00000000800005a4] W[r 4=0000000000000000][1] R[r 0=0000000000000000] R[r 0=0000000000000000] inst=[00000213] li      tp, 0
C0:       1186 [1] pc=[00000000800005a8] W[r 2=000000000000000b][1] R[r 0=0000000000000000] R[r 0=0000000000000000] inst=[00b00113] li      sp, 11
C0:       1187 [1] pc=[00000000800005ac] W[r 0=0000000000000000][1] R[r 0=0000000000000000] R[r 0=0000000000000000] inst=[00000013] nop
C0:       1188 [1] pc=[00000000800005b0] W[r 1=000000000000000d][1] R[r 0=0000000000000000] R[r 0=0000000000000000] inst=[00d00093] li      ra, 13
C0:       1189 [1] pc=[00000000800005b4] W[r14=0000000000000000][0] R[r 1=000000000000000d] R[r 2=000000000000000b] inst=[02208733] mul     a4, ra, sp
C0:       1190 [1] pc=[00000000800005b8] W[r 4=0000000000000001][1] R[r 4=0000000000000000] R[r 0=0000000000000000] inst=[00120213] addi    tp, tp, 1
C0:       1191 [1] pc=[00000000800005bc] W[r 5=0000000000000002][1] R[r 0=0000000000000000] R[r 0=0000000000000000] inst=[00200293] li      t0, 2
C0:       1213 [1] pc=[00000000800005c0] W[r 0=0000000000000000][0] R[r 4=0000000000000001] R[r 5=0000000000000002] inst=[fe5214e3] bne     tp, t0, pc - 24
C0:       1217 [1] pc=[00000000800005a8] W[r 2=000000000000000b][1] R[r 0=0000000000000000] R[r 0=0000000000000000] inst=[00b00113] li      sp, 11
C0:       1218 [1] pc=[00000000800005ac] W[r 0=0000000000000000][1] R[r 0=0000000000000000] R[r 0=0000000000000000] inst=[00000013] nop
C0:       1219 [1] pc=[00000000800005b0] W[r 1=000000000000000d][1] R[r 0=0000000000000000] R[r 0=0000000000000000] inst=[00d00093] li      ra, 13
C0:       1220 [1] pc=[00000000800005b4] W[r14=0000000000000000][0] R[r 1=000000000000000d] R[r 2=000000000000000b] inst=[02208733] mul     a4, ra, sp
C0:       1221 [1] pc=[00000000800005b8] W[r 4=0000000000000002][1] R[r 4=0000000000000001] R[r 0=0000000000000000] inst=[00120213] addi    tp, tp, 1
C0:       1222 [1] pc=[00000000800005bc] W[r 5=0000000000000002][1] R[r 0=0000000000000000] R[r 0=0000000000000000] inst=[00200293] li      t0, 2
C0:       1223 [1] pc=[00000000800005c0] W[r 0=0000000000000000][0] R[r 4=0000000000000002] R[r 5=0000000000000002] inst=[fe5214e3] bne     tp, t0, pc - 24
C0:       1227 [1] pc=[00000000800005c4] W[r 7=000000000000008f][1] R[r 0=0000000000000000] R[r 0=0000000000000000] inst=[08f00393] li      t2, 143
C0:       1228 [1] pc=[00000000800005c8] W[r 3=0000000000000017][1] R[r 0=0000000000000000] R[r 0=0000000000000000] inst=[01700193] li      gp, 23
C0:       1229 [1] pc=[00000000800005cc] W[r 0=0000000000000000][0] R[r14=000000000000008f] R[r 7=000000000000008f] inst=[0a771c63] bne     a4, t2, pc + 184
C0:       1230 [1] pc=[00000000800005d0] W[r 4=0000000000000000][1] R[r 0=0000000000000000] R[r 0=0000000000000000] inst=[00000213] li      tp, 0
C0:       1231 [1] pc=[00000000800005d4] W[r 2=000000000000000b][1] R[r 0=0000000000000000] R[r 0=0000000000000000] inst=[00b00113] li      sp, 11
C0:       1232 [1] pc=[00000000800005d8] W[r 0=0000000000000000][1] R[r 0=0000000000000000] R[r 0=0000000000000000] inst=[00000013] nop
C0:       1233 [1] pc=[00000000800005dc] W[r 1=000000000000000e][1] R[r 0=0000000000000000] R[r 0=0000000000000000] inst=[00e00093] li      ra, 14
C0:       1234 [1] pc=[00000000800005e0] W[r 0=0000000000000000][1] R[r 0=0000000000000000] R[r 0=0000000000000000] inst=[00000013] nop
C0:       1235 [1] pc=[00000000800005e4] W[r14=0000000000000000][0] R[r 1=000000000000000e] R[r 2=000000000000000b] inst=[02208733] mul     a4, ra, sp
C0:       1236 [1] pc=[00000000800005e8] W[r 4=0000000000000001][1] R[r 4=0000000000000000] R[r 0=0000000000000000] inst=[00120213] addi    tp, tp, 1
C0:       1237 [1] pc=[00000000800005ec] W[r 5=0000000000000002][1] R[r 0=0000000000000000] R[r 0=0000000000000000] inst=[00200293] li      t0, 2
C0:       1238 [1] pc=[00000000800005f0] W[r 0=0000000000000000][0] R[r 4=0000000000000001] R[r 5=0000000000000002] inst=[fe5212e3] bne     tp, t0, pc - 28
C0:       1242 [1] pc=[00000000800005d4] W[r 2=000000000000000b][1] R[r 0=0000000000000000] R[r 0=0000000000000000] inst=[00b00113] li      sp, 11
C0:       1243 [1] pc=[00000000800005d8] W[r 0=0000000000000000][1] R[r 0=0000000000000000] R[r 0=0000000000000000] inst=[00000013] nop
C0:       1244 [1] pc=[00000000800005dc] W[r 1=000000000000000e][1] R[r 0=0000000000000000] R[r 0=0000000000000000] inst=[00e00093] li      ra, 14
C0:       1245 [1] pc=[00000000800005e0] W[r 0=0000000000000000][1] R[r 0=0000000000000000] R[r 0=0000000000000000] inst=[00000013] nop
C0:       1246 [1] pc=[00000000800005e4] W[r14=0000000000000000][0] R[r 1=000000000000000e] R[r 2=000000000000000b] inst=[02208733] mul     a4, ra, sp
C0:       1247 [1] pc=[00000000800005e8] W[r 4=0000000000000002][1] R[r 4=0000000000000001] R[r 0=0000000000000000] inst=[00120213] addi    tp, tp, 1
C0:       1248 [1] pc=[00000000800005ec] W[r 5=0000000000000002][1] R[r 0=0000000000000000] R[r 0=0000000000000000] inst=[00200293] li      t0, 2
C0:       1249 [1] pc=[00000000800005f0] W[r 0=0000000000000000][0] R[r 4=0000000000000002] R[r 5=0000000000000002] inst=[fe5212e3] bne     tp, t0, pc - 28
C0:       1253 [1] pc=[00000000800005f4] W[r 7=000000000000009a][1] R[r 0=0000000000000000] R[r 0=0000000000000000] inst=[09a00393] li      t2, 154
C0:       1254 [1] pc=[00000000800005f8] W[r 3=0000000000000018][1] R[r 0=0000000000000000] R[r 0=0000000000000000] inst=[01800193] li      gp, 24
C0:       1255 [1] pc=[00000000800005fc] W[r 0=0000000000000000][0] R[r14=000000000000009a] R[r 7=000000000000009a] inst=[08771463] bne     a4, t2, pc + 136
C0:       1277 [1] pc=[0000000080000600] W[r 4=0000000000000000][1] R[r 0=0000000000000000] R[r 0=0000000000000000] inst=[00000213] li      tp, 0
C0:       1278 [1] pc=[0000000080000604] W[r 2=000000000000000b][1] R[r 0=0000000000000000] R[r 0=0000000000000000] inst=[00b00113] li      sp, 11
C0:       1279 [1] pc=[0000000080000608] W[r 0=0000000000000000][1] R[r 0=0000000000000000] R[r 0=0000000000000000] inst=[00000013] nop
C0:       1280 [1] pc=[000000008000060c] W[r 0=0000000000000000][1] R[r 0=0000000000000000] R[r 0=0000000000000000] inst=[00000013] nop
C0:       1281 [1] pc=[0000000080000610] W[r 1=000000000000000f][1] R[r 0=0000000000000000] R[r 0=0000000000000000] inst=[00f00093] li      ra, 15
C0:       1282 [1] pc=[0000000080000614] W[r14=0000000000000000][0] R[r 1=000000000000000f] R[r 2=000000000000000b] inst=[02208733] mul     a4, ra, sp
C0:       1283 [1] pc=[0000000080000618] W[r 4=0000000000000001][1] R[r 4=0000000000000000] R[r 0=0000000000000000] inst=[00120213] addi    tp, tp, 1
C0:       1284 [1] pc=[000000008000061c] W[r 5=0000000000000002][1] R[r 0=0000000000000000] R[r 0=0000000000000000] inst=[00200293] li      t0, 2
C0:       1285 [1] pc=[0000000080000620] W[r 0=0000000000000000][0] R[r 4=0000000000000001] R[r 5=0000000000000002] inst=[fe5212e3] bne     tp, t0, pc - 28
C0:       1289 [1] pc=[0000000080000604] W[r 2=000000000000000b][1] R[r 0=0000000000000000] R[r 0=0000000000000000] inst=[00b00113] li      sp, 11
C0:       1290 [1] pc=[0000000080000608] W[r 0=0000000000000000][1] R[r 0=0000000000000000] R[r 0=0000000000000000] inst=[00000013] nop
C0:       1291 [1] pc=[000000008000060c] W[r 0=0000000000000000][1] R[r 0=0000000000000000] R[r 0=0000000000000000] inst=[00000013] nop
C0:       1292 [1] pc=[0000000080000610] W[r 1=000000000000000f][1] R[r 0=0000000000000000] R[r 0=0000000000000000] inst=[00f00093] li      ra, 15
C0:       1293 [1] pc=[0000000080000614] W[r14=0000000000000000][0] R[r 1=000000000000000f] R[r 2=000000000000000b] inst=[02208733] mul     a4, ra, sp
C0:       1294 [1] pc=[0000000080000618] W[r 4=0000000000000002][1] R[r 4=0000000000000001] R[r 0=0000000000000000] inst=[00120213] addi    tp, tp, 1
C0:       1295 [1] pc=[000000008000061c] W[r 5=0000000000000002][1] R[r 0=0000000000000000] R[r 0=0000000000000000] inst=[00200293] li      t0, 2
C0:       1296 [1] pc=[0000000080000620] W[r 0=0000000000000000][0] R[r 4=0000000000000002] R[r 5=0000000000000002] inst=[fe5212e3] bne     tp, t0, pc - 28
C0:       1300 [1] pc=[0000000080000624] W[r 7=00000000000000a5][1] R[r 0=0000000000000000] R[r 0=0000000000000000] inst=[0a500393] li      t2, 165
C0:       1301 [1] pc=[0000000080000628] W[r 3=0000000000000019][1] R[r 0=0000000000000000] R[r 0=0000000000000000] inst=[01900193] li      gp, 25
C0:       1302 [1] pc=[000000008000062c] W[r 0=0000000000000000][0] R[r14=00000000000000a5] R[r 7=00000000000000a5] inst=[04771c63] bne     a4, t2, pc + 88
C0:       1303 [1] pc=[0000000080000630] W[r 1=000000000000001f][1] R[r 0=0000000000000000] R[r 0=0000000000000000] inst=[01f00093] li      ra, 31
C0:       1304 [1] pc=[0000000080000634] W[r 2=0000000000000000][0] R[r 0=0000000000000000] R[r 1=000000000000001f] inst=[02100133] mul     sp, zero, ra
C0:       1305 [1] pc=[0000000080000638] W[r 7=0000000000000000][1] R[r 0=0000000000000000] R[r 0=0000000000000000] inst=[00000393] li      t2, 0
C0:       1306 [1] pc=[000000008000063c] W[r 3=000000000000001a][1] R[r 0=0000000000000000] R[r 0=0000000000000000] inst=[01a00193] li      gp, 26
C0:       1328 [1] pc=[0000000080000640] W[r 0=0000000000000000][0] R[r 2=0000000000000000] R[r 7=0000000000000000] inst=[04711263] bne     sp, t2, pc + 68
C0:       1329 [1] pc=[0000000080000644] W[r 1=0000000000000020][1] R[r 0=0000000000000000] R[r 0=0000000000000000] inst=[02000093] li      ra, 32
C0:       1330 [1] pc=[0000000080000648] W[r 2=0000000000000000][0] R[r 1=0000000000000020] R[r 0=0000000000000000] inst=[02008133] mul     sp, ra, zero
C0:       1331 [1] pc=[000000008000064c] W[r 7=0000000000000000][1] R[r 0=0000000000000000] R[r 0=0000000000000000] inst=[00000393] li      t2, 0
C0:       1332 [1] pc=[0000000080000650] W[r 3=000000000000001b][1] R[r 0=0000000000000000] R[r 0=0000000000000000] inst=[01b00193] li      gp, 27
C0:       1336 [1] pc=[0000000080000654] W[r 0=0000000000000000][0] R[r 2=0000000000000000] R[r 7=0000000000000000] inst=[02711863] bne     sp, t2, pc + 48
C0:       1337 [1] pc=[0000000080000658] W[r 1=0000000000000000][0] R[r 0=0000000000000000] R[r 0=0000000000000000] inst=[020000b3] mul     ra, zero, zero
C0:       1338 [1] pc=[000000008000065c] W[r 7=0000000000000000][1] R[r 0=0000000000000000] R[r 0=0000000000000000] inst=[00000393] li      t2, 0
C0:       1339 [1] pc=[0000000080000660] W[r 3=000000000000001c][1] R[r 0=0000000000000000] R[r 0=0000000000000000] inst=[01c00193] li      gp, 28
C0:       1343 [1] pc=[0000000080000664] W[r 0=0000000000000000][0] R[r 1=0000000000000000] R[r 7=0000000000000000] inst=[02709063] bne     ra, t2, pc + 32
C0:       1344 [1] pc=[0000000080000668] W[r 1=0000000000000021][1] R[r 0=0000000000000000] R[r 0=0000000000000000] inst=[02100093] li      ra, 33
C0:       1345 [1] pc=[000000008000066c] W[r 2=0000000000000022][1] R[r 0=0000000000000000] R[r 0=0000000000000000] inst=[02200113] li      sp, 34
C0:       1346 [1] pc=[0000000080000670] W[r 0=0000000000000000][0] R[r 1=0000000000000021] R[r 2=0000000000000022] inst=[02208033] mul     zero, ra, sp
C0:       1347 [1] pc=[0000000080000674] W[r 7=0000000000000000][1] R[r 0=0000000000000000] R[r 0=0000000000000000] inst=[00000393] li      t2, 0
C0:       1348 [1] pc=[0000000080000678] W[r 3=000000000000001d][1] R[r 0=0000000000000000] R[r 0=0000000000000000] inst=[01d00193] li      gp, 29
C0:       1349 [1] pc=[000000008000067c] W[r 0=0000000000000000][0] R[r 0=0000000000000000] R[r 7=0000000000000000] inst=[00701463] bne     zero, t2, pc + 8
C0:       1371 [1] pc=[0000000080000680] W[r 0=0000000000000000][0] R[r 0=0000000000000000] R[r 3=000000000000001d] inst=[02301063] bne     zero, gp, pc + 32
C0:       1375 [1] pc=[00000000800006a0] W[r 0=0000000000000000][0] R[r 0=0000000000000000] R[r 0=0000000000000000] inst=[0ff0000f] fence   iorw,iorw
C0:       1376 [1] pc=[00000000800006a4] W[r 3=0000000000000001][1] R[r 0=0000000000000000] R[r 0=0000000000000000] inst=[00100193] li      gp, 1
C0:       1377 [1] pc=[00000000800006a8] W[r17=000000000000005d][1] R[r 0=0000000000000000] R[r 0=0000000000000000] inst=[05d00893] li      a7, 93
C0:       1378 [1] pc=[00000000800006ac] W[r10=0000000000000000][1] R[r 0=0000000000000000] R[r 0=0000000000000000] inst=[00000513] li      a0, 0
C0:       1379 [0] pc=[00000000800006b0] W[r 0=0000000000000000][0] R[r 0=0000000000000000] R[r 0=0000000000000000] inst=[00000073] ecall
C0:       1384 [1] pc=[0000000080000004] W[r30=0000000000000008][1] R[r 0=0000000000000000] R[r 0=0000000000000000] inst=[34202f73] csrr    t5, unknown_342
C0:       1385 [1] pc=[0000000080000008] W[r31=0000000000000008][1] R[r 0=0000000000000000] R[r 0=0000000000000000] inst=[00800f93] li      t6, 8
C0:       1387 [1] pc=[000000008000000c] W[r 0=0000000000000000][0] R[r30=0000000000000008] R[r31=0000000000000008] inst=[07ff0663] beq     t5, t6, pc + 108
C0:       1412 [1] pc=[0000000080000078] W[r30=0000000080001078][1] R[r 0=0000000000000000] R[r 0=0000000000000000] inst=[00001f17] auipc   t5, 0x1
C0:       1429 [1] pc=[000000008000007c] W[r 0=0000000000000000][0] R[r30=0000000080001078] R[r 3=0000000000000001] inst=[f83f2423] sw      gp, -120(t5)
C0:       1430 [1] pc=[0000000080000080] W[r 0=0000000080000084][1] R[r 0=0000000000000000] R[r 0=0000000000000000] inst=[ff9ff06f] j       pc - 0x8
C0:       1431 [1] pc=[0000000080000078] W[r30=0000000080001078][1] R[r 0=0000000000000000] R[r 0=0000000000000000] inst=[00001f17] auipc   t5, 0x1
C0:       1432 [1] pc=[000000008000007c] W[r 0=0000000000000000][0] R[r30=0000000080001078] R[r 3=0000000000000001] inst=[f83f2423] sw      gp, -120(t5)
C0:       1433 [1] pc=[0000000080000080] W[r 0=0000000080000084][1] R[r 0=0000000000000000] R[r 0=0000000000000000] inst=[ff9ff06f] j       pc - 0x8
C0:       1434 [1] pc=[0000000080000078] W[r30=0000000080001078][1] R[r 0=0000000000000000] R[r 0=0000000000000000] inst=[00001f17] auipc   t5, 0x1
C0:       1435 [1] pc=[000000008000007c] W[r 0=0000000000000000][0] R[r30=0000000080001078] R[r 3=0000000000000001] inst=[f83f2423] sw      gp, -120(t5)
C0:       1436 [1] pc=[0000000080000080] W[r 0=0000000080000084][1] R[r 0=0000000000000000] R[r 0=0000000000000000] inst=[ff9ff06f] j       pc - 0x8
C0:       1437 [1] pc=[0000000080000078] W[r30=0000000080001078][1] R[r 0=0000000000000000] R[r 0=0000000000000000] inst=[00001f17] auipc   t5, 0x1
C0:       1438 [1] pc=[000000008000007c] W[r 0=0000000000000000][0] R[r30=0000000080001078] R[r 3=0000000000000001] inst=[f83f2423] sw      gp, -120(t5)
C0:       1439 [1] pc=[0000000080000080] W[r 0=0000000080000084][1] R[r 0=0000000000000000] R[r 0=0000000000000000] inst=[ff9ff06f] j       pc - 0x8
C0:       1440 [1] pc=[0000000080000078] W[r30=0000000080001078][1] R[r 0=0000000000000000] R[r 0=0000000000000000] inst=[00001f17] auipc   t5, 0x1
C0:       1441 [1] pc=[000000008000007c] W[r 0=0000000000000000][0] R[r30=0000000080001078] R[r 3=0000000000000001] inst=[f83f2423] sw      gp, -120(t5)
C0:       1442 [1] pc=[0000000080000080] W[r 0=0000000080000084][1] R[r 0=0000000000000000] R[r 0=0000000000000000] inst=[ff9ff06f] j       pc - 0x8
C0:       1443 [1] pc=[0000000080000078] W[r30=0000000080001078][1] R[r 0=0000000000000000] R[r 0=0000000000000000] inst=[00001f17] auipc   t5, 0x1
C0:       1444 [1] pc=[000000008000007c] W[r 0=0000000000000000][0] R[r30=0000000080001078] R[r 3=0000000000000001] inst=[f83f2423] sw      gp, -120(t5)
C0:       1445 [1] pc=[0000000080000080] W[r 0=0000000080000084][1] R[r 0=0000000000000000] R[r 0=0000000000000000] inst=[ff9ff06f] j       pc - 0x8
C0:       1446 [1] pc=[0000000080000078] W[r30=0000000080001078][1] R[r 0=0000000000000000] R[r 0=0000000000000000] inst=[00001f17] auipc   t5, 0x1
C0:       1447 [1] pc=[000000008000007c] W[r 0=0000000000000000][0] R[r30=0000000080001078] R[r 3=0000000000000001] inst=[f83f2423] sw      gp, -120(t5)
C0:       1448 [1] pc=[0000000080000080] W[r 0=0000000080000084][1] R[r 0=0000000000000000] R[r 0=0000000000000000] inst=[ff9ff06f] j       pc - 0x8
C0:       1449 [1] pc=[0000000080000078] W[r30=0000000080001078][1] R[r 0=0000000000000000] R[r 0=0000000000000000] inst=[00001f17] auipc   t5, 0x1
C0:       1450 [1] pc=[000000008000007c] W[r 0=0000000000000000][0] R[r30=0000000080001078] R[r 3=0000000000000001] inst=[f83f2423] sw      gp, -120(t5)
C0:       1451 [1] pc=[0000000080000080] W[r 0=0000000080000084][1] R[r 0=0000000000000000] R[r 0=0000000000000000] inst=[ff9ff06f] j       pc - 0x8
C0:       1452 [1] pc=[0000000080000078] W[r30=0000000080001078][1] R[r 0=0000000000000000] R[r 0=0000000000000000] inst=[00001f17] auipc   t5, 0x1
C0:       1453 [1] pc=[000000008000007c] W[r 0=0000000000000000][0] R[r30=0000000080001078] R[r 3=0000000000000001] inst=[f83f2423] sw      gp, -120(t5)
C0:       1454 [1] pc=[0000000080000080] W[r 0=0000000080000084][1] R[r 0=0000000000000000] R[r 0=0000000000000000] inst=[ff9ff06f] j       pc - 0x8
C0:       1455 [1] pc=[0000000080000078] W[r30=0000000080001078][1] R[r 0=0000000000000000] R[r 0=0000000000000000] inst=[00001f17] auipc   t5, 0x1
C0:       1456 [1] pc=[000000008000007c] W[r 0=0000000000000000][0] R[r30=0000000080001078] R[r 3=0000000000000001] inst=[f83f2423] sw      gp, -120(t5)
C0:       1457 [1] pc=[0000000080000080] W[r 0=0000000080000084][1] R[r 0=0000000000000000] R[r 0=0000000000000000] inst=[ff9ff06f] j       pc - 0x8
C0:       1458 [1] pc=[0000000080000078] W[r30=0000000080001078][1] R[r 0=0000000000000000] R[r 0=0000000000000000] inst=[00001f17] auipc   t5, 0x1
C0:       1459 [1] pc=[000000008000007c] W[r 0=0000000000000000][0] R[r30=0000000080001078] R[r 3=0000000000000001] inst=[f83f2423] sw      gp, -120(t5)
C0:       1460 [1] pc=[0000000080000080] W[r 0=0000000080000084][1] R[r 0=0000000000000000] R[r 0=0000000000000000] inst=[ff9ff06f] j       pc - 0x8
C0:       1461 [1] pc=[0000000080000078] W[r30=0000000080001078][1] R[r 0=0000000000000000] R[r 0=0000000000000000] inst=[00001f17] auipc   t5, 0x1
C0:       1462 [1] pc=[000000008000007c] W[r 0=0000000000000000][0] R[r30=0000000080001078] R[r 3=0000000000000001] inst=[f83f2423] sw      gp, -120(t5)
C0:       1463 [1] pc=[0000000080000080] W[r 0=0000000080000084][1] R[r 0=0000000000000000] R[r 0=0000000000000000] inst=[ff9ff06f] j       pc - 0x8
C0:       1464 [1] pc=[0000000080000078] W[r30=0000000080001078][1] R[r 0=0000000000000000] R[r 0=0000000000000000] inst=[00001f17] auipc   t5, 0x1
C0:       1465 [1] pc=[000000008000007c] W[r 0=0000000000000000][0] R[r30=0000000080001078] R[r 3=0000000000000001] inst=[f83f2423] sw      gp, -120(t5)
C0:       1466 [1] pc=[0000000080000080] W[r 0=0000000080000084][1] R[r 0=0000000000000000] R[r 0=0000000000000000] inst=[ff9ff06f] j       pc - 0x8
C0:       1467 [1] pc=[0000000080000078] W[r30=0000000080001078][1] R[r 0=0000000000000000] R[r 0=0000000000000000] inst=[00001f17] auipc   t5, 0x1
C0:       1468 [1] pc=[000000008000007c] W[r 0=0000000000000000][0] R[r30=0000000080001078] R[r 3=0000000000000001] inst=[f83f2423] sw      gp, -120(t5)
C0:       1469 [1] pc=[0000000080000080] W[r 0=0000000080000084][1] R[r 0=0000000000000000] R[r 0=0000000000000000] inst=[ff9ff06f] j       pc - 0x8
C0:       1470 [1] pc=[0000000080000078] W[r30=0000000080001078][1] R[r 0=0000000000000000] R[r 0=0000000000000000] inst=[00001f17] auipc   t5, 0x1
C0:       1471 [1] pc=[000000008000007c] W[r 0=0000000000000000][0] R[r30=0000000080001078] R[r 3=0000000000000001] inst=[f83f2423] sw      gp, -120(t5)
C0:       1472 [1] pc=[0000000080000080] W[r 0=0000000080000084][1] R[r 0=0000000000000000] R[r 0=0000000000000000] inst=[ff9ff06f] j       pc - 0x8
C0:       1473 [1] pc=[0000000080000078] W[r30=0000000080001078][1] R[r 0=0000000000000000] R[r 0=0000000000000000] inst=[00001f17] auipc   t5, 0x1
C0:       1474 [1] pc=[000000008000007c] W[r 0=0000000000000000][0] R[r30=0000000080001078] R[r 3=0000000000000001] inst=[f83f2423] sw      gp, -120(t5)
C0:       1475 [1] pc=[0000000080000080] W[r 0=0000000080000084][1] R[r 0=0000000000000000] R[r 0=0000000000000000] inst=[ff9ff06f] j       pc - 0x8
C0:       1476 [1] pc=[0000000080000078] W[r30=0000000080001078][1] R[r 0=0000000000000000] R[r 0=0000000000000000] inst=[00001f17] auipc   t5, 0x1
C0:       1477 [1] pc=[000000008000007c] W[r 0=0000000000000000][0] R[r30=0000000080001078] R[r 3=0000000000000001] inst=[f83f2423] sw      gp, -120(t5)
C0:       1478 [1] pc=[0000000080000080] W[r 0=0000000080000084][1] R[r 0=0000000000000000] R[r 0=0000000000000000] inst=[ff9ff06f] j       pc - 0x8
C0:       1479 [1] pc=[0000000080000078] W[r30=0000000080001078][1] R[r 0=0000000000000000] R[r 0=0000000000000000] inst=[00001f17] auipc   t5, 0x1
C0:       1480 [1] pc=[000000008000007c] W[r 0=0000000000000000][0] R[r30=0000000080001078] R[r 3=0000000000000001] inst=[f83f2423] sw      gp, -120(t5)
C0:       1481 [1] pc=[0000000080000080] W[r 0=0000000080000084][1] R[r 0=0000000000000000] R[r 0=0000000000000000] inst=[ff9ff06f] j       pc - 0x8
C0:       1482 [1] pc=[0000000080000078] W[r30=0000000080001078][1] R[r 0=0000000000000000] R[r 0=0000000000000000] inst=[00001f17] auipc   t5, 0x1
C0:       1483 [1] pc=[000000008000007c] W[r 0=0000000000000000][0] R[r30=0000000080001078] R[r 3=0000000000000001] inst=[f83f2423] sw      gp, -120(t5)
C0:       1484 [1] pc=[0000000080000080] W[r 0=0000000080000084][1] R[r 0=0000000000000000] R[r 0=0000000000000000] inst=[ff9ff06f] j       pc - 0x8
C0:       1485 [1] pc=[0000000080000078] W[r30=0000000080001078][1] R[r 0=0000000000000000] R[r 0=0000000000000000] inst=[00001f17] auipc   t5, 0x1
C0:       1486 [1] pc=[000000008000007c] W[r 0=0000000000000000][0] R[r30=0000000080001078] R[r 3=0000000000000001] inst=[f83f2423] sw      gp, -120(t5)
C0:       1487 [1] pc=[0000000080000080] W[r 0=0000000080000084][1] R[r 0=0000000000000000] R[r 0=0000000000000000] inst=[ff9ff06f] j       pc - 0x8
C0:       1488 [1] pc=[0000000080000078] W[r30=0000000080001078][1] R[r 0=0000000000000000] R[r 0=0000000000000000] inst=[00001f17] auipc   t5, 0x1
C0:       1489 [1] pc=[000000008000007c] W[r 0=0000000000000000][0] R[r30=0000000080001078] R[r 3=0000000000000001] inst=[f83f2423] sw      gp, -120(t5)
C0:       1490 [1] pc=[0000000080000080] W[r 0=0000000080000084][1] R[r 0=0000000000000000] R[r 0=0000000000000000] inst=[ff9ff06f] j       pc - 0x8
C0:       1491 [1] pc=[0000000080000078] W[r30=0000000080001078][1] R[r 0=0000000000000000] R[r 0=0000000000000000] inst=[00001f17] auipc   t5, 0x1
C0:       1492 [1] pc=[000000008000007c] W[r 0=0000000000000000][0] R[r30=0000000080001078] R[r 3=0000000000000001] inst=[f83f2423] sw      gp, -120(t5)
C0:       1493 [1] pc=[0000000080000080] W[r 0=0000000080000084][1] R[r 0=0000000000000000] R[r 0=0000000000000000] inst=[ff9ff06f] j       pc - 0x8
C0:       1494 [1] pc=[0000000080000078] W[r30=0000000080001078][1] R[r 0=0000000000000000] R[r 0=0000000000000000] inst=[00001f17] auipc   t5, 0x1
C0:       1495 [1] pc=[000000008000007c] W[r 0=0000000000000000][0] R[r30=0000000080001078] R[r 3=0000000000000001] inst=[f83f2423] sw      gp, -120(t5)
C0:       1496 [1] pc=[0000000080000080] W[r 0=0000000080000084][1] R[r 0=0000000000000000] R[r 0=0000000000000000] inst=[ff9ff06f] j       pc - 0x8
C0:       1497 [1] pc=[0000000080000078] W[r30=0000000080001078][1] R[r 0=0000000000000000] R[r 0=0000000000000000] inst=[00001f17] auipc   t5, 0x1
C0:       1498 [1] pc=[000000008000007c] W[r 0=0000000000000000][0] R[r30=0000000080001078] R[r 3=0000000000000001] inst=[f83f2423] sw      gp, -120(t5)
C0:       1499 [1] pc=[0000000080000080] W[r 0=0000000080000084][1] R[r 0=0000000000000000] R[r 0=0000000000000000] inst=[ff9ff06f] j       pc - 0x8
C0:       1500 [1] pc=[0000000080000078] W[r30=0000000080001078][1] R[r 0=0000000000000000] R[r 0=0000000000000000] inst=[00001f17] auipc   t5, 0x1
C0:       1501 [1] pc=[000000008000007c] W[r 0=0000000000000000][0] R[r30=0000000080001078] R[r 3=0000000000000001] inst=[f83f2423] sw      gp, -120(t5)
C0:       1502 [1] pc=[0000000080000080] W[r 0=0000000080000084][1] R[r 0=0000000000000000] R[r 0=0000000000000000] inst=[ff9ff06f] j       pc - 0x8
C0:       1503 [1] pc=[0000000080000078] W[r30=0000000080001078][1] R[r 0=0000000000000000] R[r 0=0000000000000000] inst=[00001f17] auipc   t5, 0x1
C0:       1504 [1] pc=[000000008000007c] W[r 0=0000000000000000][0] R[r30=0000000080001078] R[r 3=0000000000000001] inst=[f83f2423] sw      gp, -120(t5)
C0:       1505 [1] pc=[0000000080000080] W[r 0=0000000080000084][1] R[r 0=0000000000000000] R[r 0=0000000000000000] inst=[ff9ff06f] j       pc - 0x8
C0:       1506 [1] pc=[0000000080000078] W[r30=0000000080001078][1] R[r 0=0000000000000000] R[r 0=0000000000000000] inst=[00001f17] auipc   t5, 0x1
C0:       1507 [1] pc=[000000008000007c] W[r 0=0000000000000000][0] R[r30=0000000080001078] R[r 3=0000000000000001] inst=[f83f2423] sw      gp, -120(t5)
C0:       1508 [1] pc=[0000000080000080] W[r 0=0000000080000084][1] R[r 0=0000000000000000] R[r 0=0000000000000000] inst=[ff9ff06f] j       pc - 0x8
C0:       1509 [1] pc=[0000000080000078] W[r30=0000000080001078][1] R[r 0=0000000000000000] R[r 0=0000000000000000] inst=[00001f17] auipc   t5, 0x1
C0:       1510 [1] pc=[000000008000007c] W[r 0=0000000000000000][0] R[r30=0000000080001078] R[r 3=0000000000000001] inst=[f83f2423] sw      gp, -120(t5)
C0:       1511 [1] pc=[0000000080000080] W[r 0=0000000080000084][1] R[r 0=0000000000000000] R[r 0=0000000000000000] inst=[ff9ff06f] j       pc - 0x8
C0:       1512 [1] pc=[0000000080000078] W[r30=0000000080001078][1] R[r 0=0000000000000000] R[r 0=0000000000000000] inst=[00001f17] auipc   t5, 0x1
C0:       1513 [1] pc=[000000008000007c] W[r 0=0000000000000000][0] R[r30=0000000080001078] R[r 3=0000000000000001] inst=[f83f2423] sw      gp, -120(t5)
C0:       1514 [1] pc=[0000000080000080] W[r 0=0000000080000084][1] R[r 0=0000000000000000] R[r 0=0000000000000000] inst=[ff9ff06f] j       pc - 0x8
C0:       1515 [1] pc=[0000000080000078] W[r30=0000000080001078][1] R[r 0=0000000000000000] R[r 0=0000000000000000] inst=[00001f17] auipc   t5, 0x1
C0:       1516 [1] pc=[000000008000007c] W[r 0=0000000000000000][0] R[r30=0000000080001078] R[r 3=0000000000000001] inst=[f83f2423] sw      gp, -120(t5)
C0:       1517 [1] pc=[0000000080000080] W[r 0=0000000080000084][1] R[r 0=0000000000000000] R[r 0=0000000000000000] inst=[ff9ff06f] j       pc - 0x8
C0:       1518 [1] pc=[0000000080000078] W[r30=0000000080001078][1] R[r 0=0000000000000000] R[r 0=0000000000000000] inst=[00001f17] auipc   t5, 0x1
C0:       1519 [1] pc=[000000008000007c] W[r 0=0000000000000000][0] R[r30=0000000080001078] R[r 3=0000000000000001] inst=[f83f2423] sw      gp, -120(t5)
C0:       1520 [1] pc=[0000000080000080] W[r 0=0000000080000084][1] R[r 0=0000000000000000] R[r 0=0000000000000000] inst=[ff9ff06f] j       pc - 0x8
C0:       1521 [1] pc=[0000000080000078] W[r30=0000000080001078][1] R[r 0=0000000000000000] R[r 0=0000000000000000] inst=[00001f17] auipc   t5, 0x1
C0:       1547 [1] pc=[000000008000007c] W[r 0=0000000000000000][0] R[r30=0000000080001078] R[r 3=0000000000000001] inst=[f83f2423] sw      gp, -120(t5)
C0:       1548 [1] pc=[0000000080000080] W[r 0=0000000080000084][1] R[r 0=0000000000000000] R[r 0=0000000000000000] inst=[ff9ff06f] j       pc - 0x8
C0:       1549 [1] pc=[0000000080000078] W[r30=0000000080001078][1] R[r 0=0000000000000000] R[r 0=0000000000000000] inst=[00001f17] auipc   t5, 0x1
C0:       1550 [1] pc=[000000008000007c] W[r 0=0000000000000000][0] R[r30=0000000080001078] R[r 3=0000000000000001] inst=[f83f2423] sw      gp, -120(t5)
C0:       1551 [1] pc=[0000000080000080] W[r 0=0000000080000084][1] R[r 0=0000000000000000] R[r 0=0000000000000000] inst=[ff9ff06f] j       pc - 0x8
C0:       1552 [1] pc=[0000000080000078] W[r30=0000000080001078][1] R[r 0=0000000000000000] R[r 0=0000000000000000] inst=[00001f17] auipc   t5, 0x1
C0:       1553 [1] pc=[000000008000007c] W[r 0=0000000000000000][0] R[r30=0000000080001078] R[r 3=0000000000000001] inst=[f83f2423] sw      gp, -120(t5)
C0:       1554 [1] pc=[0000000080000080] W[r 0=0000000080000084][1] R[r 0=0000000000000000] R[r 0=0000000000000000] inst=[ff9ff06f] j       pc - 0x8
C0:       1555 [1] pc=[0000000080000078] W[r30=0000000080001078][1] R[r 0=0000000000000000] R[r 0=0000000000000000] inst=[00001f17] auipc   t5, 0x1
C0:       1556 [1] pc=[000000008000007c] W[r 0=0000000000000000][0] R[r30=0000000080001078] R[r 3=0000000000000001] inst=[f83f2423] sw      gp, -120(t5)
C0:       1557 [1] pc=[0000000080000080] W[r 0=0000000080000084][1] R[r 0=0000000000000000] R[r 0=0000000000000000] inst=[ff9ff06f] j       pc - 0x8
C0:       1558 [1] pc=[0000000080000078] W[r30=0000000080001078][1] R[r 0=0000000000000000] R[r 0=0000000000000000] inst=[00001f17] auipc   t5, 0x1
C0:       1559 [1] pc=[000000008000007c] W[r 0=0000000000000000][0] R[r30=0000000080001078] R[r 3=0000000000000001] inst=[f83f2423] sw      gp, -120(t5)
C0:       1560 [1] pc=[0000000080000080] W[r 0=0000000080000084][1] R[r 0=0000000000000000] R[r 0=0000000000000000] inst=[ff9ff06f] j       pc - 0x8
C0:       1561 [1] pc=[0000000080000078] W[r30=0000000080001078][1] R[r 0=0000000000000000] R[r 0=0000000000000000] inst=[00001f17] auipc   t5, 0x1
C0:       1562 [1] pc=[000000008000007c] W[r 0=0000000000000000][0] R[r30=0000000080001078] R[r 3=0000000000000001] inst=[f83f2423] sw      gp, -120(t5)
C0:       1563 [1] pc=[0000000080000080] W[r 0=0000000080000084][1] R[r 0=0000000000000000] R[r 0=0000000000000000] inst=[ff9ff06f] j       pc - 0x8
C0:       1564 [1] pc=[0000000080000078] W[r30=0000000080001078][1] R[r 0=0000000000000000] R[r 0=0000000000000000] inst=[00001f17] auipc   t5, 0x1
C0:       1565 [1] pc=[000000008000007c] W[r 0=0000000000000000][0] R[r30=0000000080001078] R[r 3=0000000000000001] inst=[f83f2423] sw      gp, -120(t5)
C0:       1566 [1] pc=[0000000080000080] W[r 0=0000000080000084][1] R[r 0=0000000000000000] R[r 0=0000000000000000] inst=[ff9ff06f] j       pc - 0x8
C0:       1567 [1] pc=[0000000080000078] W[r30=0000000080001078][1] R[r 0=0000000000000000] R[r 0=0000000000000000] inst=[00001f17] auipc   t5, 0x1
C0:       1568 [1] pc=[000000008000007c] W[r 0=0000000000000000][0] R[r30=0000000080001078] R[r 3=0000000000000001] inst=[f83f2423] sw      gp, -120(t5)
C0:       1569 [1] pc=[0000000080000080] W[r 0=0000000080000084][1] R[r 0=0000000000000000] R[r 0=0000000000000000] inst=[ff9ff06f] j       pc - 0x8
C0:       1570 [1] pc=[0000000080000078] W[r30=0000000080001078][1] R[r 0=0000000000000000] R[r 0=0000000000000000] inst=[00001f17] auipc   t5, 0x1
C0:       1571 [1] pc=[000000008000007c] W[r 0=0000000000000000][0] R[r30=0000000080001078] R[r 3=0000000000000001] inst=[f83f2423] sw      gp, -120(t5)
C0:       1572 [1] pc=[0000000080000080] W[r 0=0000000080000084][1] R[r 0=0000000000000000] R[r 0=0000000000000000] inst=[ff9ff06f] j       pc - 0x8
C0:       1573 [1] pc=[0000000080000078] W[r30=0000000080001078][1] R[r 0=0000000000000000] R[r 0=0000000000000000] inst=[00001f17] auipc   t5, 0x1
C0:       1574 [1] pc=[000000008000007c] W[r 0=0000000000000000][0] R[r30=0000000080001078] R[r 3=0000000000000001] inst=[f83f2423] sw      gp, -120(t5)
C0:       1575 [1] pc=[0000000080000080] W[r 0=0000000080000084][1] R[r 0=0000000000000000] R[r 0=0000000000000000] inst=[ff9ff06f] j       pc - 0x8
C0:       1576 [1] pc=[0000000080000078] W[r30=0000000080001078][1] R[r 0=0000000000000000] R[r 0=0000000000000000] inst=[00001f17] auipc   t5, 0x1
C0:       1577 [1] pc=[000000008000007c] W[r 0=0000000000000000][0] R[r30=0000000080001078] R[r 3=0000000000000001] inst=[f83f2423] sw      gp, -120(t5)
C0:       1578 [1] pc=[0000000080000080] W[r 0=0000000080000084][1] R[r 0=0000000000000000] R[r 0=0000000000000000] inst=[ff9ff06f] j       pc - 0x8
C0:       1579 [1] pc=[0000000080000078] W[r30=0000000080001078][1] R[r 0=0000000000000000] R[r 0=0000000000000000] inst=[00001f17] auipc   t5, 0x1
*** PASSED *** Completed after 25320 cycles
