using random seed 1632257182
This emulator compiled with JTAG Remote Bitbang client. To enable, use +jtag_rbb_enable=1.
Listening on port 39713
== Loading device model file '/home/fleker/Desktop/chipyard/generators/testchipip/src/main/resources/dramsim2_ini/DDR3_micron_64M_8B_x4_sg15.ini' == 
== Loading system model file '/home/fleker/Desktop/chipyard/generators/testchipip/src/main/resources/dramsim2_ini/system.ini' == 
===== MemorySystem 0 =====
CH. 0 TOTAL_STORAGE : 4096MB | 1 Ranks | 16 Devices per rank
DRAMSim2 Clock Frequency =666666666Hz, CPU Clock Frequency=100000000Hz
C0:         19 [1] pc=[0000000000010040] W[r10=0000000000010040][1] R[r 0=0000000000000000] R[r 0=0000000000000000] inst=[00000517] auipc   a0, 0x0
C0:         20 [1] pc=[0000000000010044] W[r10=0000000000010000][1] R[r10=0000000000010040] R[r 0=0000000000000000] inst=[fc050513] addi    a0, a0, -64
C0:         21 [1] pc=[0000000000010048] W[r 0=0000000000000000][1] R[r10=0000000000010000] R[r 0=0000000000000000] inst=[30551073] csrw    unknown_305, a0
C0:         26 [1] pc=[000000000001004c] W[r 5=800000000094112d][1] R[r 0=0000000000000000] R[r 0=0000000000000000] inst=[301022f3] csrr    t0, unknown_301
C0:         29 [1] pc=[0000000000010050] W[r 5=ffffe00000000025][1] R[r 5=800000000094112d] R[r 0=0000000000000000] inst=[4122d293] srai    t0, t0, 18
C0:         30 [1] pc=[0000000000010054] W[r 5=0000000000000001][1] R[r 5=ffffe00000000025] R[r 0=0000000000000000] inst=[0012f293] andi    t0, t0, 1
C0:         31 [1] pc=[0000000000010058] W[r 0=0000000000000000][0] R[r 5=0000000000000001] R[r 0=0000000000000000] inst=[00028463] beqz    t0, pc + 8
C0:         32 [1] pc=[000000000001005c] W[r 0=0000000000000000][1] R[r 0=0000000000000000] R[r 0=0000000000000000] inst=[30301073] csrw    unknown_303, zero
C0:         37 [1] pc=[0000000000010060] W[r10=0000000000000008][1] R[r 0=0000000000000000] R[r 0=0000000000000000] inst=[00800513] li      a0, 8
C0:         38 [1] pc=[0000000000010064] W[r 0=0000000000000000][1] R[r10=0000000000000008] R[r 0=0000000000000000] inst=[30451073] csrw    unknown_304, a0
C0:         43 [1] pc=[0000000000010068] W[r 0=0000000a00001800][1] R[r10=0000000000000008] R[r 0=0000000000000000] inst=[30052073] csrs    unknown_300, a0
C0:         48 [1] pc=[000000000001006c] W[r 0=0000000000000000][0] R[r 0=0000000000000000] R[r 0=0000000000000000] inst=[10500073] wfi
C0:         51 [0] pc=[0000000000010070] W[r 0=0000000000000000][0] R[r31=0000000000000008] R[r 0=0000000000000000] inst=[ffdff06f] j       pc - 0x4
C0:         70 [1] pc=[0000000000010000] W[r11=0000000002000000][1] R[r 0=0000000000000000] R[r 0=0000000000000000] inst=[020005b7] lui     a1, 0x2000
C0:         71 [1] pc=[0000000000010004] W[r10=0000000000000000][1] R[r 0=0000000000000000] R[r 0=0000000000000000] inst=[f1402573] csrr    a0, unknown_f14
C0:         74 [1] pc=[0000000000010008] W[r 0=0000000000000000][0] R[r10=0000000000000000] R[r 0=0000000000000000] inst=[00050463] beqz    a0, pc + 8
C0:         78 [1] pc=[0000000000010010] W[r12=0000000002000004][1] R[r11=0000000002000000] R[r 0=0000000000000000] inst=[00458613] addi    a2, a1, 4
C0:         79 [1] pc=[0000000000010014] W[r13=0000000000000001][1] R[r 0=0000000000000000] R[r 0=0000000000000000] inst=[00100693] li      a3, 1
C0:         80 [1] pc=[0000000000010018] W[r 0=0000000000000000][0] R[r12=0000000002000004] R[r13=0000000000000001] inst=[00d62023] sw      a3, 0(a2)
C0:         81 [1] pc=[000000000001001c] W[r12=0000000002000008][1] R[r12=0000000002000004] R[r 0=0000000000000000] inst=[00460613] addi    a2, a2, 4
C0:         87 [1] pc=[0000000000010020] W[r13=0000000000000000][0] R[r12=0000000002000008] R[r 0=0000000000000000] inst=[ffc62683] lw      a3, -4(a2)
C0:         95 [1] pc=[0000000000010024] W[r 0=0000000000000000][0] R[r13=0000000000000000] R[r 0=0000000000000000] inst=[fe069ae3] bnez    a3, pc - 12
C0:         96 [1] pc=[0000000000010028] W[r 0=000000000001002c][1] R[r 0=0000000000000000] R[r 0=0000000000000000] inst=[05c0006f] j       pc + 0x5c
C0:        116 [1] pc=[0000000000010084] W[r 0=0000000000000000][0] R[r11=0000000002000000] R[r 0=0000000000000000] inst=[0005a023] sw      zero, 0(a1)
C0:        117 [1] pc=[0000000000010088] W[r10=0000000000004000][1] R[r 0=0000000000000000] R[r 0=0000000000000000] inst=[00004537] lui     a0, 0x4
C0:        123 [1] pc=[000000000001008c] W[r10=0000000000000000][0] R[r10=0000000000004000] R[r 0=0000000000000000] inst=[00056503] lwu     a0, 0(a0)
C0:        135 [1] pc=[0000000000010090] W[r 0=0000000000010070][1] R[r10=0000000080000000] R[r 0=0000000000000000] inst=[34151073] csrw    unknown_341, a0
C0:        136 [1] pc=[0000000000010094] W[r10=0000000000000000][1] R[r 0=0000000000000000] R[r 0=0000000000000000] inst=[f1402573] csrr    a0, unknown_f14
C0:        137 [1] pc=[0000000000010098] W[r11=0000000000010098][1] R[r 0=0000000000000000] R[r 0=0000000000000000] inst=[00000597] auipc   a1, 0x0
C0:        138 [1] pc=[000000000001009c] W[r11=00000000000100b0][1] R[r11=0000000000010098] R[r 0=0000000000000000] inst=[01858593] addi    a1, a1, 24
C0:        139 [1] pc=[00000000000100a0] W[r12=0000000000000080][1] R[r 0=0000000000000000] R[r 0=0000000000000000] inst=[08000613] li      a2, 128
C0:        140 [1] pc=[00000000000100a4] W[r 0=0000000a00001880][1] R[r12=0000000000000080] R[r 0=0000000000000000] inst=[30063073] csrc    unknown_300, a2
C0:        145 [1] pc=[00000000000100a8] W[r 0=0000000000000000][0] R[r 0=0000000000000000] R[r 0=0000000000000000] inst=[30200073] mret
C0:        166 [1] pc=[0000000080000000] W[r 0=0000000080000004][1] R[r 0=0000000000000000] R[r 0=0000000000000000] inst=[0840006f] j       pc + 0x84
C0:        189 [1] pc=[0000000080000084] W[r 1=0000000000000000][1] R[r 0=0000000000000000] R[r 0=0000000000000000] inst=[00000093] li      ra, 0
C0:        190 [1] pc=[0000000080000088] W[r 2=0000000000000000][1] R[r 0=0000000000000000] R[r 0=0000000000000000] inst=[00000113] li      sp, 0
C0:        191 [1] pc=[000000008000008c] W[r 3=0000000000000000][1] R[r 0=0000000000000000] R[r 0=0000000000000000] inst=[00000193] li      gp, 0
C0:        192 [1] pc=[0000000080000090] W[r 4=0000000000000000][1] R[r 0=0000000000000000] R[r 0=0000000000000000] inst=[00000213] li      tp, 0
C0:        193 [1] pc=[0000000080000094] W[r 5=0000000000000000][1] R[r 0=0000000000000000] R[r 0=0000000000000000] inst=[00000293] li      t0, 0
C0:        194 [1] pc=[0000000080000098] W[r 6=0000000000000000][1] R[r 0=0000000000000000] R[r 0=0000000000000000] inst=[00000313] li      t1, 0
C0:        195 [1] pc=[000000008000009c] W[r 7=0000000000000000][1] R[r 0=0000000000000000] R[r 0=0000000000000000] inst=[00000393] li      t2, 0
C0:        196 [1] pc=[00000000800000a0] W[r 8=0000000000000000][1] R[r 0=0000000000000000] R[r 0=0000000000000000] inst=[00000413] li      s0, 0
C0:        197 [1] pc=[00000000800000a4] W[r 9=0000000000000000][1] R[r 0=0000000000000000] R[r 0=0000000000000000] inst=[00000493] li      s1, 0
C0:        198 [1] pc=[00000000800000a8] W[r10=0000000000000000][1] R[r 0=0000000000000000] R[r 0=0000000000000000] inst=[00000513] li      a0, 0
C0:        199 [1] pc=[00000000800000ac] W[r11=0000000000000000][1] R[r 0=0000000000000000] R[r 0=0000000000000000] inst=[00000593] li      a1, 0
C0:        200 [1] pc=[00000000800000b0] W[r12=0000000000000000][1] R[r 0=0000000000000000] R[r 0=0000000000000000] inst=[00000613] li      a2, 0
C0:        201 [1] pc=[00000000800000b4] W[r13=0000000000000000][1] R[r 0=0000000000000000] R[r 0=0000000000000000] inst=[00000693] li      a3, 0
C0:        202 [1] pc=[00000000800000b8] W[r14=0000000000000000][1] R[r 0=0000000000000000] R[r 0=0000000000000000] inst=[00000713] li      a4, 0
C0:        203 [1] pc=[00000000800000bc] W[r15=0000000000000000][1] R[r 0=0000000000000000] R[r 0=0000000000000000] inst=[00000793] li      a5, 0
C0:        225 [1] pc=[00000000800000c0] W[r16=0000000000000000][1] R[r 0=0000000000000000] R[r 0=0000000000000000] inst=[00000813] li      a6, 0
C0:        226 [1] pc=[00000000800000c4] W[r17=0000000000000000][1] R[r 0=0000000000000000] R[r 0=0000000000000000] inst=[00000893] li      a7, 0
C0:        227 [1] pc=[00000000800000c8] W[r18=0000000000000000][1] R[r 0=0000000000000000] R[r 0=0000000000000000] inst=[00000913] li      s2, 0
C0:        228 [1] pc=[00000000800000cc] W[r19=0000000000000000][1] R[r 0=0000000000000000] R[r 0=0000000000000000] inst=[00000993] li      s3, 0
C0:        229 [1] pc=[00000000800000d0] W[r20=0000000000000000][1] R[r 0=0000000000000000] R[r 0=0000000000000000] inst=[00000a13] li      s4, 0
C0:        230 [1] pc=[00000000800000d4] W[r21=0000000000000000][1] R[r 0=0000000000000000] R[r 0=0000000000000000] inst=[00000a93] li      s5, 0
C0:        231 [1] pc=[00000000800000d8] W[r22=0000000000000000][1] R[r 0=0000000000000000] R[r 0=0000000000000000] inst=[00000b13] li      s6, 0
C0:        232 [1] pc=[00000000800000dc] W[r23=0000000000000000][1] R[r 0=0000000000000000] R[r 0=0000000000000000] inst=[00000b93] li      s7, 0
C0:        233 [1] pc=[00000000800000e0] W[r24=0000000000000000][1] R[r 0=0000000000000000] R[r 0=0000000000000000] inst=[00000c13] li      s8, 0
C0:        234 [1] pc=[00000000800000e4] W[r25=0000000000000000][1] R[r 0=0000000000000000] R[r 0=0000000000000000] inst=[00000c93] li      s9, 0
C0:        235 [1] pc=[00000000800000e8] W[r26=0000000000000000][1] R[r 0=0000000000000000] R[r 0=0000000000000000] inst=[00000d13] li      s10, 0
C0:        236 [1] pc=[00000000800000ec] W[r27=0000000000000000][1] R[r 0=0000000000000000] R[r 0=0000000000000000] inst=[00000d93] li      s11, 0
C0:        237 [1] pc=[00000000800000f0] W[r28=0000000000000000][1] R[r 0=0000000000000000] R[r 0=0000000000000000] inst=[00000e13] li      t3, 0
C0:        238 [1] pc=[00000000800000f4] W[r29=0000000000000000][1] R[r 0=0000000000000000] R[r 0=0000000000000000] inst=[00000e93] li      t4, 0
C0:        239 [1] pc=[00000000800000f8] W[r30=0000000000000000][1] R[r 0=0000000000000000] R[r 0=0000000000000000] inst=[00000f13] li      t5, 0
C0:        240 [1] pc=[00000000800000fc] W[r31=0000000000000000][1] R[r 0=0000000000000000] R[r 0=0000000000000000] inst=[00000f93] li      t6, 0
C0:        262 [1] pc=[0000000080000100] W[r10=0000000000000000][1] R[r 0=0000000000000000] R[r 0=0000000000000000] inst=[f1402573] csrr    a0, unknown_f14
C0:        265 [1] pc=[0000000080000104] W[r 0=0000000000000000][0] R[r10=0000000000000000] R[r 0=0000000000000000] inst=[00051063] bnez    a0, pc + 0
C0:        266 [1] pc=[0000000080000108] W[r 5=0000000080000108][1] R[r 0=0000000000000000] R[r 0=0000000000000000] inst=[00000297] auipc   t0, 0x0
C0:        267 [1] pc=[000000008000010c] W[r 5=0000000080000118][1] R[r 5=0000000080000108] R[r 0=0000000000000000] inst=[01028293] addi    t0, t0, 16
C0:        268 [1] pc=[0000000080000110] W[r 0=0000000000010000][1] R[r 5=0000000080000118] R[r 0=0000000000000000] inst=[30529073] csrw    unknown_305, t0
C0:        273 [1] pc=[0000000080000114] W[r 0=0000000000000000][1] R[r 0=0000000000000000] R[r 0=0000000000000000] inst=[18005073] csrwi   unknown_180, 0
C0:        278 [1] pc=[0000000080000118] W[r 5=0000000080000118][1] R[r 0=0000000000000000] R[r 0=0000000000000000] inst=[00000297] auipc   t0, 0x0
C0:        279 [1] pc=[000000008000011c] W[r 5=000000008000013c][1] R[r 5=0000000080000118] R[r 0=0000000000000000] inst=[02428293] addi    t0, t0, 36
C0:        280 [1] pc=[0000000080000120] W[r 0=0000000080000118][1] R[r 5=000000008000013c] R[r 0=0000000000000000] inst=[30529073] csrw    unknown_305, t0
C0:        285 [1] pc=[0000000080000124] W[r 5=0000000000000001][1] R[r 0=0000000000000000] R[r 0=0000000000000000] inst=[0010029b] addiw   t0, zero, 1
C0:        286 [1] pc=[0000000080000128] W[r 5=0020000000000000][1] R[r 5=0000000000000001] R[r 0=0000000000000000] inst=[03529293] slli    t0, t0, 53
C0:        287 [1] pc=[000000008000012c] W[r 5=001fffffffffffff][1] R[r 5=0020000000000000] R[r 0=0000000000000000] inst=[fff28293] addi    t0, t0, -1
C0:        288 [1] pc=[0000000080000130] W[r 0=0000000000000000][1] R[r 5=001fffffffffffff] R[r 0=0000000000000000] inst=[3b029073] csrw    unknown_3b0, t0
C0:        293 [1] pc=[0000000080000134] W[r 5=000000000000001f][1] R[r 0=0000000000000000] R[r 0=0000000000000000] inst=[01f00293] li      t0, 31
C0:        294 [1] pc=[0000000080000138] W[r 0=0000000000000000][1] R[r 5=000000000000001f] R[r 0=0000000000000000] inst=[3a029073] csrw    unknown_3a0, t0
C0:        299 [1] pc=[000000008000013c] W[r 0=0000000000000008][1] R[r 0=0000000000000000] R[r 0=0000000000000000] inst=[30405073] csrwi   unknown_304, 0
C0:        316 [1] pc=[0000000080000140] W[r 5=0000000080000140][1] R[r 0=0000000000000000] R[r 0=0000000000000000] inst=[00000297] auipc   t0, 0x0
C0:        317 [1] pc=[0000000080000144] W[r 5=0000000080000154][1] R[r 5=0000000080000140] R[r 0=0000000000000000] inst=[01428293] addi    t0, t0, 20
C0:        318 [1] pc=[0000000080000148] W[r 0=000000008000013c][1] R[r 5=0000000080000154] R[r 0=0000000000000000] inst=[30529073] csrw    unknown_305, t0
C0:        323 [1] pc=[000000008000014c] W[r 0=0000000000000000][1] R[r 0=0000000000000000] R[r 0=0000000000000000] inst=[30205073] csrwi   unknown_302, 0
C0:        328 [1] pc=[0000000080000150] W[r 0=0000000000000000][1] R[r 0=0000000000000000] R[r 0=0000000000000000] inst=[30305073] csrwi   unknown_303, 0
C0:        333 [1] pc=[0000000080000154] W[r 3=0000000000000000][1] R[r 0=0000000000000000] R[r 0=0000000000000000] inst=[00000193] li      gp, 0
C0:        334 [1] pc=[0000000080000158] W[r 5=0000000080000158][1] R[r 0=0000000000000000] R[r 0=0000000000000000] inst=[00000297] auipc   t0, 0x0
C0:        335 [1] pc=[000000008000015c] W[r 5=0000000080000004][1] R[r 5=0000000080000158] R[r 0=0000000000000000] inst=[eac28293] addi    t0, t0, -340
C0:        336 [1] pc=[0000000080000160] W[r 0=0000000080000154][1] R[r 5=0000000080000004] R[r 0=0000000000000000] inst=[30529073] csrw    unknown_305, t0
C0:        341 [1] pc=[0000000080000164] W[r10=0000000000000001][1] R[r 0=0000000000000000] R[r 0=0000000000000000] inst=[00100513] li      a0, 1
C0:        342 [1] pc=[0000000080000168] W[r10=0000000080000000][1] R[r10=0000000000000001] R[r 0=0000000000000000] inst=[01f51513] slli    a0, a0, 31
C0:        343 [1] pc=[000000008000016c] W[r 0=0000000000000000][0] R[r10=0000000080000000] R[r 0=0000000000000000] inst=[00055c63] bgez    a0, pc + 24
C0:        368 [1] pc=[0000000080000184] W[r 5=0000000000000184][1] R[r 0=0000000000000000] R[r 0=0000000000000000] inst=[80000297] auipc   t0, 0x80000
C0:        369 [1] pc=[0000000080000188] W[r 5=0000000000000000][1] R[r 5=0000000000000184] R[r 0=0000000000000000] inst=[e7c28293] addi    t0, t0, -388
C0:        370 [1] pc=[000000008000018c] W[r 0=0000000000000000][0] R[r 5=0000000000000000] R[r 0=0000000000000000] inst=[00028a63] beqz    t0, pc + 20
C0:        374 [1] pc=[00000000800001a0] W[r 0=0000000a00000080][1] R[r 0=0000000000000000] R[r 0=0000000000000000] inst=[30005073] csrwi   unknown_300, 0
C0:        379 [1] pc=[00000000800001a4] W[r 5=00000000800001a4][1] R[r 0=0000000000000000] R[r 0=0000000000000000] inst=[00000297] auipc   t0, 0x0
C0:        380 [1] pc=[00000000800001a8] W[r 5=00000000800001b8][1] R[r 5=00000000800001a4] R[r 0=0000000000000000] inst=[01428293] addi    t0, t0, 20
C0:        381 [1] pc=[00000000800001ac] W[r 0=0000000080000000][1] R[r 5=00000000800001b8] R[r 0=0000000000000000] inst=[34129073] csrw    unknown_341, t0
C0:        382 [1] pc=[00000000800001b0] W[r10=0000000000000000][1] R[r 0=0000000000000000] R[r 0=0000000000000000] inst=[f1402573] csrr    a0, unknown_f14
C0:        383 [1] pc=[00000000800001b4] W[r 0=0000000000000000][0] R[r 0=0000000000000000] R[r 0=0000000000000000] inst=[30200073] mret
C0:        388 [1] pc=[00000000800001b8] W[r 1=00000000800021b8][1] R[r 0=0000000000000000] R[r 0=0000000000000000] inst=[00002097] auipc   ra, 0x2
C0:        389 [1] pc=[00000000800001bc] W[r 1=0000000080002000][1] R[r 1=00000000800021b8] R[r 0=0000000000000000] inst=[e4808093] addi    ra, ra, -440
C0:        411 [1] pc=[00000000800001c0] W[r 2=ffffffffffffffaa][1] R[r 0=0000000000000000] R[r 0=0000000000000000] inst=[faa00113] li      sp, -86
C0:        428 [1] pc=[00000000800001c4] W[r 0=0000000000000000][0] R[r 1=0000000080002000] R[r 2=ffffffffffffffaa] inst=[00208023] sb      sp, 0(ra)
C0:        434 [1] pc=[00000000800001c8] W[r14=ffffffffffffffaa][1] R[r 1=0000000080002000] R[r 0=0000000000000000] inst=[00008703] lb      a4, 0(ra)
C0:        435 [1] pc=[00000000800001cc] W[r 7=ffffffffffffffaa][1] R[r 0=0000000000000000] R[r 0=0000000000000000] inst=[faa00393] li      t2, -86
C0:        436 [1] pc=[00000000800001d0] W[r 3=0000000000000002][1] R[r 0=0000000000000000] R[r 0=0000000000000000] inst=[00200193] li      gp, 2
C0:        437 [1] pc=[00000000800001d4] W[r 0=0000000000000000][0] R[r14=ffffffffffffffaa] R[r 7=ffffffffffffffaa] inst=[3c771c63] bne     a4, t2, pc + 984
C0:        438 [1] pc=[00000000800001d8] W[r 1=00000000800021d8][1] R[r 0=0000000000000000] R[r 0=0000000000000000] inst=[00002097] auipc   ra, 0x2
C0:        439 [1] pc=[00000000800001dc] W[r 1=0000000080002000][1] R[r 1=00000000800021d8] R[r 0=0000000000000000] inst=[e2808093] addi    ra, ra, -472
C0:        440 [1] pc=[00000000800001e0] W[r 2=0000000000000000][1] R[r 0=0000000000000000] R[r 0=0000000000000000] inst=[00000113] li      sp, 0
C0:        441 [1] pc=[00000000800001e4] W[r 0=0000000000000000][0] R[r 1=0000000080002000] R[r 2=0000000000000000] inst=[002080a3] sb      sp, 1(ra)
C0:        447 [1] pc=[00000000800001e8] W[r14=0000000000000000][1] R[r 1=0000000080002000] R[r 0=0000000000000000] inst=[00108703] lb      a4, 1(ra)
C0:        448 [1] pc=[00000000800001ec] W[r 7=0000000000000000][1] R[r 0=0000000000000000] R[r 0=0000000000000000] inst=[00000393] li      t2, 0
C0:        449 [1] pc=[00000000800001f0] W[r 3=0000000000000003][1] R[r 0=0000000000000000] R[r 0=0000000000000000] inst=[00300193] li      gp, 3
C0:        450 [1] pc=[00000000800001f4] W[r 0=0000000000000000][0] R[r14=0000000000000000] R[r 7=0000000000000000] inst=[3a771c63] bne     a4, t2, pc + 952
C0:        451 [1] pc=[00000000800001f8] W[r 1=00000000800021f8][1] R[r 0=0000000000000000] R[r 0=0000000000000000] inst=[00002097] auipc   ra, 0x2
C0:        452 [1] pc=[00000000800001fc] W[r 1=0000000080002000][1] R[r 1=00000000800021f8] R[r 0=0000000000000000] inst=[e0808093] addi    ra, ra, -504
C0:        474 [1] pc=[0000000080000200] W[r 2=fffffffffffff000][1] R[r 0=0000000000000000] R[r 0=0000000000000000] inst=[fffff137] lui     sp, 0xfffff
C0:        475 [1] pc=[0000000080000204] W[r 2=ffffffffffffefa0][1] R[r 2=fffffffffffff000] R[r 0=0000000000000000] inst=[fa01011b] addiw   sp, sp, -96
C0:        476 [1] pc=[0000000080000208] W[r 0=0000000000000000][0] R[r 1=0000000080002000] R[r 2=ffffffffffffefa0] inst=[00208123] sb      sp, 2(ra)
C0:        482 [1] pc=[000000008000020c] W[r14=ffffffffffffefa0][1] R[r 1=0000000080002000] R[r 0=0000000000000000] inst=[00209703] lh      a4, 2(ra)
C0:        483 [1] pc=[0000000080000210] W[r 7=fffffffffffff000][1] R[r 0=0000000000000000] R[r 0=0000000000000000] inst=[fffff3b7] lui     t2, 0xfffff
C0:        484 [1] pc=[0000000080000214] W[r 7=ffffffffffffefa0][1] R[r 7=fffffffffffff000] R[r 0=0000000000000000] inst=[fa03839b] addiw   t2, t2, -96
C0:        485 [1] pc=[0000000080000218] W[r 3=0000000000000004][1] R[r 0=0000000000000000] R[r 0=0000000000000000] inst=[00400193] li      gp, 4
C0:        486 [1] pc=[000000008000021c] W[r 0=0000000000000000][0] R[r14=ffffffffffffefa0] R[r 7=ffffffffffffefa0] inst=[38771863] bne     a4, t2, pc + 912
C0:        487 [1] pc=[0000000080000220] W[r 1=0000000080002220][1] R[r 0=0000000000000000] R[r 0=0000000000000000] inst=[00002097] auipc   ra, 0x2
C0:        488 [1] pc=[0000000080000224] W[r 1=0000000080002000][1] R[r 1=0000000080002220] R[r 0=0000000000000000] inst=[de008093] addi    ra, ra, -544
C0:        489 [1] pc=[0000000080000228] W[r 2=000000000000000a][1] R[r 0=0000000000000000] R[r 0=0000000000000000] inst=[00a00113] li      sp, 10
C0:        490 [1] pc=[000000008000022c] W[r 0=0000000000000000][0] R[r 1=0000000080002000] R[r 2=000000000000000a] inst=[002081a3] sb      sp, 3(ra)
C0:        496 [1] pc=[0000000080000230] W[r14=000000000000000a][1] R[r 1=0000000080002000] R[r 0=0000000000000000] inst=[00308703] lb      a4, 3(ra)
C0:        497 [1] pc=[0000000080000234] W[r 7=000000000000000a][1] R[r 0=0000000000000000] R[r 0=0000000000000000] inst=[00a00393] li      t2, 10
C0:        498 [1] pc=[0000000080000238] W[r 3=0000000000000005][1] R[r 0=0000000000000000] R[r 0=0000000000000000] inst=[00500193] li      gp, 5
C0:        499 [1] pc=[000000008000023c] W[r 0=0000000000000000][0] R[r14=000000000000000a] R[r 7=000000000000000a] inst=[36771863] bne     a4, t2, pc + 880
C0:        521 [1] pc=[0000000080000240] W[r 1=0000000080002240][1] R[r 0=0000000000000000] R[r 0=0000000000000000] inst=[00002097] auipc   ra, 0x2
C0:        522 [1] pc=[0000000080000244] W[r 1=0000000080002007][1] R[r 1=0000000080002240] R[r 0=0000000000000000] inst=[dc708093] addi    ra, ra, -569
C0:        523 [1] pc=[0000000080000248] W[r 2=ffffffffffffffaa][1] R[r 0=0000000000000000] R[r 0=0000000000000000] inst=[faa00113] li      sp, -86
C0:        524 [1] pc=[000000008000024c] W[r 0=0000000000000000][0] R[r 1=0000000080002007] R[r 2=ffffffffffffffaa] inst=[fe208ea3] sb      sp, -3(ra)
C0:        530 [1] pc=[0000000080000250] W[r14=ffffffffffffffaa][1] R[r 1=0000000080002007] R[r 0=0000000000000000] inst=[ffd08703] lb      a4, -3(ra)
C0:        531 [1] pc=[0000000080000254] W[r 7=ffffffffffffffaa][1] R[r 0=0000000000000000] R[r 0=0000000000000000] inst=[faa00393] li      t2, -86
C0:        532 [1] pc=[0000000080000258] W[r 3=0000000000000006][1] R[r 0=0000000000000000] R[r 0=0000000000000000] inst=[00600193] li      gp, 6
C0:        533 [1] pc=[000000008000025c] W[r 0=0000000000000000][0] R[r14=ffffffffffffffaa] R[r 7=ffffffffffffffaa] inst=[34771863] bne     a4, t2, pc + 848
C0:        534 [1] pc=[0000000080000260] W[r 1=0000000080002260][1] R[r 0=0000000000000000] R[r 0=0000000000000000] inst=[00002097] auipc   ra, 0x2
C0:        535 [1] pc=[0000000080000264] W[r 1=0000000080002007][1] R[r 1=0000000080002260] R[r 0=0000000000000000] inst=[da708093] addi    ra, ra, -601
C0:        536 [1] pc=[0000000080000268] W[r 2=0000000000000000][1] R[r 0=0000000000000000] R[r 0=0000000000000000] inst=[00000113] li      sp, 0
C0:        537 [1] pc=[000000008000026c] W[r 0=0000000000000000][0] R[r 1=0000000080002007] R[r 2=0000000000000000] inst=[fe208f23] sb      sp, -2(ra)
C0:        543 [1] pc=[0000000080000270] W[r14=0000000000000000][1] R[r 1=0000000080002007] R[r 0=0000000000000000] inst=[ffe08703] lb      a4, -2(ra)
C0:        544 [1] pc=[0000000080000274] W[r 7=0000000000000000][1] R[r 0=0000000000000000] R[r 0=0000000000000000] inst=[00000393] li      t2, 0
C0:        545 [1] pc=[0000000080000278] W[r 3=0000000000000007][1] R[r 0=0000000000000000] R[r 0=0000000000000000] inst=[00700193] li      gp, 7
C0:        546 [1] pc=[000000008000027c] W[r 0=0000000000000000][0] R[r14=0000000000000000] R[r 7=0000000000000000] inst=[32771863] bne     a4, t2, pc + 816
C0:        568 [1] pc=[0000000080000280] W[r 1=0000000080002280][1] R[r 0=0000000000000000] R[r 0=0000000000000000] inst=[00002097] auipc   ra, 0x2
C0:        569 [1] pc=[0000000080000284] W[r 1=0000000080002007][1] R[r 1=0000000080002280] R[r 0=0000000000000000] inst=[d8708093] addi    ra, ra, -633
C0:        570 [1] pc=[0000000080000288] W[r 2=ffffffffffffffa0][1] R[r 0=0000000000000000] R[r 0=0000000000000000] inst=[fa000113] li      sp, -96
C0:        571 [1] pc=[000000008000028c] W[r 0=0000000000000000][0] R[r 1=0000000080002007] R[r 2=ffffffffffffffa0] inst=[fe208fa3] sb      sp, -1(ra)
C0:        577 [1] pc=[0000000080000290] W[r14=ffffffffffffffa0][1] R[r 1=0000000080002007] R[r 0=0000000000000000] inst=[fff08703] lb      a4, -1(ra)
C0:        578 [1] pc=[0000000080000294] W[r 7=ffffffffffffffa0][1] R[r 0=0000000000000000] R[r 0=0000000000000000] inst=[fa000393] li      t2, -96
C0:        579 [1] pc=[0000000080000298] W[r 3=0000000000000008][1] R[r 0=0000000000000000] R[r 0=0000000000000000] inst=[00800193] li      gp, 8
C0:        580 [1] pc=[000000008000029c] W[r 0=0000000000000000][0] R[r14=ffffffffffffffa0] R[r 7=ffffffffffffffa0] inst=[30771863] bne     a4, t2, pc + 784
C0:        581 [1] pc=[00000000800002a0] W[r 1=00000000800022a0][1] R[r 0=0000000000000000] R[r 0=0000000000000000] inst=[00002097] auipc   ra, 0x2
C0:        582 [1] pc=[00000000800002a4] W[r 1=0000000080002007][1] R[r 1=00000000800022a0] R[r 0=0000000000000000] inst=[d6708093] addi    ra, ra, -665
C0:        583 [1] pc=[00000000800002a8] W[r 2=000000000000000a][1] R[r 0=0000000000000000] R[r 0=0000000000000000] inst=[00a00113] li      sp, 10
C0:        584 [1] pc=[00000000800002ac] W[r 0=0000000000000000][0] R[r 1=0000000080002007] R[r 2=000000000000000a] inst=[00208023] sb      sp, 0(ra)
C0:        590 [1] pc=[00000000800002b0] W[r14=000000000000000a][1] R[r 1=0000000080002007] R[r 0=0000000000000000] inst=[00008703] lb      a4, 0(ra)
C0:        591 [1] pc=[00000000800002b4] W[r 7=000000000000000a][1] R[r 0=0000000000000000] R[r 0=0000000000000000] inst=[00a00393] li      t2, 10
C0:        592 [1] pc=[00000000800002b8] W[r 3=0000000000000009][1] R[r 0=0000000000000000] R[r 0=0000000000000000] inst=[00900193] li      gp, 9
C0:        593 [1] pc=[00000000800002bc] W[r 0=0000000000000000][0] R[r14=000000000000000a] R[r 7=000000000000000a] inst=[2e771863] bne     a4, t2, pc + 752
C0:        615 [1] pc=[00000000800002c0] W[r 1=00000000800022c0][1] R[r 0=0000000000000000] R[r 0=0000000000000000] inst=[00002097] auipc   ra, 0x2
C0:        616 [1] pc=[00000000800002c4] W[r 1=0000000080002008][1] R[r 1=00000000800022c0] R[r 0=0000000000000000] inst=[d4808093] addi    ra, ra, -696
C0:        617 [1] pc=[00000000800002c8] W[r 2=0000000012345000][1] R[r 0=0000000000000000] R[r 0=0000000000000000] inst=[12345137] lui     sp, 0x12345
C0:        618 [1] pc=[00000000800002cc] W[r 2=0000000012345678][1] R[r 2=0000000012345000] R[r 0=0000000000000000] inst=[6781011b] addiw   sp, sp, 1656
C0:        619 [1] pc=[00000000800002d0] W[r 4=0000000080001fe8][1] R[r 1=0000000080002008] R[r 0=0000000000000000] inst=[fe008213] addi    tp, ra, -32
C0:        620 [1] pc=[00000000800002d4] W[r 0=0000000000000000][0] R[r 4=0000000080001fe8] R[r 2=0000000012345678] inst=[02220023] sb      sp, 32(tp)
C0:        626 [1] pc=[00000000800002d8] W[r 5=0000000000000078][1] R[r 1=0000000080002008] R[r 0=0000000000000000] inst=[00008283] lb      t0, 0(ra)
C0:        627 [1] pc=[00000000800002dc] W[r 7=0000000000000078][1] R[r 0=0000000000000000] R[r 0=0000000000000000] inst=[07800393] li      t2, 120
C0:        628 [1] pc=[00000000800002e0] W[r 3=000000000000000a][1] R[r 0=0000000000000000] R[r 0=0000000000000000] inst=[00a00193] li      gp, 10
C0:        629 [1] pc=[00000000800002e4] W[r 0=0000000000000000][0] R[r 5=0000000000000078] R[r 7=0000000000000078] inst=[2c729463] bne     t0, t2, pc + 712
C0:        630 [1] pc=[00000000800002e8] W[r 1=00000000800022e8][1] R[r 0=0000000000000000] R[r 0=0000000000000000] inst=[00002097] auipc   ra, 0x2
C0:        631 [1] pc=[00000000800002ec] W[r 1=0000000080002008][1] R[r 1=00000000800022e8] R[r 0=0000000000000000] inst=[d2008093] addi    ra, ra, -736
C0:        632 [1] pc=[00000000800002f0] W[r 2=0000000000003000][1] R[r 0=0000000000000000] R[r 0=0000000000000000] inst=[00003137] lui     sp, 0x3
C0:        633 [1] pc=[00000000800002f4] W[r 2=0000000000003098][1] R[r 2=0000000000003000] R[r 0=0000000000000000] inst=[0981011b] addiw   sp, sp, 152
C0:        634 [1] pc=[00000000800002f8] W[r 1=0000000080002002][1] R[r 1=0000000080002008] R[r 0=0000000000000000] inst=[ffa08093] addi    ra, ra, -6
C0:        635 [1] pc=[00000000800002fc] W[r 0=0000000000000000][0] R[r 1=0000000080002002] R[r 2=0000000000003098] inst=[002083a3] sb      sp, 7(ra)
C0:        657 [1] pc=[0000000080000300] W[r 4=0000000080002300][1] R[r 0=0000000000000000] R[r 0=0000000000000000] inst=[00002217] auipc   tp, 0x2
C0:        658 [1] pc=[0000000080000304] W[r 4=0000000080002009][1] R[r 4=0000000080002300] R[r 0=0000000000000000] inst=[d0920213] addi    tp, tp, -759
C0:        659 [1] pc=[0000000080000308] W[r 5=ffffffffffffff98][1] R[r 4=0000000080002009] R[r 0=0000000000000000] inst=[00020283] lb      t0, 0(tp)
C0:        660 [1] pc=[000000008000030c] W[r 7=ffffffffffffff98][1] R[r 0=0000000000000000] R[r 0=0000000000000000] inst=[f9800393] li      t2, -104
C0:        661 [1] pc=[0000000080000310] W[r 3=000000000000000b][1] R[r 0=0000000000000000] R[r 0=0000000000000000] inst=[00b00193] li      gp, 11
C0:        662 [1] pc=[0000000080000314] W[r 0=0000000000000000][0] R[r 5=ffffffffffffff98] R[r 7=ffffffffffffff98] inst=[28729c63] bne     t0, t2, pc + 664
C0:        663 [1] pc=[0000000080000318] W[r 3=000000000000000c][1] R[r 0=0000000000000000] R[r 0=0000000000000000] inst=[00c00193] li      gp, 12
C0:        664 [1] pc=[000000008000031c] W[r 4=0000000000000000][1] R[r 0=0000000000000000] R[r 0=0000000000000000] inst=[00000213] li      tp, 0
C0:        665 [1] pc=[0000000080000320] W[r 1=ffffffffffffffdd][1] R[r 0=0000000000000000] R[r 0=0000000000000000] inst=[fdd00093] li      ra, -35
C0:        666 [1] pc=[0000000080000324] W[r 2=0000000080002324][1] R[r 0=0000000000000000] R[r 0=0000000000000000] inst=[00002117] auipc   sp, 0x2
C0:        667 [1] pc=[0000000080000328] W[r 2=0000000080002000][1] R[r 2=0000000080002324] R[r 0=0000000000000000] inst=[cdc10113] addi    sp, sp, -804
C0:        668 [1] pc=[000000008000032c] W[r 0=0000000000000000][0] R[r 2=0000000080002000] R[r 1=ffffffffffffffdd] inst=[00110023] sb      ra, 0(sp)
C0:        674 [1] pc=[0000000080000330] W[r14=ffffffffffffffdd][1] R[r 2=0000000080002000] R[r 0=0000000000000000] inst=[00010703] lb      a4, 0(sp)
C0:        675 [1] pc=[0000000080000334] W[r 7=ffffffffffffffdd][1] R[r 0=0000000000000000] R[r 0=0000000000000000] inst=[fdd00393] li      t2, -35
C0:        677 [1] pc=[0000000080000338] W[r 0=0000000000000000][0] R[r14=ffffffffffffffdd] R[r 7=ffffffffffffffdd] inst=[26771a63] bne     a4, t2, pc + 628
C0:        678 [1] pc=[000000008000033c] W[r 4=0000000000000001][1] R[r 4=0000000000000000] R[r 0=0000000000000000] inst=[00120213] addi    tp, tp, 1
C0:        700 [1] pc=[0000000080000340] W[r 5=0000000000000002][1] R[r 0=0000000000000000] R[r 0=0000000000000000] inst=[00200293] li      t0, 2
C0:        701 [1] pc=[0000000080000344] W[r 0=0000000000000000][0] R[r 4=0000000000000001] R[r 5=0000000000000002] inst=[fc521ee3] bne     tp, t0, pc - 36
C0:        705 [1] pc=[0000000080000320] W[r 1=ffffffffffffffdd][1] R[r 0=0000000000000000] R[r 0=0000000000000000] inst=[fdd00093] li      ra, -35
C0:        706 [1] pc=[0000000080000324] W[r 2=0000000080002324][1] R[r 0=0000000000000000] R[r 0=0000000000000000] inst=[00002117] auipc   sp, 0x2
C0:        707 [1] pc=[0000000080000328] W[r 2=0000000080002000][1] R[r 2=0000000080002324] R[r 0=0000000000000000] inst=[cdc10113] addi    sp, sp, -804
C0:        708 [1] pc=[000000008000032c] W[r 0=0000000000000000][0] R[r 2=0000000080002000] R[r 1=ffffffffffffffdd] inst=[00110023] sb      ra, 0(sp)
C0:        714 [1] pc=[0000000080000330] W[r14=ffffffffffffffdd][1] R[r 2=0000000080002000] R[r 0=0000000000000000] inst=[00010703] lb      a4, 0(sp)
C0:        715 [1] pc=[0000000080000334] W[r 7=ffffffffffffffdd][1] R[r 0=0000000000000000] R[r 0=0000000000000000] inst=[fdd00393] li      t2, -35
C0:        717 [1] pc=[0000000080000338] W[r 0=0000000000000000][0] R[r14=ffffffffffffffdd] R[r 7=ffffffffffffffdd] inst=[26771a63] bne     a4, t2, pc + 628
C0:        718 [1] pc=[000000008000033c] W[r 4=0000000000000002][1] R[r 4=0000000000000001] R[r 0=0000000000000000] inst=[00120213] addi    tp, tp, 1
C0:        719 [1] pc=[0000000080000340] W[r 5=0000000000000002][1] R[r 0=0000000000000000] R[r 0=0000000000000000] inst=[00200293] li      t0, 2
C0:        720 [1] pc=[0000000080000344] W[r 0=0000000000000000][0] R[r 4=0000000000000002] R[r 5=0000000000000002] inst=[fc521ee3] bne     tp, t0, pc - 36
C0:        721 [1] pc=[0000000080000348] W[r 3=000000000000000d][1] R[r 0=0000000000000000] R[r 0=0000000000000000] inst=[00d00193] li      gp, 13
C0:        722 [1] pc=[000000008000034c] W[r 4=0000000000000000][1] R[r 0=0000000000000000] R[r 0=0000000000000000] inst=[00000213] li      tp, 0
C0:        723 [1] pc=[0000000080000350] W[r 1=ffffffffffffffcd][1] R[r 0=0000000000000000] R[r 0=0000000000000000] inst=[fcd00093] li      ra, -51
C0:        724 [1] pc=[0000000080000354] W[r 2=0000000080002354][1] R[r 0=0000000000000000] R[r 0=0000000000000000] inst=[00002117] auipc   sp, 0x2
C0:        725 [1] pc=[0000000080000358] W[r 2=0000000080002000][1] R[r 2=0000000080002354] R[r 0=0000000000000000] inst=[cac10113] addi    sp, sp, -852
C0:        726 [1] pc=[000000008000035c] W[r 0=0000000000000000][1] R[r 0=0000000000000000] R[r 0=0000000000000000] inst=[00000013] nop
C0:        727 [1] pc=[0000000080000360] W[r 0=0000000000000000][0] R[r 2=0000000080002000] R[r 1=ffffffffffffffcd] inst=[001100a3] sb      ra, 1(sp)
C0:        733 [1] pc=[0000000080000364] W[r14=ffffffffffffffcd][1] R[r 2=0000000080002000] R[r 0=0000000000000000] inst=[00110703] lb      a4, 1(sp)
C0:        734 [1] pc=[0000000080000368] W[r 7=ffffffffffffffcd][1] R[r 0=0000000000000000] R[r 0=0000000000000000] inst=[fcd00393] li      t2, -51
C0:        736 [1] pc=[000000008000036c] W[r 0=0000000000000000][0] R[r14=ffffffffffffffcd] R[r 7=ffffffffffffffcd] inst=[24771063] bne     a4, t2, pc + 576
C0:        737 [1] pc=[0000000080000370] W[r 4=0000000000000001][1] R[r 4=0000000000000000] R[r 0=0000000000000000] inst=[00120213] addi    tp, tp, 1
C0:        738 [1] pc=[0000000080000374] W[r 5=0000000000000002][1] R[r 0=0000000000000000] R[r 0=0000000000000000] inst=[00200293] li      t0, 2
C0:        739 [1] pc=[0000000080000378] W[r 0=0000000000000000][0] R[r 4=0000000000000001] R[r 5=0000000000000002] inst=[fc521ce3] bne     tp, t0, pc - 40
C0:        743 [1] pc=[0000000080000350] W[r 1=ffffffffffffffcd][1] R[r 0=0000000000000000] R[r 0=0000000000000000] inst=[fcd00093] li      ra, -51
C0:        744 [1] pc=[0000000080000354] W[r 2=0000000080002354][1] R[r 0=0000000000000000] R[r 0=0000000000000000] inst=[00002117] auipc   sp, 0x2
C0:        745 [1] pc=[0000000080000358] W[r 2=0000000080002000][1] R[r 2=0000000080002354] R[r 0=0000000000000000] inst=[cac10113] addi    sp, sp, -852
C0:        746 [1] pc=[000000008000035c] W[r 0=0000000000000000][1] R[r 0=0000000000000000] R[r 0=0000000000000000] inst=[00000013] nop
C0:        747 [1] pc=[0000000080000360] W[r 0=0000000000000000][0] R[r 2=0000000080002000] R[r 1=ffffffffffffffcd] inst=[001100a3] sb      ra, 1(sp)
C0:        753 [1] pc=[0000000080000364] W[r14=ffffffffffffffcd][1] R[r 2=0000000080002000] R[r 0=0000000000000000] inst=[00110703] lb      a4, 1(sp)
C0:        754 [1] pc=[0000000080000368] W[r 7=ffffffffffffffcd][1] R[r 0=0000000000000000] R[r 0=0000000000000000] inst=[fcd00393] li      t2, -51
C0:        756 [1] pc=[000000008000036c] W[r 0=0000000000000000][0] R[r14=ffffffffffffffcd] R[r 7=ffffffffffffffcd] inst=[24771063] bne     a4, t2, pc + 576
C0:        757 [1] pc=[0000000080000370] W[r 4=0000000000000002][1] R[r 4=0000000000000001] R[r 0=0000000000000000] inst=[00120213] addi    tp, tp, 1
C0:        758 [1] pc=[0000000080000374] W[r 5=0000000000000002][1] R[r 0=0000000000000000] R[r 0=0000000000000000] inst=[00200293] li      t0, 2
C0:        759 [1] pc=[0000000080000378] W[r 0=0000000000000000][0] R[r 4=0000000000000002] R[r 5=0000000000000002] inst=[fc521ce3] bne     tp, t0, pc - 40
C0:        760 [1] pc=[000000008000037c] W[r 3=000000000000000e][1] R[r 0=0000000000000000] R[r 0=0000000000000000] inst=[00e00193] li      gp, 14
C0:        782 [1] pc=[0000000080000380] W[r 4=0000000000000000][1] R[r 0=0000000000000000] R[r 0=0000000000000000] inst=[00000213] li      tp, 0
C0:        783 [1] pc=[0000000080000384] W[r 1=ffffffffffffffcc][1] R[r 0=0000000000000000] R[r 0=0000000000000000] inst=[fcc00093] li      ra, -52
C0:        784 [1] pc=[0000000080000388] W[r 2=0000000080002388][1] R[r 0=0000000000000000] R[r 0=0000000000000000] inst=[00002117] auipc   sp, 0x2
C0:        785 [1] pc=[000000008000038c] W[r 2=0000000080002000][1] R[r 2=0000000080002388] R[r 0=0000000000000000] inst=[c7810113] addi    sp, sp, -904
C0:        786 [1] pc=[0000000080000390] W[r 0=0000000000000000][1] R[r 0=0000000000000000] R[r 0=0000000000000000] inst=[00000013] nop
C0:        787 [1] pc=[0000000080000394] W[r 0=0000000000000000][1] R[r 0=0000000000000000] R[r 0=0000000000000000] inst=[00000013] nop
C0:        788 [1] pc=[0000000080000398] W[r 0=0000000000000000][0] R[r 2=0000000080002000] R[r 1=ffffffffffffffcc] inst=[00110123] sb      ra, 2(sp)
C0:        794 [1] pc=[000000008000039c] W[r14=ffffffffffffffcc][1] R[r 2=0000000080002000] R[r 0=0000000000000000] inst=[00210703] lb      a4, 2(sp)
C0:        795 [1] pc=[00000000800003a0] W[r 7=ffffffffffffffcc][1] R[r 0=0000000000000000] R[r 0=0000000000000000] inst=[fcc00393] li      t2, -52
C0:        797 [1] pc=[00000000800003a4] W[r 0=0000000000000000][0] R[r14=ffffffffffffffcc] R[r 7=ffffffffffffffcc] inst=[20771463] bne     a4, t2, pc + 520
C0:        798 [1] pc=[00000000800003a8] W[r 4=0000000000000001][1] R[r 4=0000000000000000] R[r 0=0000000000000000] inst=[00120213] addi    tp, tp, 1
C0:        799 [1] pc=[00000000800003ac] W[r 5=0000000000000002][1] R[r 0=0000000000000000] R[r 0=0000000000000000] inst=[00200293] li      t0, 2
C0:        800 [1] pc=[00000000800003b0] W[r 0=0000000000000000][0] R[r 4=0000000000000001] R[r 5=0000000000000002] inst=[fc521ae3] bne     tp, t0, pc - 44
C0:        804 [1] pc=[0000000080000384] W[r 1=ffffffffffffffcc][1] R[r 0=0000000000000000] R[r 0=0000000000000000] inst=[fcc00093] li      ra, -52
C0:        805 [1] pc=[0000000080000388] W[r 2=0000000080002388][1] R[r 0=0000000000000000] R[r 0=0000000000000000] inst=[00002117] auipc   sp, 0x2
C0:        806 [1] pc=[000000008000038c] W[r 2=0000000080002000][1] R[r 2=0000000080002388] R[r 0=0000000000000000] inst=[c7810113] addi    sp, sp, -904
C0:        807 [1] pc=[0000000080000390] W[r 0=0000000000000000][1] R[r 0=0000000000000000] R[r 0=0000000000000000] inst=[00000013] nop
C0:        808 [1] pc=[0000000080000394] W[r 0=0000000000000000][1] R[r 0=0000000000000000] R[r 0=0000000000000000] inst=[00000013] nop
C0:        809 [1] pc=[0000000080000398] W[r 0=0000000000000000][0] R[r 2=0000000080002000] R[r 1=ffffffffffffffcc] inst=[00110123] sb      ra, 2(sp)
C0:        815 [1] pc=[000000008000039c] W[r14=ffffffffffffffcc][1] R[r 2=0000000080002000] R[r 0=0000000000000000] inst=[00210703] lb      a4, 2(sp)
C0:        816 [1] pc=[00000000800003a0] W[r 7=ffffffffffffffcc][1] R[r 0=0000000000000000] R[r 0=0000000000000000] inst=[fcc00393] li      t2, -52
C0:        818 [1] pc=[00000000800003a4] W[r 0=0000000000000000][0] R[r14=ffffffffffffffcc] R[r 7=ffffffffffffffcc] inst=[20771463] bne     a4, t2, pc + 520
C0:        819 [1] pc=[00000000800003a8] W[r 4=0000000000000002][1] R[r 4=0000000000000001] R[r 0=0000000000000000] inst=[00120213] addi    tp, tp, 1
C0:        820 [1] pc=[00000000800003ac] W[r 5=0000000000000002][1] R[r 0=0000000000000000] R[r 0=0000000000000000] inst=[00200293] li      t0, 2
C0:        821 [1] pc=[00000000800003b0] W[r 0=0000000000000000][0] R[r 4=0000000000000002] R[r 5=0000000000000002] inst=[fc521ae3] bne     tp, t0, pc - 44
C0:        822 [1] pc=[00000000800003b4] W[r 3=000000000000000f][1] R[r 0=0000000000000000] R[r 0=0000000000000000] inst=[00f00193] li      gp, 15
C0:        823 [1] pc=[00000000800003b8] W[r 4=0000000000000000][1] R[r 0=0000000000000000] R[r 0=0000000000000000] inst=[00000213] li      tp, 0
C0:        824 [1] pc=[00000000800003bc] W[r 1=ffffffffffffffbc][1] R[r 0=0000000000000000] R[r 0=0000000000000000] inst=[fbc00093] li      ra, -68
C0:        846 [1] pc=[00000000800003c0] W[r 0=0000000000000000][1] R[r 0=0000000000000000] R[r 0=0000000000000000] inst=[00000013] nop
C0:        847 [1] pc=[00000000800003c4] W[r 2=00000000800023c4][1] R[r 0=0000000000000000] R[r 0=0000000000000000] inst=[00002117] auipc   sp, 0x2
C0:        848 [1] pc=[00000000800003c8] W[r 2=0000000080002000][1] R[r 2=00000000800023c4] R[r 0=0000000000000000] inst=[c3c10113] addi    sp, sp, -964
C0:        849 [1] pc=[00000000800003cc] W[r 0=0000000000000000][0] R[r 2=0000000080002000] R[r 1=ffffffffffffffbc] inst=[001101a3] sb      ra, 3(sp)
C0:        855 [1] pc=[00000000800003d0] W[r14=ffffffffffffffbc][1] R[r 2=0000000080002000] R[r 0=0000000000000000] inst=[00310703] lb      a4, 3(sp)
C0:        856 [1] pc=[00000000800003d4] W[r 7=ffffffffffffffbc][1] R[r 0=0000000000000000] R[r 0=0000000000000000] inst=[fbc00393] li      t2, -68
C0:        858 [1] pc=[00000000800003d8] W[r 0=0000000000000000][0] R[r14=ffffffffffffffbc] R[r 7=ffffffffffffffbc] inst=[1c771a63] bne     a4, t2, pc + 468
C0:        859 [1] pc=[00000000800003dc] W[r 4=0000000000000001][1] R[r 4=0000000000000000] R[r 0=0000000000000000] inst=[00120213] addi    tp, tp, 1
C0:        860 [1] pc=[00000000800003e0] W[r 5=0000000000000002][1] R[r 0=0000000000000000] R[r 0=0000000000000000] inst=[00200293] li      t0, 2
C0:        861 [1] pc=[00000000800003e4] W[r 0=0000000000000000][0] R[r 4=0000000000000001] R[r 5=0000000000000002] inst=[fc521ce3] bne     tp, t0, pc - 40
C0:        865 [1] pc=[00000000800003bc] W[r 1=ffffffffffffffbc][1] R[r 0=0000000000000000] R[r 0=0000000000000000] inst=[fbc00093] li      ra, -68
C0:        866 [1] pc=[00000000800003c0] W[r 0=0000000000000000][1] R[r 0=0000000000000000] R[r 0=0000000000000000] inst=[00000013] nop
C0:        867 [1] pc=[00000000800003c4] W[r 2=00000000800023c4][1] R[r 0=0000000000000000] R[r 0=0000000000000000] inst=[00002117] auipc   sp, 0x2
C0:        868 [1] pc=[00000000800003c8] W[r 2=0000000080002000][1] R[r 2=00000000800023c4] R[r 0=0000000000000000] inst=[c3c10113] addi    sp, sp, -964
C0:        869 [1] pc=[00000000800003cc] W[r 0=0000000000000000][0] R[r 2=0000000080002000] R[r 1=ffffffffffffffbc] inst=[001101a3] sb      ra, 3(sp)
C0:        875 [1] pc=[00000000800003d0] W[r14=ffffffffffffffbc][1] R[r 2=0000000080002000] R[r 0=0000000000000000] inst=[00310703] lb      a4, 3(sp)
C0:        876 [1] pc=[00000000800003d4] W[r 7=ffffffffffffffbc][1] R[r 0=0000000000000000] R[r 0=0000000000000000] inst=[fbc00393] li      t2, -68
C0:        878 [1] pc=[00000000800003d8] W[r 0=0000000000000000][0] R[r14=ffffffffffffffbc] R[r 7=ffffffffffffffbc] inst=[1c771a63] bne     a4, t2, pc + 468
C0:        879 [1] pc=[00000000800003dc] W[r 4=0000000000000002][1] R[r 4=0000000000000001] R[r 0=0000000000000000] inst=[00120213] addi    tp, tp, 1
C0:        880 [1] pc=[00000000800003e0] W[r 5=0000000000000002][1] R[r 0=0000000000000000] R[r 0=0000000000000000] inst=[00200293] li      t0, 2
C0:        881 [1] pc=[00000000800003e4] W[r 0=0000000000000000][0] R[r 4=0000000000000002] R[r 5=0000000000000002] inst=[fc521ce3] bne     tp, t0, pc - 40
C0:        882 [1] pc=[00000000800003e8] W[r 3=0000000000000010][1] R[r 0=0000000000000000] R[r 0=0000000000000000] inst=[01000193] li      gp, 16
C0:        883 [1] pc=[00000000800003ec] W[r 4=0000000000000000][1] R[r 0=0000000000000000] R[r 0=0000000000000000] inst=[00000213] li      tp, 0
C0:        884 [1] pc=[00000000800003f0] W[r 1=ffffffffffffffbb][1] R[r 0=0000000000000000] R[r 0=0000000000000000] inst=[fbb00093] li      ra, -69
C0:        885 [1] pc=[00000000800003f4] W[r 0=0000000000000000][1] R[r 0=0000000000000000] R[r 0=0000000000000000] inst=[00000013] nop
C0:        886 [1] pc=[00000000800003f8] W[r 2=00000000800023f8][1] R[r 0=0000000000000000] R[r 0=0000000000000000] inst=[00002117] auipc   sp, 0x2
C0:        887 [1] pc=[00000000800003fc] W[r 2=0000000080002000][1] R[r 2=00000000800023f8] R[r 0=0000000000000000] inst=[c0810113] addi    sp, sp, -1016
C0:        909 [1] pc=[0000000080000400] W[r 0=0000000000000000][1] R[r 0=0000000000000000] R[r 0=0000000000000000] inst=[00000013] nop
C0:        910 [1] pc=[0000000080000404] W[r 0=0000000000000000][0] R[r 2=0000000080002000] R[r 1=ffffffffffffffbb] inst=[00110223] sb      ra, 4(sp)
C0:        916 [1] pc=[0000000080000408] W[r14=ffffffffffffffbb][1] R[r 2=0000000080002000] R[r 0=0000000000000000] inst=[00410703] lb      a4, 4(sp)
C0:        917 [1] pc=[000000008000040c] W[r 7=ffffffffffffffbb][1] R[r 0=0000000000000000] R[r 0=0000000000000000] inst=[fbb00393] li      t2, -69
C0:        919 [1] pc=[0000000080000410] W[r 0=0000000000000000][0] R[r14=ffffffffffffffbb] R[r 7=ffffffffffffffbb] inst=[18771e63] bne     a4, t2, pc + 412
C0:        920 [1] pc=[0000000080000414] W[r 4=0000000000000001][1] R[r 4=0000000000000000] R[r 0=0000000000000000] inst=[00120213] addi    tp, tp, 1
C0:        921 [1] pc=[0000000080000418] W[r 5=0000000000000002][1] R[r 0=0000000000000000] R[r 0=0000000000000000] inst=[00200293] li      t0, 2
C0:        922 [1] pc=[000000008000041c] W[r 0=0000000000000000][0] R[r 4=0000000000000001] R[r 5=0000000000000002] inst=[fc521ae3] bne     tp, t0, pc - 44
C0:        926 [1] pc=[00000000800003f0] W[r 1=ffffffffffffffbb][1] R[r 0=0000000000000000] R[r 0=0000000000000000] inst=[fbb00093] li      ra, -69
C0:        927 [1] pc=[00000000800003f4] W[r 0=0000000000000000][1] R[r 0=0000000000000000] R[r 0=0000000000000000] inst=[00000013] nop
C0:        928 [1] pc=[00000000800003f8] W[r 2=00000000800023f8][1] R[r 0=0000000000000000] R[r 0=0000000000000000] inst=[00002117] auipc   sp, 0x2
C0:        929 [1] pc=[00000000800003fc] W[r 2=0000000080002000][1] R[r 2=00000000800023f8] R[r 0=0000000000000000] inst=[c0810113] addi    sp, sp, -1016
C0:        930 [1] pc=[0000000080000400] W[r 0=0000000000000000][1] R[r 0=0000000000000000] R[r 0=0000000000000000] inst=[00000013] nop
C0:        931 [1] pc=[0000000080000404] W[r 0=0000000000000000][0] R[r 2=0000000080002000] R[r 1=ffffffffffffffbb] inst=[00110223] sb      ra, 4(sp)
C0:        937 [1] pc=[0000000080000408] W[r14=ffffffffffffffbb][1] R[r 2=0000000080002000] R[r 0=0000000000000000] inst=[00410703] lb      a4, 4(sp)
C0:        938 [1] pc=[000000008000040c] W[r 7=ffffffffffffffbb][1] R[r 0=0000000000000000] R[r 0=0000000000000000] inst=[fbb00393] li      t2, -69
C0:        940 [1] pc=[0000000080000410] W[r 0=0000000000000000][0] R[r14=ffffffffffffffbb] R[r 7=ffffffffffffffbb] inst=[18771e63] bne     a4, t2, pc + 412
C0:        941 [1] pc=[0000000080000414] W[r 4=0000000000000002][1] R[r 4=0000000000000001] R[r 0=0000000000000000] inst=[00120213] addi    tp, tp, 1
C0:        942 [1] pc=[0000000080000418] W[r 5=0000000000000002][1] R[r 0=0000000000000000] R[r 0=0000000000000000] inst=[00200293] li      t0, 2
C0:        943 [1] pc=[000000008000041c] W[r 0=0000000000000000][0] R[r 4=0000000000000002] R[r 5=0000000000000002] inst=[fc521ae3] bne     tp, t0, pc - 44
C0:        944 [1] pc=[0000000080000420] W[r 3=0000000000000011][1] R[r 0=0000000000000000] R[r 0=0000000000000000] inst=[01100193] li      gp, 17
C0:        945 [1] pc=[0000000080000424] W[r 4=0000000000000000][1] R[r 0=0000000000000000] R[r 0=0000000000000000] inst=[00000213] li      tp, 0
C0:        946 [1] pc=[0000000080000428] W[r 1=ffffffffffffffab][1] R[r 0=0000000000000000] R[r 0=0000000000000000] inst=[fab00093] li      ra, -85
C0:        947 [1] pc=[000000008000042c] W[r 0=0000000000000000][1] R[r 0=0000000000000000] R[r 0=0000000000000000] inst=[00000013] nop
C0:        948 [1] pc=[0000000080000430] W[r 0=0000000000000000][1] R[r 0=0000000000000000] R[r 0=0000000000000000] inst=[00000013] nop
C0:        949 [1] pc=[0000000080000434] W[r 2=0000000080002434][1] R[r 0=0000000000000000] R[r 0=0000000000000000] inst=[00002117] auipc   sp, 0x2
C0:        950 [1] pc=[0000000080000438] W[r 2=0000000080002000][1] R[r 2=0000000080002434] R[r 0=0000000000000000] inst=[bcc10113] addi    sp, sp, -1076
C0:        951 [1] pc=[000000008000043c] W[r 0=0000000000000000][0] R[r 2=0000000080002000] R[r 1=ffffffffffffffab] inst=[001102a3] sb      ra, 5(sp)
C0:        973 [1] pc=[0000000080000440] W[r14=ffffffffffffffab][1] R[r 2=0000000080002000] R[r 0=0000000000000000] inst=[00510703] lb      a4, 5(sp)
C0:        974 [1] pc=[0000000080000444] W[r 7=ffffffffffffffab][1] R[r 0=0000000000000000] R[r 0=0000000000000000] inst=[fab00393] li      t2, -85
C0:        976 [1] pc=[0000000080000448] W[r 0=0000000000000000][0] R[r14=ffffffffffffffab] R[r 7=ffffffffffffffab] inst=[16771263] bne     a4, t2, pc + 356
C0:        977 [1] pc=[000000008000044c] W[r 4=0000000000000001][1] R[r 4=0000000000000000] R[r 0=0000000000000000] inst=[00120213] addi    tp, tp, 1
C0:        978 [1] pc=[0000000080000450] W[r 5=0000000000000002][1] R[r 0=0000000000000000] R[r 0=0000000000000000] inst=[00200293] li      t0, 2
C0:        979 [1] pc=[0000000080000454] W[r 0=0000000000000000][0] R[r 4=0000000000000001] R[r 5=0000000000000002] inst=[fc521ae3] bne     tp, t0, pc - 44
C0:        983 [1] pc=[0000000080000428] W[r 1=ffffffffffffffab][1] R[r 0=0000000000000000] R[r 0=0000000000000000] inst=[fab00093] li      ra, -85
C0:        984 [1] pc=[000000008000042c] W[r 0=0000000000000000][1] R[r 0=0000000000000000] R[r 0=0000000000000000] inst=[00000013] nop
C0:        985 [1] pc=[0000000080000430] W[r 0=0000000000000000][1] R[r 0=0000000000000000] R[r 0=0000000000000000] inst=[00000013] nop
C0:        986 [1] pc=[0000000080000434] W[r 2=0000000080002434][1] R[r 0=0000000000000000] R[r 0=0000000000000000] inst=[00002117] auipc   sp, 0x2
C0:        987 [1] pc=[0000000080000438] W[r 2=0000000080002000][1] R[r 2=0000000080002434] R[r 0=0000000000000000] inst=[bcc10113] addi    sp, sp, -1076
C0:        988 [1] pc=[000000008000043c] W[r 0=0000000000000000][0] R[r 2=0000000080002000] R[r 1=ffffffffffffffab] inst=[001102a3] sb      ra, 5(sp)
C0:        994 [1] pc=[0000000080000440] W[r14=ffffffffffffffab][1] R[r 2=0000000080002000] R[r 0=0000000000000000] inst=[00510703] lb      a4, 5(sp)
C0:        995 [1] pc=[0000000080000444] W[r 7=ffffffffffffffab][1] R[r 0=0000000000000000] R[r 0=0000000000000000] inst=[fab00393] li      t2, -85
C0:        997 [1] pc=[0000000080000448] W[r 0=0000000000000000][0] R[r14=ffffffffffffffab] R[r 7=ffffffffffffffab] inst=[16771263] bne     a4, t2, pc + 356
C0:        998 [1] pc=[000000008000044c] W[r 4=0000000000000002][1] R[r 4=0000000000000001] R[r 0=0000000000000000] inst=[00120213] addi    tp, tp, 1
C0:        999 [1] pc=[0000000080000450] W[r 5=0000000000000002][1] R[r 0=0000000000000000] R[r 0=0000000000000000] inst=[00200293] li      t0, 2
C0:       1000 [1] pc=[0000000080000454] W[r 0=0000000000000000][0] R[r 4=0000000000000002] R[r 5=0000000000000002] inst=[fc521ae3] bne     tp, t0, pc - 44
C0:       1001 [1] pc=[0000000080000458] W[r 3=0000000000000012][1] R[r 0=0000000000000000] R[r 0=0000000000000000] inst=[01200193] li      gp, 18
C0:       1002 [1] pc=[000000008000045c] W[r 4=0000000000000000][1] R[r 0=0000000000000000] R[r 0=0000000000000000] inst=[00000213] li      tp, 0
C0:       1003 [1] pc=[0000000080000460] W[r 2=0000000080002460][1] R[r 0=0000000000000000] R[r 0=0000000000000000] inst=[00002117] auipc   sp, 0x2
C0:       1004 [1] pc=[0000000080000464] W[r 2=0000000080002000][1] R[r 2=0000000080002460] R[r 0=0000000000000000] inst=[ba010113] addi    sp, sp, -1120
C0:       1005 [1] pc=[0000000080000468] W[r 1=0000000000000033][1] R[r 0=0000000000000000] R[r 0=0000000000000000] inst=[03300093] li      ra, 51
C0:       1006 [1] pc=[000000008000046c] W[r 0=0000000000000000][0] R[r 2=0000000080002000] R[r 1=0000000000000033] inst=[00110023] sb      ra, 0(sp)
C0:       1012 [1] pc=[0000000080000470] W[r14=0000000000000033][1] R[r 2=0000000080002000] R[r 0=0000000000000000] inst=[00010703] lb      a4, 0(sp)
C0:       1013 [1] pc=[0000000080000474] W[r 7=0000000000000033][1] R[r 0=0000000000000000] R[r 0=0000000000000000] inst=[03300393] li      t2, 51
C0:       1015 [1] pc=[0000000080000478] W[r 0=0000000000000000][0] R[r14=0000000000000033] R[r 7=0000000000000033] inst=[12771a63] bne     a4, t2, pc + 308
C0:       1016 [1] pc=[000000008000047c] W[r 4=0000000000000001][1] R[r 4=0000000000000000] R[r 0=0000000000000000] inst=[00120213] addi    tp, tp, 1
C0:       1038 [1] pc=[0000000080000480] W[r 5=0000000000000002][1] R[r 0=0000000000000000] R[r 0=0000000000000000] inst=[00200293] li      t0, 2
C0:       1039 [1] pc=[0000000080000484] W[r 0=0000000000000000][0] R[r 4=0000000000000001] R[r 5=0000000000000002] inst=[fc521ee3] bne     tp, t0, pc - 36
C0:       1043 [1] pc=[0000000080000460] W[r 2=0000000080002460][1] R[r 0=0000000000000000] R[r 0=0000000000000000] inst=[00002117] auipc   sp, 0x2
C0:       1044 [1] pc=[0000000080000464] W[r 2=0000000080002000][1] R[r 2=0000000080002460] R[r 0=0000000000000000] inst=[ba010113] addi    sp, sp, -1120
C0:       1045 [1] pc=[0000000080000468] W[r 1=0000000000000033][1] R[r 0=0000000000000000] R[r 0=0000000000000000] inst=[03300093] li      ra, 51
C0:       1046 [1] pc=[000000008000046c] W[r 0=0000000000000000][0] R[r 2=0000000080002000] R[r 1=0000000000000033] inst=[00110023] sb      ra, 0(sp)
C0:       1052 [1] pc=[0000000080000470] W[r14=0000000000000033][1] R[r 2=0000000080002000] R[r 0=0000000000000000] inst=[00010703] lb      a4, 0(sp)
C0:       1053 [1] pc=[0000000080000474] W[r 7=0000000000000033][1] R[r 0=0000000000000000] R[r 0=0000000000000000] inst=[03300393] li      t2, 51
C0:       1055 [1] pc=[0000000080000478] W[r 0=0000000000000000][0] R[r14=0000000000000033] R[r 7=0000000000000033] inst=[12771a63] bne     a4, t2, pc + 308
C0:       1056 [1] pc=[000000008000047c] W[r 4=0000000000000002][1] R[r 4=0000000000000001] R[r 0=0000000000000000] inst=[00120213] addi    tp, tp, 1
C0:       1057 [1] pc=[0000000080000480] W[r 5=0000000000000002][1] R[r 0=0000000000000000] R[r 0=0000000000000000] inst=[00200293] li      t0, 2
C0:       1058 [1] pc=[0000000080000484] W[r 0=0000000000000000][0] R[r 4=0000000000000002] R[r 5=0000000000000002] inst=[fc521ee3] bne     tp, t0, pc - 36
C0:       1059 [1] pc=[0000000080000488] W[r 3=0000000000000013][1] R[r 0=0000000000000000] R[r 0=0000000000000000] inst=[01300193] li      gp, 19
C0:       1060 [1] pc=[000000008000048c] W[r 4=0000000000000000][1] R[r 0=0000000000000000] R[r 0=0000000000000000] inst=[00000213] li      tp, 0
C0:       1061 [1] pc=[0000000080000490] W[r 2=0000000080002490][1] R[r 0=0000000000000000] R[r 0=0000000000000000] inst=[00002117] auipc   sp, 0x2
C0:       1062 [1] pc=[0000000080000494] W[r 2=0000000080002000][1] R[r 2=0000000080002490] R[r 0=0000000000000000] inst=[b7010113] addi    sp, sp, -1168
C0:       1063 [1] pc=[0000000080000498] W[r 1=0000000000000023][1] R[r 0=0000000000000000] R[r 0=0000000000000000] inst=[02300093] li      ra, 35
C0:       1064 [1] pc=[000000008000049c] W[r 0=0000000000000000][1] R[r 0=0000000000000000] R[r 0=0000000000000000] inst=[00000013] nop
C0:       1065 [1] pc=[00000000800004a0] W[r 0=0000000000000000][0] R[r 2=0000000080002000] R[r 1=0000000000000023] inst=[001100a3] sb      ra, 1(sp)
C0:       1071 [1] pc=[00000000800004a4] W[r14=0000000000000023][1] R[r 2=0000000080002000] R[r 0=0000000000000000] inst=[00110703] lb      a4, 1(sp)
C0:       1072 [1] pc=[00000000800004a8] W[r 7=0000000000000023][1] R[r 0=0000000000000000] R[r 0=0000000000000000] inst=[02300393] li      t2, 35
C0:       1074 [1] pc=[00000000800004ac] W[r 0=0000000000000000][0] R[r14=0000000000000023] R[r 7=0000000000000023] inst=[10771063] bne     a4, t2, pc + 256
C0:       1075 [1] pc=[00000000800004b0] W[r 4=0000000000000001][1] R[r 4=0000000000000000] R[r 0=0000000000000000] inst=[00120213] addi    tp, tp, 1
C0:       1076 [1] pc=[00000000800004b4] W[r 5=0000000000000002][1] R[r 0=0000000000000000] R[r 0=0000000000000000] inst=[00200293] li      t0, 2
C0:       1077 [1] pc=[00000000800004b8] W[r 0=0000000000000000][0] R[r 4=0000000000000001] R[r 5=0000000000000002] inst=[fc521ce3] bne     tp, t0, pc - 40
C0:       1081 [1] pc=[0000000080000490] W[r 2=0000000080002490][1] R[r 0=0000000000000000] R[r 0=0000000000000000] inst=[00002117] auipc   sp, 0x2
C0:       1082 [1] pc=[0000000080000494] W[r 2=0000000080002000][1] R[r 2=0000000080002490] R[r 0=0000000000000000] inst=[b7010113] addi    sp, sp, -1168
C0:       1083 [1] pc=[0000000080000498] W[r 1=0000000000000023][1] R[r 0=0000000000000000] R[r 0=0000000000000000] inst=[02300093] li      ra, 35
C0:       1084 [1] pc=[000000008000049c] W[r 0=0000000000000000][1] R[r 0=0000000000000000] R[r 0=0000000000000000] inst=[00000013] nop
C0:       1085 [1] pc=[00000000800004a0] W[r 0=0000000000000000][0] R[r 2=0000000080002000] R[r 1=0000000000000023] inst=[001100a3] sb      ra, 1(sp)
C0:       1091 [1] pc=[00000000800004a4] W[r14=0000000000000023][1] R[r 2=0000000080002000] R[r 0=0000000000000000] inst=[00110703] lb      a4, 1(sp)
C0:       1092 [1] pc=[00000000800004a8] W[r 7=0000000000000023][1] R[r 0=0000000000000000] R[r 0=0000000000000000] inst=[02300393] li      t2, 35
C0:       1094 [1] pc=[00000000800004ac] W[r 0=0000000000000000][0] R[r14=0000000000000023] R[r 7=0000000000000023] inst=[10771063] bne     a4, t2, pc + 256
C0:       1095 [1] pc=[00000000800004b0] W[r 4=0000000000000002][1] R[r 4=0000000000000001] R[r 0=0000000000000000] inst=[00120213] addi    tp, tp, 1
C0:       1096 [1] pc=[00000000800004b4] W[r 5=0000000000000002][1] R[r 0=0000000000000000] R[r 0=0000000000000000] inst=[00200293] li      t0, 2
C0:       1097 [1] pc=[00000000800004b8] W[r 0=0000000000000000][0] R[r 4=0000000000000002] R[r 5=0000000000000002] inst=[fc521ce3] bne     tp, t0, pc - 40
C0:       1098 [1] pc=[00000000800004bc] W[r 3=0000000000000014][1] R[r 0=0000000000000000] R[r 0=0000000000000000] inst=[01400193] li      gp, 20
C0:       1120 [1] pc=[00000000800004c0] W[r 4=0000000000000000][1] R[r 0=0000000000000000] R[r 0=0000000000000000] inst=[00000213] li      tp, 0
C0:       1121 [1] pc=[00000000800004c4] W[r 2=00000000800024c4][1] R[r 0=0000000000000000] R[r 0=0000000000000000] inst=[00002117] auipc   sp, 0x2
C0:       1122 [1] pc=[00000000800004c8] W[r 2=0000000080002000][1] R[r 2=00000000800024c4] R[r 0=0000000000000000] inst=[b3c10113] addi    sp, sp, -1220
C0:       1123 [1] pc=[00000000800004cc] W[r 1=0000000000000022][1] R[r 0=0000000000000000] R[r 0=0000000000000000] inst=[02200093] li      ra, 34
C0:       1124 [1] pc=[00000000800004d0] W[r 0=0000000000000000][1] R[r 0=0000000000000000] R[r 0=0000000000000000] inst=[00000013] nop
C0:       1125 [1] pc=[00000000800004d4] W[r 0=0000000000000000][1] R[r 0=0000000000000000] R[r 0=0000000000000000] inst=[00000013] nop
C0:       1126 [1] pc=[00000000800004d8] W[r 0=0000000000000000][0] R[r 2=0000000080002000] R[r 1=0000000000000022] inst=[00110123] sb      ra, 2(sp)
C0:       1132 [1] pc=[00000000800004dc] W[r14=0000000000000022][1] R[r 2=0000000080002000] R[r 0=0000000000000000] inst=[00210703] lb      a4, 2(sp)
C0:       1133 [1] pc=[00000000800004e0] W[r 7=0000000000000022][1] R[r 0=0000000000000000] R[r 0=0000000000000000] inst=[02200393] li      t2, 34
C0:       1135 [1] pc=[00000000800004e4] W[r 0=0000000000000000][0] R[r14=0000000000000022] R[r 7=0000000000000022] inst=[0c771463] bne     a4, t2, pc + 200
C0:       1136 [1] pc=[00000000800004e8] W[r 4=0000000000000001][1] R[r 4=0000000000000000] R[r 0=0000000000000000] inst=[00120213] addi    tp, tp, 1
C0:       1137 [1] pc=[00000000800004ec] W[r 5=0000000000000002][1] R[r 0=0000000000000000] R[r 0=0000000000000000] inst=[00200293] li      t0, 2
C0:       1138 [1] pc=[00000000800004f0] W[r 0=0000000000000000][0] R[r 4=0000000000000001] R[r 5=0000000000000002] inst=[fc521ae3] bne     tp, t0, pc - 44
C0:       1142 [1] pc=[00000000800004c4] W[r 2=00000000800024c4][1] R[r 0=0000000000000000] R[r 0=0000000000000000] inst=[00002117] auipc   sp, 0x2
C0:       1143 [1] pc=[00000000800004c8] W[r 2=0000000080002000][1] R[r 2=00000000800024c4] R[r 0=0000000000000000] inst=[b3c10113] addi    sp, sp, -1220
C0:       1144 [1] pc=[00000000800004cc] W[r 1=0000000000000022][1] R[r 0=0000000000000000] R[r 0=0000000000000000] inst=[02200093] li      ra, 34
C0:       1145 [1] pc=[00000000800004d0] W[r 0=0000000000000000][1] R[r 0=0000000000000000] R[r 0=0000000000000000] inst=[00000013] nop
C0:       1146 [1] pc=[00000000800004d4] W[r 0=0000000000000000][1] R[r 0=0000000000000000] R[r 0=0000000000000000] inst=[00000013] nop
C0:       1147 [1] pc=[00000000800004d8] W[r 0=0000000000000000][0] R[r 2=0000000080002000] R[r 1=0000000000000022] inst=[00110123] sb      ra, 2(sp)
C0:       1153 [1] pc=[00000000800004dc] W[r14=0000000000000022][1] R[r 2=0000000080002000] R[r 0=0000000000000000] inst=[00210703] lb      a4, 2(sp)
C0:       1154 [1] pc=[00000000800004e0] W[r 7=0000000000000022][1] R[r 0=0000000000000000] R[r 0=0000000000000000] inst=[02200393] li      t2, 34
C0:       1156 [1] pc=[00000000800004e4] W[r 0=0000000000000000][0] R[r14=0000000000000022] R[r 7=0000000000000022] inst=[0c771463] bne     a4, t2, pc + 200
C0:       1157 [1] pc=[00000000800004e8] W[r 4=0000000000000002][1] R[r 4=0000000000000001] R[r 0=0000000000000000] inst=[00120213] addi    tp, tp, 1
C0:       1158 [1] pc=[00000000800004ec] W[r 5=0000000000000002][1] R[r 0=0000000000000000] R[r 0=0000000000000000] inst=[00200293] li      t0, 2
C0:       1159 [1] pc=[00000000800004f0] W[r 0=0000000000000000][0] R[r 4=0000000000000002] R[r 5=0000000000000002] inst=[fc521ae3] bne     tp, t0, pc - 44
C0:       1160 [1] pc=[00000000800004f4] W[r 3=0000000000000015][1] R[r 0=0000000000000000] R[r 0=0000000000000000] inst=[01500193] li      gp, 21
C0:       1161 [1] pc=[00000000800004f8] W[r 4=0000000000000000][1] R[r 0=0000000000000000] R[r 0=0000000000000000] inst=[00000213] li      tp, 0
C0:       1162 [1] pc=[00000000800004fc] W[r 2=00000000800024fc][1] R[r 0=0000000000000000] R[r 0=0000000000000000] inst=[00002117] auipc   sp, 0x2
C0:       1184 [1] pc=[0000000080000500] W[r 2=0000000080002000][1] R[r 2=00000000800024fc] R[r 0=0000000000000000] inst=[b0410113] addi    sp, sp, -1276
C0:       1185 [1] pc=[0000000080000504] W[r 0=0000000000000000][1] R[r 0=0000000000000000] R[r 0=0000000000000000] inst=[00000013] nop
C0:       1186 [1] pc=[0000000080000508] W[r 1=0000000000000012][1] R[r 0=0000000000000000] R[r 0=0000000000000000] inst=[01200093] li      ra, 18
C0:       1187 [1] pc=[000000008000050c] W[r 0=0000000000000000][0] R[r 2=0000000080002000] R[r 1=0000000000000012] inst=[001101a3] sb      ra, 3(sp)
C0:       1193 [1] pc=[0000000080000510] W[r14=0000000000000012][1] R[r 2=0000000080002000] R[r 0=0000000000000000] inst=[00310703] lb      a4, 3(sp)
C0:       1194 [1] pc=[0000000080000514] W[r 7=0000000000000012][1] R[r 0=0000000000000000] R[r 0=0000000000000000] inst=[01200393] li      t2, 18
C0:       1196 [1] pc=[0000000080000518] W[r 0=0000000000000000][0] R[r14=0000000000000012] R[r 7=0000000000000012] inst=[08771a63] bne     a4, t2, pc + 148
C0:       1197 [1] pc=[000000008000051c] W[r 4=0000000000000001][1] R[r 4=0000000000000000] R[r 0=0000000000000000] inst=[00120213] addi    tp, tp, 1
C0:       1198 [1] pc=[0000000080000520] W[r 5=0000000000000002][1] R[r 0=0000000000000000] R[r 0=0000000000000000] inst=[00200293] li      t0, 2
C0:       1199 [1] pc=[0000000080000524] W[r 0=0000000000000000][0] R[r 4=0000000000000001] R[r 5=0000000000000002] inst=[fc521ce3] bne     tp, t0, pc - 40
C0:       1203 [1] pc=[00000000800004fc] W[r 2=00000000800024fc][1] R[r 0=0000000000000000] R[r 0=0000000000000000] inst=[00002117] auipc   sp, 0x2
C0:       1204 [1] pc=[0000000080000500] W[r 2=0000000080002000][1] R[r 2=00000000800024fc] R[r 0=0000000000000000] inst=[b0410113] addi    sp, sp, -1276
C0:       1205 [1] pc=[0000000080000504] W[r 0=0000000000000000][1] R[r 0=0000000000000000] R[r 0=0000000000000000] inst=[00000013] nop
C0:       1206 [1] pc=[0000000080000508] W[r 1=0000000000000012][1] R[r 0=0000000000000000] R[r 0=0000000000000000] inst=[01200093] li      ra, 18
C0:       1207 [1] pc=[000000008000050c] W[r 0=0000000000000000][0] R[r 2=0000000080002000] R[r 1=0000000000000012] inst=[001101a3] sb      ra, 3(sp)
C0:       1213 [1] pc=[0000000080000510] W[r14=0000000000000012][1] R[r 2=0000000080002000] R[r 0=0000000000000000] inst=[00310703] lb      a4, 3(sp)
C0:       1214 [1] pc=[0000000080000514] W[r 7=0000000000000012][1] R[r 0=0000000000000000] R[r 0=0000000000000000] inst=[01200393] li      t2, 18
C0:       1216 [1] pc=[0000000080000518] W[r 0=0000000000000000][0] R[r14=0000000000000012] R[r 7=0000000000000012] inst=[08771a63] bne     a4, t2, pc + 148
C0:       1217 [1] pc=[000000008000051c] W[r 4=0000000000000002][1] R[r 4=0000000000000001] R[r 0=0000000000000000] inst=[00120213] addi    tp, tp, 1
C0:       1218 [1] pc=[0000000080000520] W[r 5=0000000000000002][1] R[r 0=0000000000000000] R[r 0=0000000000000000] inst=[00200293] li      t0, 2
C0:       1219 [1] pc=[0000000080000524] W[r 0=0000000000000000][0] R[r 4=0000000000000002] R[r 5=0000000000000002] inst=[fc521ce3] bne     tp, t0, pc - 40
C0:       1220 [1] pc=[0000000080000528] W[r 3=0000000000000016][1] R[r 0=0000000000000000] R[r 0=0000000000000000] inst=[01600193] li      gp, 22
C0:       1221 [1] pc=[000000008000052c] W[r 4=0000000000000000][1] R[r 0=0000000000000000] R[r 0=0000000000000000] inst=[00000213] li      tp, 0
C0:       1222 [1] pc=[0000000080000530] W[r 2=0000000080002530][1] R[r 0=0000000000000000] R[r 0=0000000000000000] inst=[00002117] auipc   sp, 0x2
C0:       1223 [1] pc=[0000000080000534] W[r 2=0000000080002000][1] R[r 2=0000000080002530] R[r 0=0000000000000000] inst=[ad010113] addi    sp, sp, -1328
C0:       1224 [1] pc=[0000000080000538] W[r 0=0000000000000000][1] R[r 0=0000000000000000] R[r 0=0000000000000000] inst=[00000013] nop
C0:       1225 [1] pc=[000000008000053c] W[r 1=0000000000000011][1] R[r 0=0000000000000000] R[r 0=0000000000000000] inst=[01100093] li      ra, 17
C0:       1247 [1] pc=[0000000080000540] W[r 0=0000000000000000][1] R[r 0=0000000000000000] R[r 0=0000000000000000] inst=[00000013] nop
C0:       1248 [1] pc=[0000000080000544] W[r 0=0000000000000000][0] R[r 2=0000000080002000] R[r 1=0000000000000011] inst=[00110223] sb      ra, 4(sp)
C0:       1254 [1] pc=[0000000080000548] W[r14=0000000000000011][1] R[r 2=0000000080002000] R[r 0=0000000000000000] inst=[00410703] lb      a4, 4(sp)
C0:       1255 [1] pc=[000000008000054c] W[r 7=0000000000000011][1] R[r 0=0000000000000000] R[r 0=0000000000000000] inst=[01100393] li      t2, 17
C0:       1257 [1] pc=[0000000080000550] W[r 0=0000000000000000][0] R[r14=0000000000000011] R[r 7=0000000000000011] inst=[04771e63] bne     a4, t2, pc + 92
C0:       1258 [1] pc=[0000000080000554] W[r 4=0000000000000001][1] R[r 4=0000000000000000] R[r 0=0000000000000000] inst=[00120213] addi    tp, tp, 1
C0:       1259 [1] pc=[0000000080000558] W[r 5=0000000000000002][1] R[r 0=0000000000000000] R[r 0=0000000000000000] inst=[00200293] li      t0, 2
C0:       1260 [1] pc=[000000008000055c] W[r 0=0000000000000000][0] R[r 4=0000000000000001] R[r 5=0000000000000002] inst=[fc521ae3] bne     tp, t0, pc - 44
C0:       1264 [1] pc=[0000000080000530] W[r 2=0000000080002530][1] R[r 0=0000000000000000] R[r 0=0000000000000000] inst=[00002117] auipc   sp, 0x2
C0:       1265 [1] pc=[0000000080000534] W[r 2=0000000080002000][1] R[r 2=0000000080002530] R[r 0=0000000000000000] inst=[ad010113] addi    sp, sp, -1328
C0:       1266 [1] pc=[0000000080000538] W[r 0=0000000000000000][1] R[r 0=0000000000000000] R[r 0=0000000000000000] inst=[00000013] nop
C0:       1267 [1] pc=[000000008000053c] W[r 1=0000000000000011][1] R[r 0=0000000000000000] R[r 0=0000000000000000] inst=[01100093] li      ra, 17
C0:       1268 [1] pc=[0000000080000540] W[r 0=0000000000000000][1] R[r 0=0000000000000000] R[r 0=0000000000000000] inst=[00000013] nop
C0:       1269 [1] pc=[0000000080000544] W[r 0=0000000000000000][0] R[r 2=0000000080002000] R[r 1=0000000000000011] inst=[00110223] sb      ra, 4(sp)
C0:       1275 [1] pc=[0000000080000548] W[r14=0000000000000011][1] R[r 2=0000000080002000] R[r 0=0000000000000000] inst=[00410703] lb      a4, 4(sp)
C0:       1276 [1] pc=[000000008000054c] W[r 7=0000000000000011][1] R[r 0=0000000000000000] R[r 0=0000000000000000] inst=[01100393] li      t2, 17
C0:       1278 [1] pc=[0000000080000550] W[r 0=0000000000000000][0] R[r14=0000000000000011] R[r 7=0000000000000011] inst=[04771e63] bne     a4, t2, pc + 92
C0:       1279 [1] pc=[0000000080000554] W[r 4=0000000000000002][1] R[r 4=0000000000000001] R[r 0=0000000000000000] inst=[00120213] addi    tp, tp, 1
C0:       1280 [1] pc=[0000000080000558] W[r 5=0000000000000002][1] R[r 0=0000000000000000] R[r 0=0000000000000000] inst=[00200293] li      t0, 2
C0:       1281 [1] pc=[000000008000055c] W[r 0=0000000000000000][0] R[r 4=0000000000000002] R[r 5=0000000000000002] inst=[fc521ae3] bne     tp, t0, pc - 44
C0:       1282 [1] pc=[0000000080000560] W[r 3=0000000000000017][1] R[r 0=0000000000000000] R[r 0=0000000000000000] inst=[01700193] li      gp, 23
C0:       1283 [1] pc=[0000000080000564] W[r 4=0000000000000000][1] R[r 0=0000000000000000] R[r 0=0000000000000000] inst=[00000213] li      tp, 0
C0:       1284 [1] pc=[0000000080000568] W[r 2=0000000080002568][1] R[r 0=0000000000000000] R[r 0=0000000000000000] inst=[00002117] auipc   sp, 0x2
C0:       1285 [1] pc=[000000008000056c] W[r 2=0000000080002000][1] R[r 2=0000000080002568] R[r 0=0000000000000000] inst=[a9810113] addi    sp, sp, -1384
C0:       1286 [1] pc=[0000000080000570] W[r 0=0000000000000000][1] R[r 0=0000000000000000] R[r 0=0000000000000000] inst=[00000013] nop
C0:       1287 [1] pc=[0000000080000574] W[r 0=0000000000000000][1] R[r 0=0000000000000000] R[r 0=0000000000000000] inst=[00000013] nop
C0:       1288 [1] pc=[0000000080000578] W[r 1=0000000000000001][1] R[r 0=0000000000000000] R[r 0=0000000000000000] inst=[00100093] li      ra, 1
C0:       1289 [1] pc=[000000008000057c] W[r 0=0000000000000000][0] R[r 2=0000000080002000] R[r 1=0000000000000001] inst=[001102a3] sb      ra, 5(sp)
C0:       1311 [1] pc=[0000000080000580] W[r14=0000000000000001][1] R[r 2=0000000080002000] R[r 0=0000000000000000] inst=[00510703] lb      a4, 5(sp)
C0:       1312 [1] pc=[0000000080000584] W[r 7=0000000000000001][1] R[r 0=0000000000000000] R[r 0=0000000000000000] inst=[00100393] li      t2, 1
C0:       1314 [1] pc=[0000000080000588] W[r 0=0000000000000000][0] R[r14=0000000000000001] R[r 7=0000000000000001] inst=[02771263] bne     a4, t2, pc + 36
C0:       1315 [1] pc=[000000008000058c] W[r 4=0000000000000001][1] R[r 4=0000000000000000] R[r 0=0000000000000000] inst=[00120213] addi    tp, tp, 1
C0:       1316 [1] pc=[0000000080000590] W[r 5=0000000000000002][1] R[r 0=0000000000000000] R[r 0=0000000000000000] inst=[00200293] li      t0, 2
C0:       1317 [1] pc=[0000000080000594] W[r 0=0000000000000000][0] R[r 4=0000000000000001] R[r 5=0000000000000002] inst=[fc521ae3] bne     tp, t0, pc - 44
C0:       1321 [1] pc=[0000000080000568] W[r 2=0000000080002568][1] R[r 0=0000000000000000] R[r 0=0000000000000000] inst=[00002117] auipc   sp, 0x2
C0:       1322 [1] pc=[000000008000056c] W[r 2=0000000080002000][1] R[r 2=0000000080002568] R[r 0=0000000000000000] inst=[a9810113] addi    sp, sp, -1384
C0:       1323 [1] pc=[0000000080000570] W[r 0=0000000000000000][1] R[r 0=0000000000000000] R[r 0=0000000000000000] inst=[00000013] nop
C0:       1324 [1] pc=[0000000080000574] W[r 0=0000000000000000][1] R[r 0=0000000000000000] R[r 0=0000000000000000] inst=[00000013] nop
C0:       1325 [1] pc=[0000000080000578] W[r 1=0000000000000001][1] R[r 0=0000000000000000] R[r 0=0000000000000000] inst=[00100093] li      ra, 1
C0:       1326 [1] pc=[000000008000057c] W[r 0=0000000000000000][0] R[r 2=0000000080002000] R[r 1=0000000000000001] inst=[001102a3] sb      ra, 5(sp)
C0:       1332 [1] pc=[0000000080000580] W[r14=0000000000000001][1] R[r 2=0000000080002000] R[r 0=0000000000000000] inst=[00510703] lb      a4, 5(sp)
C0:       1333 [1] pc=[0000000080000584] W[r 7=0000000000000001][1] R[r 0=0000000000000000] R[r 0=0000000000000000] inst=[00100393] li      t2, 1
C0:       1335 [1] pc=[0000000080000588] W[r 0=0000000000000000][0] R[r14=0000000000000001] R[r 7=0000000000000001] inst=[02771263] bne     a4, t2, pc + 36
C0:       1336 [1] pc=[000000008000058c] W[r 4=0000000000000002][1] R[r 4=0000000000000001] R[r 0=0000000000000000] inst=[00120213] addi    tp, tp, 1
C0:       1337 [1] pc=[0000000080000590] W[r 5=0000000000000002][1] R[r 0=0000000000000000] R[r 0=0000000000000000] inst=[00200293] li      t0, 2
C0:       1338 [1] pc=[0000000080000594] W[r 0=0000000000000000][0] R[r 4=0000000000000002] R[r 5=0000000000000002] inst=[fc521ae3] bne     tp, t0, pc - 44
C0:       1339 [1] pc=[0000000080000598] W[r10=00000000000000ef][1] R[r 0=0000000000000000] R[r 0=0000000000000000] inst=[0ef00513] li      a0, 239
C0:       1340 [1] pc=[000000008000059c] W[r11=000000008000259c][1] R[r 0=0000000000000000] R[r 0=0000000000000000] inst=[00002597] auipc   a1, 0x2
C0:       1341 [1] pc=[00000000800005a0] W[r11=0000000080002000][1] R[r11=000000008000259c] R[r 0=0000000000000000] inst=[a6458593] addi    a1, a1, -1436
C0:       1342 [1] pc=[00000000800005a4] W[r 0=0000000000000000][0] R[r11=0000000080002000] R[r10=00000000000000ef] inst=[00a581a3] sb      a0, 3(a1)
C0:       1343 [1] pc=[00000000800005a8] W[r 0=0000000000000000][0] R[r 0=0000000000000000] R[r 3=0000000000000017] inst=[02301063] bne     zero, gp, pc + 32
C0:       1368 [1] pc=[00000000800005c8] W[r 0=0000000000000000][0] R[r 0=0000000000000000] R[r 0=0000000000000000] inst=[0ff0000f] fence   iorw,iorw
C0:       1369 [1] pc=[00000000800005cc] W[r 3=0000000000000001][1] R[r 0=0000000000000000] R[r 0=0000000000000000] inst=[00100193] li      gp, 1
C0:       1370 [1] pc=[00000000800005d0] W[r17=000000000000005d][1] R[r 0=0000000000000000] R[r 0=0000000000000000] inst=[05d00893] li      a7, 93
C0:       1371 [1] pc=[00000000800005d4] W[r10=0000000000000000][1] R[r 0=0000000000000000] R[r 0=0000000000000000] inst=[00000513] li      a0, 0
C0:       1372 [0] pc=[00000000800005d8] W[r 0=0000000000000000][0] R[r 0=0000000000000000] R[r 0=0000000000000000] inst=[00000073] ecall
C0:       1377 [1] pc=[0000000080000004] W[r30=0000000000000008][1] R[r 0=0000000000000000] R[r 0=0000000000000000] inst=[34202f73] csrr    t5, unknown_342
C0:       1378 [1] pc=[0000000080000008] W[r31=0000000000000008][1] R[r 0=0000000000000000] R[r 0=0000000000000000] inst=[00800f93] li      t6, 8
C0:       1380 [1] pc=[000000008000000c] W[r 0=0000000000000000][0] R[r30=0000000000000008] R[r31=0000000000000008] inst=[07ff0663] beq     t5, t6, pc + 108
C0:       1405 [1] pc=[0000000080000078] W[r30=0000000080001078][1] R[r 0=0000000000000000] R[r 0=0000000000000000] inst=[00001f17] auipc   t5, 0x1
C0:       1421 [1] pc=[000000008000007c] W[r 0=0000000000000000][0] R[r30=0000000080001078] R[r 3=0000000000000001] inst=[f83f2423] sw      gp, -120(t5)
C0:       1422 [1] pc=[0000000080000080] W[r 0=0000000080000084][1] R[r 0=0000000000000000] R[r 0=0000000000000000] inst=[ff9ff06f] j       pc - 0x8
C0:       1423 [1] pc=[0000000080000078] W[r30=0000000080001078][1] R[r 0=0000000000000000] R[r 0=0000000000000000] inst=[00001f17] auipc   t5, 0x1
C0:       1424 [1] pc=[000000008000007c] W[r 0=0000000000000000][0] R[r30=0000000080001078] R[r 3=0000000000000001] inst=[f83f2423] sw      gp, -120(t5)
C0:       1425 [1] pc=[0000000080000080] W[r 0=0000000080000084][1] R[r 0=0000000000000000] R[r 0=0000000000000000] inst=[ff9ff06f] j       pc - 0x8
C0:       1426 [1] pc=[0000000080000078] W[r30=0000000080001078][1] R[r 0=0000000000000000] R[r 0=0000000000000000] inst=[00001f17] auipc   t5, 0x1
C0:       1427 [1] pc=[000000008000007c] W[r 0=0000000000000000][0] R[r30=0000000080001078] R[r 3=0000000000000001] inst=[f83f2423] sw      gp, -120(t5)
C0:       1428 [1] pc=[0000000080000080] W[r 0=0000000080000084][1] R[r 0=0000000000000000] R[r 0=0000000000000000] inst=[ff9ff06f] j       pc - 0x8
C0:       1429 [1] pc=[0000000080000078] W[r30=0000000080001078][1] R[r 0=0000000000000000] R[r 0=0000000000000000] inst=[00001f17] auipc   t5, 0x1
C0:       1430 [1] pc=[000000008000007c] W[r 0=0000000000000000][0] R[r30=0000000080001078] R[r 3=0000000000000001] inst=[f83f2423] sw      gp, -120(t5)
C0:       1431 [1] pc=[0000000080000080] W[r 0=0000000080000084][1] R[r 0=0000000000000000] R[r 0=0000000000000000] inst=[ff9ff06f] j       pc - 0x8
C0:       1432 [1] pc=[0000000080000078] W[r30=0000000080001078][1] R[r 0=0000000000000000] R[r 0=0000000000000000] inst=[00001f17] auipc   t5, 0x1
C0:       1433 [1] pc=[000000008000007c] W[r 0=0000000000000000][0] R[r30=0000000080001078] R[r 3=0000000000000001] inst=[f83f2423] sw      gp, -120(t5)
C0:       1434 [1] pc=[0000000080000080] W[r 0=0000000080000084][1] R[r 0=0000000000000000] R[r 0=0000000000000000] inst=[ff9ff06f] j       pc - 0x8
C0:       1435 [1] pc=[0000000080000078] W[r30=0000000080001078][1] R[r 0=0000000000000000] R[r 0=0000000000000000] inst=[00001f17] auipc   t5, 0x1
C0:       1436 [1] pc=[000000008000007c] W[r 0=0000000000000000][0] R[r30=0000000080001078] R[r 3=0000000000000001] inst=[f83f2423] sw      gp, -120(t5)
C0:       1437 [1] pc=[0000000080000080] W[r 0=0000000080000084][1] R[r 0=0000000000000000] R[r 0=0000000000000000] inst=[ff9ff06f] j       pc - 0x8
C0:       1438 [1] pc=[0000000080000078] W[r30=0000000080001078][1] R[r 0=0000000000000000] R[r 0=0000000000000000] inst=[00001f17] auipc   t5, 0x1
C0:       1439 [1] pc=[000000008000007c] W[r 0=0000000000000000][0] R[r30=0000000080001078] R[r 3=0000000000000001] inst=[f83f2423] sw      gp, -120(t5)
C0:       1440 [1] pc=[0000000080000080] W[r 0=0000000080000084][1] R[r 0=0000000000000000] R[r 0=0000000000000000] inst=[ff9ff06f] j       pc - 0x8
C0:       1441 [1] pc=[0000000080000078] W[r30=0000000080001078][1] R[r 0=0000000000000000] R[r 0=0000000000000000] inst=[00001f17] auipc   t5, 0x1
C0:       1442 [1] pc=[000000008000007c] W[r 0=0000000000000000][0] R[r30=0000000080001078] R[r 3=0000000000000001] inst=[f83f2423] sw      gp, -120(t5)
C0:       1443 [1] pc=[0000000080000080] W[r 0=0000000080000084][1] R[r 0=0000000000000000] R[r 0=0000000000000000] inst=[ff9ff06f] j       pc - 0x8
C0:       1444 [1] pc=[0000000080000078] W[r30=0000000080001078][1] R[r 0=0000000000000000] R[r 0=0000000000000000] inst=[00001f17] auipc   t5, 0x1
C0:       1445 [1] pc=[000000008000007c] W[r 0=0000000000000000][0] R[r30=0000000080001078] R[r 3=0000000000000001] inst=[f83f2423] sw      gp, -120(t5)
C0:       1446 [1] pc=[0000000080000080] W[r 0=0000000080000084][1] R[r 0=0000000000000000] R[r 0=0000000000000000] inst=[ff9ff06f] j       pc - 0x8
C0:       1447 [1] pc=[0000000080000078] W[r30=0000000080001078][1] R[r 0=0000000000000000] R[r 0=0000000000000000] inst=[00001f17] auipc   t5, 0x1
C0:       1448 [1] pc=[000000008000007c] W[r 0=0000000000000000][0] R[r30=0000000080001078] R[r 3=0000000000000001] inst=[f83f2423] sw      gp, -120(t5)
C0:       1449 [1] pc=[0000000080000080] W[r 0=0000000080000084][1] R[r 0=0000000000000000] R[r 0=0000000000000000] inst=[ff9ff06f] j       pc - 0x8
C0:       1450 [1] pc=[0000000080000078] W[r30=0000000080001078][1] R[r 0=0000000000000000] R[r 0=0000000000000000] inst=[00001f17] auipc   t5, 0x1
C0:       1451 [1] pc=[000000008000007c] W[r 0=0000000000000000][0] R[r30=0000000080001078] R[r 3=0000000000000001] inst=[f83f2423] sw      gp, -120(t5)
C0:       1452 [1] pc=[0000000080000080] W[r 0=0000000080000084][1] R[r 0=0000000000000000] R[r 0=0000000000000000] inst=[ff9ff06f] j       pc - 0x8
C0:       1453 [1] pc=[0000000080000078] W[r30=0000000080001078][1] R[r 0=0000000000000000] R[r 0=0000000000000000] inst=[00001f17] auipc   t5, 0x1
C0:       1454 [1] pc=[000000008000007c] W[r 0=0000000000000000][0] R[r30=0000000080001078] R[r 3=0000000000000001] inst=[f83f2423] sw      gp, -120(t5)
C0:       1455 [1] pc=[0000000080000080] W[r 0=0000000080000084][1] R[r 0=0000000000000000] R[r 0=0000000000000000] inst=[ff9ff06f] j       pc - 0x8
C0:       1456 [1] pc=[0000000080000078] W[r30=0000000080001078][1] R[r 0=0000000000000000] R[r 0=0000000000000000] inst=[00001f17] auipc   t5, 0x1
C0:       1457 [1] pc=[000000008000007c] W[r 0=0000000000000000][0] R[r30=0000000080001078] R[r 3=0000000000000001] inst=[f83f2423] sw      gp, -120(t5)
C0:       1458 [1] pc=[0000000080000080] W[r 0=0000000080000084][1] R[r 0=0000000000000000] R[r 0=0000000000000000] inst=[ff9ff06f] j       pc - 0x8
C0:       1459 [1] pc=[0000000080000078] W[r30=0000000080001078][1] R[r 0=0000000000000000] R[r 0=0000000000000000] inst=[00001f17] auipc   t5, 0x1
C0:       1460 [1] pc=[000000008000007c] W[r 0=0000000000000000][0] R[r30=0000000080001078] R[r 3=0000000000000001] inst=[f83f2423] sw      gp, -120(t5)
C0:       1461 [1] pc=[0000000080000080] W[r 0=0000000080000084][1] R[r 0=0000000000000000] R[r 0=0000000000000000] inst=[ff9ff06f] j       pc - 0x8
C0:       1462 [1] pc=[0000000080000078] W[r30=0000000080001078][1] R[r 0=0000000000000000] R[r 0=0000000000000000] inst=[00001f17] auipc   t5, 0x1
C0:       1463 [1] pc=[000000008000007c] W[r 0=0000000000000000][0] R[r30=0000000080001078] R[r 3=0000000000000001] inst=[f83f2423] sw      gp, -120(t5)
C0:       1464 [1] pc=[0000000080000080] W[r 0=0000000080000084][1] R[r 0=0000000000000000] R[r 0=0000000000000000] inst=[ff9ff06f] j       pc - 0x8
C0:       1465 [1] pc=[0000000080000078] W[r30=0000000080001078][1] R[r 0=0000000000000000] R[r 0=0000000000000000] inst=[00001f17] auipc   t5, 0x1
C0:       1466 [1] pc=[000000008000007c] W[r 0=0000000000000000][0] R[r30=0000000080001078] R[r 3=0000000000000001] inst=[f83f2423] sw      gp, -120(t5)
C0:       1467 [1] pc=[0000000080000080] W[r 0=0000000080000084][1] R[r 0=0000000000000000] R[r 0=0000000000000000] inst=[ff9ff06f] j       pc - 0x8
C0:       1468 [1] pc=[0000000080000078] W[r30=0000000080001078][1] R[r 0=0000000000000000] R[r 0=0000000000000000] inst=[00001f17] auipc   t5, 0x1
C0:       1469 [1] pc=[000000008000007c] W[r 0=0000000000000000][0] R[r30=0000000080001078] R[r 3=0000000000000001] inst=[f83f2423] sw      gp, -120(t5)
C0:       1470 [1] pc=[0000000080000080] W[r 0=0000000080000084][1] R[r 0=0000000000000000] R[r 0=0000000000000000] inst=[ff9ff06f] j       pc - 0x8
C0:       1471 [1] pc=[0000000080000078] W[r30=0000000080001078][1] R[r 0=0000000000000000] R[r 0=0000000000000000] inst=[00001f17] auipc   t5, 0x1
C0:       1472 [1] pc=[000000008000007c] W[r 0=0000000000000000][0] R[r30=0000000080001078] R[r 3=0000000000000001] inst=[f83f2423] sw      gp, -120(t5)
C0:       1473 [1] pc=[0000000080000080] W[r 0=0000000080000084][1] R[r 0=0000000000000000] R[r 0=0000000000000000] inst=[ff9ff06f] j       pc - 0x8
C0:       1474 [1] pc=[0000000080000078] W[r30=0000000080001078][1] R[r 0=0000000000000000] R[r 0=0000000000000000] inst=[00001f17] auipc   t5, 0x1
C0:       1475 [1] pc=[000000008000007c] W[r 0=0000000000000000][0] R[r30=0000000080001078] R[r 3=0000000000000001] inst=[f83f2423] sw      gp, -120(t5)
C0:       1476 [1] pc=[0000000080000080] W[r 0=0000000080000084][1] R[r 0=0000000000000000] R[r 0=0000000000000000] inst=[ff9ff06f] j       pc - 0x8
C0:       1477 [1] pc=[0000000080000078] W[r30=0000000080001078][1] R[r 0=0000000000000000] R[r 0=0000000000000000] inst=[00001f17] auipc   t5, 0x1
C0:       1478 [1] pc=[000000008000007c] W[r 0=0000000000000000][0] R[r30=0000000080001078] R[r 3=0000000000000001] inst=[f83f2423] sw      gp, -120(t5)
C0:       1479 [1] pc=[0000000080000080] W[r 0=0000000080000084][1] R[r 0=0000000000000000] R[r 0=0000000000000000] inst=[ff9ff06f] j       pc - 0x8
C0:       1480 [1] pc=[0000000080000078] W[r30=0000000080001078][1] R[r 0=0000000000000000] R[r 0=0000000000000000] inst=[00001f17] auipc   t5, 0x1
C0:       1481 [1] pc=[000000008000007c] W[r 0=0000000000000000][0] R[r30=0000000080001078] R[r 3=0000000000000001] inst=[f83f2423] sw      gp, -120(t5)
C0:       1482 [1] pc=[0000000080000080] W[r 0=0000000080000084][1] R[r 0=0000000000000000] R[r 0=0000000000000000] inst=[ff9ff06f] j       pc - 0x8
C0:       1483 [1] pc=[0000000080000078] W[r30=0000000080001078][1] R[r 0=0000000000000000] R[r 0=0000000000000000] inst=[00001f17] auipc   t5, 0x1
C0:       1484 [1] pc=[000000008000007c] W[r 0=0000000000000000][0] R[r30=0000000080001078] R[r 3=0000000000000001] inst=[f83f2423] sw      gp, -120(t5)
C0:       1485 [1] pc=[0000000080000080] W[r 0=0000000080000084][1] R[r 0=0000000000000000] R[r 0=0000000000000000] inst=[ff9ff06f] j       pc - 0x8
C0:       1486 [1] pc=[0000000080000078] W[r30=0000000080001078][1] R[r 0=0000000000000000] R[r 0=0000000000000000] inst=[00001f17] auipc   t5, 0x1
C0:       1487 [1] pc=[000000008000007c] W[r 0=0000000000000000][0] R[r30=0000000080001078] R[r 3=0000000000000001] inst=[f83f2423] sw      gp, -120(t5)
C0:       1488 [1] pc=[0000000080000080] W[r 0=0000000080000084][1] R[r 0=0000000000000000] R[r 0=0000000000000000] inst=[ff9ff06f] j       pc - 0x8
C0:       1489 [1] pc=[0000000080000078] W[r30=0000000080001078][1] R[r 0=0000000000000000] R[r 0=0000000000000000] inst=[00001f17] auipc   t5, 0x1
C0:       1490 [1] pc=[000000008000007c] W[r 0=0000000000000000][0] R[r30=0000000080001078] R[r 3=0000000000000001] inst=[f83f2423] sw      gp, -120(t5)
C0:       1491 [1] pc=[0000000080000080] W[r 0=0000000080000084][1] R[r 0=0000000000000000] R[r 0=0000000000000000] inst=[ff9ff06f] j       pc - 0x8
C0:       1492 [1] pc=[0000000080000078] W[r30=0000000080001078][1] R[r 0=0000000000000000] R[r 0=0000000000000000] inst=[00001f17] auipc   t5, 0x1
C0:       1493 [1] pc=[000000008000007c] W[r 0=0000000000000000][0] R[r30=0000000080001078] R[r 3=0000000000000001] inst=[f83f2423] sw      gp, -120(t5)
C0:       1494 [1] pc=[0000000080000080] W[r 0=0000000080000084][1] R[r 0=0000000000000000] R[r 0=0000000000000000] inst=[ff9ff06f] j       pc - 0x8
C0:       1495 [1] pc=[0000000080000078] W[r30=0000000080001078][1] R[r 0=0000000000000000] R[r 0=0000000000000000] inst=[00001f17] auipc   t5, 0x1
C0:       1496 [1] pc=[000000008000007c] W[r 0=0000000000000000][0] R[r30=0000000080001078] R[r 3=0000000000000001] inst=[f83f2423] sw      gp, -120(t5)
C0:       1497 [1] pc=[0000000080000080] W[r 0=0000000080000084][1] R[r 0=0000000000000000] R[r 0=0000000000000000] inst=[ff9ff06f] j       pc - 0x8
C0:       1498 [1] pc=[0000000080000078] W[r30=0000000080001078][1] R[r 0=0000000000000000] R[r 0=0000000000000000] inst=[00001f17] auipc   t5, 0x1
C0:       1499 [1] pc=[000000008000007c] W[r 0=0000000000000000][0] R[r30=0000000080001078] R[r 3=0000000000000001] inst=[f83f2423] sw      gp, -120(t5)
C0:       1500 [1] pc=[0000000080000080] W[r 0=0000000080000084][1] R[r 0=0000000000000000] R[r 0=0000000000000000] inst=[ff9ff06f] j       pc - 0x8
C0:       1501 [1] pc=[0000000080000078] W[r30=0000000080001078][1] R[r 0=0000000000000000] R[r 0=0000000000000000] inst=[00001f17] auipc   t5, 0x1
C0:       1502 [1] pc=[000000008000007c] W[r 0=0000000000000000][0] R[r30=0000000080001078] R[r 3=0000000000000001] inst=[f83f2423] sw      gp, -120(t5)
C0:       1503 [1] pc=[0000000080000080] W[r 0=0000000080000084][1] R[r 0=0000000000000000] R[r 0=0000000000000000] inst=[ff9ff06f] j       pc - 0x8
C0:       1504 [1] pc=[0000000080000078] W[r30=0000000080001078][1] R[r 0=0000000000000000] R[r 0=0000000000000000] inst=[00001f17] auipc   t5, 0x1
C0:       1505 [1] pc=[000000008000007c] W[r 0=0000000000000000][0] R[r30=0000000080001078] R[r 3=0000000000000001] inst=[f83f2423] sw      gp, -120(t5)
C0:       1506 [1] pc=[0000000080000080] W[r 0=0000000080000084][1] R[r 0=0000000000000000] R[r 0=0000000000000000] inst=[ff9ff06f] j       pc - 0x8
C0:       1507 [1] pc=[0000000080000078] W[r30=0000000080001078][1] R[r 0=0000000000000000] R[r 0=0000000000000000] inst=[00001f17] auipc   t5, 0x1
C0:       1508 [1] pc=[000000008000007c] W[r 0=0000000000000000][0] R[r30=0000000080001078] R[r 3=0000000000000001] inst=[f83f2423] sw      gp, -120(t5)
C0:       1509 [1] pc=[0000000080000080] W[r 0=0000000080000084][1] R[r 0=0000000000000000] R[r 0=0000000000000000] inst=[ff9ff06f] j       pc - 0x8
C0:       1510 [1] pc=[0000000080000078] W[r30=0000000080001078][1] R[r 0=0000000000000000] R[r 0=0000000000000000] inst=[00001f17] auipc   t5, 0x1
C0:       1511 [1] pc=[000000008000007c] W[r 0=0000000000000000][0] R[r30=0000000080001078] R[r 3=0000000000000001] inst=[f83f2423] sw      gp, -120(t5)
C0:       1512 [1] pc=[0000000080000080] W[r 0=0000000080000084][1] R[r 0=0000000000000000] R[r 0=0000000000000000] inst=[ff9ff06f] j       pc - 0x8
C0:       1513 [1] pc=[0000000080000078] W[r30=0000000080001078][1] R[r 0=0000000000000000] R[r 0=0000000000000000] inst=[00001f17] auipc   t5, 0x1
C0:       1539 [1] pc=[000000008000007c] W[r 0=0000000000000000][0] R[r30=0000000080001078] R[r 3=0000000000000001] inst=[f83f2423] sw      gp, -120(t5)
C0:       1540 [1] pc=[0000000080000080] W[r 0=0000000080000084][1] R[r 0=0000000000000000] R[r 0=0000000000000000] inst=[ff9ff06f] j       pc - 0x8
C0:       1541 [1] pc=[0000000080000078] W[r30=0000000080001078][1] R[r 0=0000000000000000] R[r 0=0000000000000000] inst=[00001f17] auipc   t5, 0x1
C0:       1542 [1] pc=[000000008000007c] W[r 0=0000000000000000][0] R[r30=0000000080001078] R[r 3=0000000000000001] inst=[f83f2423] sw      gp, -120(t5)
C0:       1543 [1] pc=[0000000080000080] W[r 0=0000000080000084][1] R[r 0=0000000000000000] R[r 0=0000000000000000] inst=[ff9ff06f] j       pc - 0x8
C0:       1544 [1] pc=[0000000080000078] W[r30=0000000080001078][1] R[r 0=0000000000000000] R[r 0=0000000000000000] inst=[00001f17] auipc   t5, 0x1
C0:       1545 [1] pc=[000000008000007c] W[r 0=0000000000000000][0] R[r30=0000000080001078] R[r 3=0000000000000001] inst=[f83f2423] sw      gp, -120(t5)
C0:       1546 [1] pc=[0000000080000080] W[r 0=0000000080000084][1] R[r 0=0000000000000000] R[r 0=0000000000000000] inst=[ff9ff06f] j       pc - 0x8
C0:       1547 [1] pc=[0000000080000078] W[r30=0000000080001078][1] R[r 0=0000000000000000] R[r 0=0000000000000000] inst=[00001f17] auipc   t5, 0x1
C0:       1548 [1] pc=[000000008000007c] W[r 0=0000000000000000][0] R[r30=0000000080001078] R[r 3=0000000000000001] inst=[f83f2423] sw      gp, -120(t5)
C0:       1549 [1] pc=[0000000080000080] W[r 0=0000000080000084][1] R[r 0=0000000000000000] R[r 0=0000000000000000] inst=[ff9ff06f] j       pc - 0x8
C0:       1550 [1] pc=[0000000080000078] W[r30=0000000080001078][1] R[r 0=0000000000000000] R[r 0=0000000000000000] inst=[00001f17] auipc   t5, 0x1
C0:       1551 [1] pc=[000000008000007c] W[r 0=0000000000000000][0] R[r30=0000000080001078] R[r 3=0000000000000001] inst=[f83f2423] sw      gp, -120(t5)
C0:       1552 [1] pc=[0000000080000080] W[r 0=0000000080000084][1] R[r 0=0000000000000000] R[r 0=0000000000000000] inst=[ff9ff06f] j       pc - 0x8
C0:       1553 [1] pc=[0000000080000078] W[r30=0000000080001078][1] R[r 0=0000000000000000] R[r 0=0000000000000000] inst=[00001f17] auipc   t5, 0x1
C0:       1554 [1] pc=[000000008000007c] W[r 0=0000000000000000][0] R[r30=0000000080001078] R[r 3=0000000000000001] inst=[f83f2423] sw      gp, -120(t5)
C0:       1555 [1] pc=[0000000080000080] W[r 0=0000000080000084][1] R[r 0=0000000000000000] R[r 0=0000000000000000] inst=[ff9ff06f] j       pc - 0x8
C0:       1556 [1] pc=[0000000080000078] W[r30=0000000080001078][1] R[r 0=0000000000000000] R[r 0=0000000000000000] inst=[00001f17] auipc   t5, 0x1
C0:       1557 [1] pc=[000000008000007c] W[r 0=0000000000000000][0] R[r30=0000000080001078] R[r 3=0000000000000001] inst=[f83f2423] sw      gp, -120(t5)
C0:       1558 [1] pc=[0000000080000080] W[r 0=0000000080000084][1] R[r 0=0000000000000000] R[r 0=0000000000000000] inst=[ff9ff06f] j       pc - 0x8
C0:       1559 [1] pc=[0000000080000078] W[r30=0000000080001078][1] R[r 0=0000000000000000] R[r 0=0000000000000000] inst=[00001f17] auipc   t5, 0x1
C0:       1560 [1] pc=[000000008000007c] W[r 0=0000000000000000][0] R[r30=0000000080001078] R[r 3=0000000000000001] inst=[f83f2423] sw      gp, -120(t5)
C0:       1561 [1] pc=[0000000080000080] W[r 0=0000000080000084][1] R[r 0=0000000000000000] R[r 0=0000000000000000] inst=[ff9ff06f] j       pc - 0x8
C0:       1562 [1] pc=[0000000080000078] W[r30=0000000080001078][1] R[r 0=0000000000000000] R[r 0=0000000000000000] inst=[00001f17] auipc   t5, 0x1
C0:       1563 [1] pc=[000000008000007c] W[r 0=0000000000000000][0] R[r30=0000000080001078] R[r 3=0000000000000001] inst=[f83f2423] sw      gp, -120(t5)
C0:       1564 [1] pc=[0000000080000080] W[r 0=0000000080000084][1] R[r 0=0000000000000000] R[r 0=0000000000000000] inst=[ff9ff06f] j       pc - 0x8
C0:       1565 [1] pc=[0000000080000078] W[r30=0000000080001078][1] R[r 0=0000000000000000] R[r 0=0000000000000000] inst=[00001f17] auipc   t5, 0x1
C0:       1566 [1] pc=[000000008000007c] W[r 0=0000000000000000][0] R[r30=0000000080001078] R[r 3=0000000000000001] inst=[f83f2423] sw      gp, -120(t5)
C0:       1567 [1] pc=[0000000080000080] W[r 0=0000000080000084][1] R[r 0=0000000000000000] R[r 0=0000000000000000] inst=[ff9ff06f] j       pc - 0x8
C0:       1568 [1] pc=[0000000080000078] W[r30=0000000080001078][1] R[r 0=0000000000000000] R[r 0=0000000000000000] inst=[00001f17] auipc   t5, 0x1
C0:       1569 [1] pc=[000000008000007c] W[r 0=0000000000000000][0] R[r30=0000000080001078] R[r 3=0000000000000001] inst=[f83f2423] sw      gp, -120(t5)
C0:       1570 [1] pc=[0000000080000080] W[r 0=0000000080000084][1] R[r 0=0000000000000000] R[r 0=0000000000000000] inst=[ff9ff06f] j       pc - 0x8
C0:       1571 [1] pc=[0000000080000078] W[r30=0000000080001078][1] R[r 0=0000000000000000] R[r 0=0000000000000000] inst=[00001f17] auipc   t5, 0x1
*** PASSED *** Completed after 73493 cycles
